2025-07-23 01:46:53,536 - INFO - setup_logging:51 - Logging initialized successfully
2025-07-23 01:46:53,537 - INFO - setup_logging:52 - Log file: logs\brightness_controller_20250723_014653.log
2025-07-23 01:46:53,537 - INFO - __init__:223 - Starting Optimized Brightness Controller
2025-07-23 01:46:53,537 - INFO - __init__:69 - SecurityManager initialized
2025-07-23 01:46:53,537 - INFO - detect_displays:94 - Detecting displays...
2025-07-23 01:46:54,351 - INFO - detect_displays:112 - Found laptop display via WMI
2025-07-23 01:46:54,351 - INFO - detect_displays:146 - Found 2 displays
2025-07-23 01:46:54,351 - INFO - __init__:155 - BrightnessController initialized
2025-07-23 01:46:54,715 - INFO - on_display_change:322 - Selected display: Laptop Display
2025-07-23 01:46:54,715 - INFO - __init__:240 - GUI initialized successfully
2025-07-23 01:46:54,729 - INFO - run:400 - Starting main GUI loop
2025-07-23 01:46:58,681 - INFO - set_brightness:204 - Set brightness 2: SUCCESS
2025-07-23 01:47:02,743 - INFO - set_brightness:204 - Set brightness 64: SUCCESS
2025-07-23 01:47:05,018 - INFO - set_brightness:204 - Set brightness 34: SUCCESS
2025-07-23 01:47:06,092 - INFO - set_brightness:204 - Set brightness 18: SUCCESS
2025-07-23 01:47:06,988 - INFO - set_brightness:204 - Set brightness 8: SUCCESS
2025-07-23 01:47:07,549 - INFO - set_brightness:204 - Set brightness 16: SUCCESS
2025-07-23 01:47:08,416 - INFO - set_brightness:204 - Set brightness 23: SUCCESS
2025-07-23 01:47:09,503 - INFO - set_brightness:204 - Set brightness 40: SUCCESS
2025-07-23 01:47:10,366 - INFO - set_brightness:204 - Set brightness 60: SUCCESS
2025-07-23 01:47:11,591 - INFO - set_brightness:204 - Set brightness 83: SUCCESS
2025-07-23 01:47:13,549 - INFO - set_brightness:204 - Set brightness 21: SUCCESS
2025-07-23 01:47:16,153 - INFO - set_brightness:204 - Set brightness 12: SUCCESS
2025-07-23 01:47:17,867 - INFO - set_brightness:204 - Set brightness 17: SUCCESS
2025-07-23 01:47:32,629 - INFO - set_brightness:204 - Set brightness 0: SUCCESS
2025-07-23 01:47:33,986 - INFO - run:409 - Application ended
