2025-07-23 01:41:25,106 - BrightnessController.BrightnessController - INFO - setup_component_logger:58 - Logger initialized for component: BrightnessController.BrightnessController
2025-07-23 01:41:25,106 - BrightnessController.BrightnessController - INFO - setup_component_logger:59 - Component log file: logs\BrightnessController.BrightnessController_20250723_014121.log
2025-07-23 01:41:25,107 - BrightnessController.BrightnessController - INFO - __init__:176 - Initializing BrightnessController
2025-07-23 01:41:25,109 - BrightnessController.BrightnessController.WMI - INFO - setup_component_logger:58 - Logger initialized for component: BrightnessController.BrightnessController.WMI
2025-07-23 01:41:25,109 - BrightnessController.BrightnessController.WMI - INFO - setup_component_logger:59 - Component log file: logs\BrightnessController.BrightnessController.WMI_20250723_014121.log
2025-07-23 01:41:25,113 - BrightnessController.BrightnessController.WMI - INFO - __init__:19 - WMI Brightness Controller initialized
2025-07-23 01:41:25,113 - BrightnessController.BrightnessController.DDC - INFO - setup_component_logger:58 - Logger initialized for component: BrightnessController.BrightnessController.DDC
2025-07-23 01:41:25,118 - BrightnessController.BrightnessController.DDC - INFO - setup_component_logger:59 - Component log file: logs\BrightnessController.BrightnessController.DDC_20250723_014121.log
2025-07-23 01:41:25,119 - BrightnessController.BrightnessController.DDC - INFO - __init__:133 - DDC Brightness Controller initialized
2025-07-23 01:41:25,121 - BrightnessController.BrightnessController.DDC - WARNING - __init__:134 - DDC/CI implementation is placeholder - requires hardware-specific implementation
2025-07-23 01:41:25,123 - BrightnessController.BrightnessController - INFO - __init__:188 - BrightnessController initialized with 2 controllers
2025-07-23 01:41:25,376 - BrightnessController.BrightnessController - DEBUG - get_brightness:200 - Getting brightness for display: {'name': 'Laptop Display 1', 'type': 'internal', 'method': 'wmi', 'instance': 'DISPLAY\\BOE06A7\\4&263963b&0&UID265988_0', 'supports_brightness_methods': True}
2025-07-23 01:41:25,378 - BrightnessController.BrightnessController - DEBUG - get_brightness:207 - Using method: wmi
2025-07-23 01:41:25,378 - BrightnessController.BrightnessController.WMI - DEBUG - get_brightness:23 - Getting WMI brightness for display: Laptop Display 1
2025-07-23 01:41:25,386 - BrightnessController.BrightnessController.WMI - DEBUG - get_brightness:39 - Executing PowerShell command: powershell -Command Get-WmiObject -Namespace root/WMI -Class WmiMonitorBrightness | Select-Object CurrentBrightness
2025-07-23 01:41:26,409 - BrightnessController.BrightnessController.WMI - DEBUG - get_brightness:42 - Get brightness return code: 0
2025-07-23 01:41:26,411 - BrightnessController.BrightnessController.WMI - DEBUG - get_brightness:43 - Get brightness stdout: 
CurrentBrightness
-----------------
               25



2025-07-23 01:41:26,411 - BrightnessController.BrightnessController.WMI - DEBUG - get_brightness:44 - Get brightness stderr: 
2025-07-23 01:41:26,411 - BrightnessController.BrightnessController.WMI - DEBUG - get_brightness:48 - Processing 3 output lines
2025-07-23 01:41:26,411 - BrightnessController.BrightnessController.WMI - DEBUG - get_brightness:51 - Line 0: 'CurrentBrightness'
2025-07-23 01:41:26,411 - BrightnessController.BrightnessController.WMI - DEBUG - get_brightness:51 - Line 1: '-----------------'
2025-07-23 01:41:26,411 - BrightnessController.BrightnessController.WMI - DEBUG - get_brightness:51 - Line 2: '25'
2025-07-23 01:41:26,411 - BrightnessController.BrightnessController.WMI - INFO - get_brightness:57 - Current WMI brightness: 25
2025-07-23 01:41:26,411 - BrightnessController.BrightnessController - INFO - get_brightness:216 - Got brightness 25 for display Laptop Display 1 using method wmi
2025-07-23 01:41:27,758 - BrightnessController.BrightnessController - INFO - set_brightness:234 - Setting brightness to 23 for display: {'name': 'Laptop Display 1', 'type': 'internal', 'method': 'wmi', 'instance': 'DISPLAY\\BOE06A7\\4&263963b&0&UID265988_0', 'supports_brightness_methods': True}
2025-07-23 01:41:27,760 - BrightnessController.BrightnessController - DEBUG - set_brightness:252 - Using method: wmi
2025-07-23 01:41:27,760 - BrightnessController.BrightnessController.WMI - INFO - set_brightness:84 - Setting WMI brightness to 23 for display: Laptop Display 1
2025-07-23 01:41:27,765 - BrightnessController.BrightnessController.WMI - DEBUG - set_brightness:104 - Executing PowerShell command: powershell -Command (Get-WmiObject -Namespace root/WMI -Class WmiMonitorBrightnessMethods).WmiSetBrightness(1,23)
2025-07-23 01:41:27,784 - BrightnessController.BrightnessController - INFO - set_brightness:234 - Setting brightness to 22 for display: {'name': 'Laptop Display 1', 'type': 'internal', 'method': 'wmi', 'instance': 'DISPLAY\\BOE06A7\\4&263963b&0&UID265988_0', 'supports_brightness_methods': True}
2025-07-23 01:41:27,786 - BrightnessController.BrightnessController - DEBUG - set_brightness:252 - Using method: wmi
2025-07-23 01:41:27,787 - BrightnessController.BrightnessController.WMI - INFO - set_brightness:84 - Setting WMI brightness to 22 for display: Laptop Display 1
2025-07-23 01:41:27,798 - BrightnessController.BrightnessController.WMI - DEBUG - set_brightness:104 - Executing PowerShell command: powershell -Command (Get-WmiObject -Namespace root/WMI -Class WmiMonitorBrightnessMethods).WmiSetBrightness(1,22)
2025-07-23 01:41:27,815 - BrightnessController.BrightnessController - INFO - set_brightness:234 - Setting brightness to 22 for display: {'name': 'Laptop Display 1', 'type': 'internal', 'method': 'wmi', 'instance': 'DISPLAY\\BOE06A7\\4&263963b&0&UID265988_0', 'supports_brightness_methods': True}
2025-07-23 01:41:27,815 - BrightnessController.BrightnessController - DEBUG - set_brightness:252 - Using method: wmi
2025-07-23 01:41:27,818 - BrightnessController.BrightnessController.WMI - INFO - set_brightness:84 - Setting WMI brightness to 22 for display: Laptop Display 1
2025-07-23 01:41:27,825 - BrightnessController.BrightnessController.WMI - DEBUG - set_brightness:104 - Executing PowerShell command: powershell -Command (Get-WmiObject -Namespace root/WMI -Class WmiMonitorBrightnessMethods).WmiSetBrightness(1,22)
2025-07-23 01:41:27,840 - BrightnessController.BrightnessController - INFO - set_brightness:234 - Setting brightness to 21 for display: {'name': 'Laptop Display 1', 'type': 'internal', 'method': 'wmi', 'instance': 'DISPLAY\\BOE06A7\\4&263963b&0&UID265988_0', 'supports_brightness_methods': True}
2025-07-23 01:41:27,846 - BrightnessController.BrightnessController - DEBUG - set_brightness:252 - Using method: wmi
2025-07-23 01:41:27,848 - BrightnessController.BrightnessController.WMI - INFO - set_brightness:84 - Setting WMI brightness to 21 for display: Laptop Display 1
2025-07-23 01:41:27,850 - BrightnessController.BrightnessController.WMI - DEBUG - set_brightness:104 - Executing PowerShell command: powershell -Command (Get-WmiObject -Namespace root/WMI -Class WmiMonitorBrightnessMethods).WmiSetBrightness(1,21)
2025-07-23 01:41:27,870 - BrightnessController.BrightnessController - INFO - set_brightness:234 - Setting brightness to 21 for display: {'name': 'Laptop Display 1', 'type': 'internal', 'method': 'wmi', 'instance': 'DISPLAY\\BOE06A7\\4&263963b&0&UID265988_0', 'supports_brightness_methods': True}
2025-07-23 01:41:27,877 - BrightnessController.BrightnessController - DEBUG - set_brightness:252 - Using method: wmi
2025-07-23 01:41:27,877 - BrightnessController.BrightnessController.WMI - INFO - set_brightness:84 - Setting WMI brightness to 21 for display: Laptop Display 1
2025-07-23 01:41:27,890 - BrightnessController.BrightnessController - INFO - set_brightness:234 - Setting brightness to 21 for display: {'name': 'Laptop Display 1', 'type': 'internal', 'method': 'wmi', 'instance': 'DISPLAY\\BOE06A7\\4&263963b&0&UID265988_0', 'supports_brightness_methods': True}
2025-07-23 01:41:27,904 - BrightnessController.BrightnessController.WMI - DEBUG - set_brightness:104 - Executing PowerShell command: powershell -Command (Get-WmiObject -Namespace root/WMI -Class WmiMonitorBrightnessMethods).WmiSetBrightness(1,21)
2025-07-23 01:41:27,908 - BrightnessController.BrightnessController - DEBUG - set_brightness:252 - Using method: wmi
2025-07-23 01:41:27,922 - BrightnessController.BrightnessController - INFO - set_brightness:234 - Setting brightness to 20 for display: {'name': 'Laptop Display 1', 'type': 'internal', 'method': 'wmi', 'instance': 'DISPLAY\\BOE06A7\\4&263963b&0&UID265988_0', 'supports_brightness_methods': True}
2025-07-23 01:41:27,910 - BrightnessController.BrightnessController.WMI - INFO - set_brightness:84 - Setting WMI brightness to 21 for display: Laptop Display 1
2025-07-23 01:41:27,932 - BrightnessController.BrightnessController - DEBUG - set_brightness:252 - Using method: wmi
2025-07-23 01:41:27,934 - BrightnessController.BrightnessController - INFO - set_brightness:234 - Setting brightness to 20 for display: {'name': 'Laptop Display 1', 'type': 'internal', 'method': 'wmi', 'instance': 'DISPLAY\\BOE06A7\\4&263963b&0&UID265988_0', 'supports_brightness_methods': True}
2025-07-23 01:41:27,934 - BrightnessController.BrightnessController.WMI - INFO - set_brightness:84 - Setting WMI brightness to 20 for display: Laptop Display 1
2025-07-23 01:41:27,938 - BrightnessController.BrightnessController - DEBUG - set_brightness:252 - Using method: wmi
2025-07-23 01:41:27,938 - BrightnessController.BrightnessController.WMI - INFO - set_brightness:84 - Setting WMI brightness to 20 for display: Laptop Display 1
2025-07-23 01:41:27,944 - BrightnessController.BrightnessController.WMI - DEBUG - set_brightness:104 - Executing PowerShell command: powershell -Command (Get-WmiObject -Namespace root/WMI -Class WmiMonitorBrightnessMethods).WmiSetBrightness(1,21)
2025-07-23 01:41:27,950 - BrightnessController.BrightnessController.WMI - DEBUG - set_brightness:104 - Executing PowerShell command: powershell -Command (Get-WmiObject -Namespace root/WMI -Class WmiMonitorBrightnessMethods).WmiSetBrightness(1,20)
2025-07-23 01:41:27,952 - BrightnessController.BrightnessController - INFO - set_brightness:234 - Setting brightness to 20 for display: {'name': 'Laptop Display 1', 'type': 'internal', 'method': 'wmi', 'instance': 'DISPLAY\\BOE06A7\\4&263963b&0&UID265988_0', 'supports_brightness_methods': True}
2025-07-23 01:41:27,959 - BrightnessController.BrightnessController.WMI - DEBUG - set_brightness:104 - Executing PowerShell command: powershell -Command (Get-WmiObject -Namespace root/WMI -Class WmiMonitorBrightnessMethods).WmiSetBrightness(1,20)
2025-07-23 01:41:27,961 - BrightnessController.BrightnessController - DEBUG - set_brightness:252 - Using method: wmi
2025-07-23 01:41:27,961 - BrightnessController.BrightnessController.WMI - INFO - set_brightness:84 - Setting WMI brightness to 20 for display: Laptop Display 1
2025-07-23 01:41:27,968 - BrightnessController.BrightnessController.WMI - DEBUG - set_brightness:104 - Executing PowerShell command: powershell -Command (Get-WmiObject -Namespace root/WMI -Class WmiMonitorBrightnessMethods).WmiSetBrightness(1,20)
2025-07-23 01:41:28,029 - BrightnessController.BrightnessController - INFO - set_brightness:234 - Setting brightness to 19 for display: {'name': 'Laptop Display 1', 'type': 'internal', 'method': 'wmi', 'instance': 'DISPLAY\\BOE06A7\\4&263963b&0&UID265988_0', 'supports_brightness_methods': True}
2025-07-23 01:41:28,038 - BrightnessController.BrightnessController - DEBUG - set_brightness:252 - Using method: wmi
2025-07-23 01:41:28,045 - BrightnessController.BrightnessController - INFO - set_brightness:234 - Setting brightness to 19 for display: {'name': 'Laptop Display 1', 'type': 'internal', 'method': 'wmi', 'instance': 'DISPLAY\\BOE06A7\\4&263963b&0&UID265988_0', 'supports_brightness_methods': True}
2025-07-23 01:41:28,053 - BrightnessController.BrightnessController - DEBUG - set_brightness:252 - Using method: wmi
2025-07-23 01:41:28,039 - BrightnessController.BrightnessController.WMI - INFO - set_brightness:84 - Setting WMI brightness to 19 for display: Laptop Display 1
2025-07-23 01:41:28,053 - BrightnessController.BrightnessController.WMI - INFO - set_brightness:84 - Setting WMI brightness to 19 for display: Laptop Display 1
2025-07-23 01:41:28,096 - BrightnessController.BrightnessController.WMI - DEBUG - set_brightness:104 - Executing PowerShell command: powershell -Command (Get-WmiObject -Namespace root/WMI -Class WmiMonitorBrightnessMethods).WmiSetBrightness(1,19)
2025-07-23 01:41:28,110 - BrightnessController.BrightnessController.WMI - DEBUG - set_brightness:104 - Executing PowerShell command: powershell -Command (Get-WmiObject -Namespace root/WMI -Class WmiMonitorBrightnessMethods).WmiSetBrightness(1,19)
2025-07-23 01:41:28,096 - BrightnessController.BrightnessController - INFO - set_brightness:234 - Setting brightness to 19 for display: {'name': 'Laptop Display 1', 'type': 'internal', 'method': 'wmi', 'instance': 'DISPLAY\\BOE06A7\\4&263963b&0&UID265988_0', 'supports_brightness_methods': True}
2025-07-23 01:41:28,132 - BrightnessController.BrightnessController - DEBUG - set_brightness:252 - Using method: wmi
2025-07-23 01:41:28,132 - BrightnessController.BrightnessController - INFO - set_brightness:234 - Setting brightness to 18 for display: {'name': 'Laptop Display 1', 'type': 'internal', 'method': 'wmi', 'instance': 'DISPLAY\\BOE06A7\\4&263963b&0&UID265988_0', 'supports_brightness_methods': True}
2025-07-23 01:41:28,182 - BrightnessController.BrightnessController - DEBUG - set_brightness:252 - Using method: wmi
2025-07-23 01:41:28,157 - BrightnessController.BrightnessController - INFO - set_brightness:234 - Setting brightness to 18 for display: {'name': 'Laptop Display 1', 'type': 'internal', 'method': 'wmi', 'instance': 'DISPLAY\\BOE06A7\\4&263963b&0&UID265988_0', 'supports_brightness_methods': True}
2025-07-23 01:41:28,211 - BrightnessController.BrightnessController - DEBUG - set_brightness:252 - Using method: wmi
2025-07-23 01:41:28,132 - BrightnessController.BrightnessController.WMI - INFO - set_brightness:84 - Setting WMI brightness to 19 for display: Laptop Display 1
2025-07-23 01:41:28,182 - BrightnessController.BrightnessController - INFO - set_brightness:234 - Setting brightness to 17 for display: {'name': 'Laptop Display 1', 'type': 'internal', 'method': 'wmi', 'instance': 'DISPLAY\\BOE06A7\\4&263963b&0&UID265988_0', 'supports_brightness_methods': True}
2025-07-23 01:41:28,265 - BrightnessController.BrightnessController - DEBUG - set_brightness:252 - Using method: wmi
2025-07-23 01:41:28,279 - BrightnessController.BrightnessController.WMI - DEBUG - set_brightness:104 - Executing PowerShell command: powershell -Command (Get-WmiObject -Namespace root/WMI -Class WmiMonitorBrightnessMethods).WmiSetBrightness(1,19)
2025-07-23 01:41:28,182 - BrightnessController.BrightnessController.WMI - INFO - set_brightness:84 - Setting WMI brightness to 18 for display: Laptop Display 1
2025-07-23 01:41:28,217 - BrightnessController.BrightnessController - INFO - set_brightness:234 - Setting brightness to 17 for display: {'name': 'Laptop Display 1', 'type': 'internal', 'method': 'wmi', 'instance': 'DISPLAY\\BOE06A7\\4&263963b&0&UID265988_0', 'supports_brightness_methods': True}
2025-07-23 01:41:28,305 - BrightnessController.BrightnessController - DEBUG - set_brightness:252 - Using method: wmi
2025-07-23 01:41:28,211 - BrightnessController.BrightnessController.WMI - INFO - set_brightness:84 - Setting WMI brightness to 18 for display: Laptop Display 1
2025-07-23 01:41:28,355 - BrightnessController.BrightnessController.WMI - DEBUG - set_brightness:104 - Executing PowerShell command: powershell -Command (Get-WmiObject -Namespace root/WMI -Class WmiMonitorBrightnessMethods).WmiSetBrightness(1,18)
2025-07-23 01:41:28,245 - BrightnessController.BrightnessController - INFO - set_brightness:234 - Setting brightness to 16 for display: {'name': 'Laptop Display 1', 'type': 'internal', 'method': 'wmi', 'instance': 'DISPLAY\\BOE06A7\\4&263963b&0&UID265988_0', 'supports_brightness_methods': True}
2025-07-23 01:41:28,363 - BrightnessController.BrightnessController - DEBUG - set_brightness:252 - Using method: wmi
2025-07-23 01:41:28,281 - BrightnessController.BrightnessController - INFO - set_brightness:234 - Setting brightness to 16 for display: {'name': 'Laptop Display 1', 'type': 'internal', 'method': 'wmi', 'instance': 'DISPLAY\\BOE06A7\\4&263963b&0&UID265988_0', 'supports_brightness_methods': True}
2025-07-23 01:41:28,376 - BrightnessController.BrightnessController - DEBUG - set_brightness:252 - Using method: wmi
2025-07-23 01:41:28,266 - BrightnessController.BrightnessController.WMI - INFO - set_brightness:84 - Setting WMI brightness to 17 for display: Laptop Display 1
2025-07-23 01:41:28,378 - BrightnessController.BrightnessController.WMI - DEBUG - set_brightness:104 - Executing PowerShell command: powershell -Command (Get-WmiObject -Namespace root/WMI -Class WmiMonitorBrightnessMethods).WmiSetBrightness(1,18)
2025-07-23 01:41:28,355 - BrightnessController.BrightnessController - INFO - set_brightness:234 - Setting brightness to 16 for display: {'name': 'Laptop Display 1', 'type': 'internal', 'method': 'wmi', 'instance': 'DISPLAY\\BOE06A7\\4&263963b&0&UID265988_0', 'supports_brightness_methods': True}
2025-07-23 01:41:28,306 - BrightnessController.BrightnessController.WMI - INFO - set_brightness:84 - Setting WMI brightness to 17 for display: Laptop Display 1
2025-07-23 01:41:28,384 - BrightnessController.BrightnessController - DEBUG - set_brightness:252 - Using method: wmi
2025-07-23 01:41:28,363 - BrightnessController.BrightnessController - INFO - set_brightness:234 - Setting brightness to 15 for display: {'name': 'Laptop Display 1', 'type': 'internal', 'method': 'wmi', 'instance': 'DISPLAY\\BOE06A7\\4&263963b&0&UID265988_0', 'supports_brightness_methods': True}
2025-07-23 01:41:28,363 - BrightnessController.BrightnessController.WMI - INFO - set_brightness:84 - Setting WMI brightness to 16 for display: Laptop Display 1
2025-07-23 01:41:28,394 - BrightnessController.BrightnessController - DEBUG - set_brightness:252 - Using method: wmi
2025-07-23 01:41:28,380 - BrightnessController.BrightnessController - INFO - set_brightness:234 - Setting brightness to 15 for display: {'name': 'Laptop Display 1', 'type': 'internal', 'method': 'wmi', 'instance': 'DISPLAY\\BOE06A7\\4&263963b&0&UID265988_0', 'supports_brightness_methods': True}
2025-07-23 01:41:28,399 - BrightnessController.BrightnessController - DEBUG - set_brightness:252 - Using method: wmi
2025-07-23 01:41:28,378 - BrightnessController.BrightnessController.WMI - INFO - set_brightness:84 - Setting WMI brightness to 16 for display: Laptop Display 1
2025-07-23 01:41:28,401 - BrightnessController.BrightnessController.WMI - DEBUG - set_brightness:104 - Executing PowerShell command: powershell -Command (Get-WmiObject -Namespace root/WMI -Class WmiMonitorBrightnessMethods).WmiSetBrightness(1,17)
2025-07-23 01:41:28,386 - BrightnessController.BrightnessController - INFO - set_brightness:234 - Setting brightness to 14 for display: {'name': 'Laptop Display 1', 'type': 'internal', 'method': 'wmi', 'instance': 'DISPLAY\\BOE06A7\\4&263963b&0&UID265988_0', 'supports_brightness_methods': True}
2025-07-23 01:41:28,405 - BrightnessController.BrightnessController.WMI - DEBUG - set_brightness:104 - Executing PowerShell command: powershell -Command (Get-WmiObject -Namespace root/WMI -Class WmiMonitorBrightnessMethods).WmiSetBrightness(1,17)
2025-07-23 01:41:28,390 - BrightnessController.BrightnessController - INFO - set_brightness:234 - Setting brightness to 14 for display: {'name': 'Laptop Display 1', 'type': 'internal', 'method': 'wmi', 'instance': 'DISPLAY\\BOE06A7\\4&263963b&0&UID265988_0', 'supports_brightness_methods': True}
2025-07-23 01:41:28,407 - BrightnessController.BrightnessController - DEBUG - set_brightness:252 - Using method: wmi
2025-07-23 01:41:28,407 - BrightnessController.BrightnessController.WMI - DEBUG - set_brightness:104 - Executing PowerShell command: powershell -Command (Get-WmiObject -Namespace root/WMI -Class WmiMonitorBrightnessMethods).WmiSetBrightness(1,16)
2025-07-23 01:41:28,387 - BrightnessController.BrightnessController.WMI - INFO - set_brightness:84 - Setting WMI brightness to 16 for display: Laptop Display 1
2025-07-23 01:41:28,411 - BrightnessController.BrightnessController - DEBUG - set_brightness:252 - Using method: wmi
2025-07-23 01:41:28,399 - BrightnessController.BrightnessController - INFO - set_brightness:234 - Setting brightness to 14 for display: {'name': 'Laptop Display 1', 'type': 'internal', 'method': 'wmi', 'instance': 'DISPLAY\\BOE06A7\\4&263963b&0&UID265988_0', 'supports_brightness_methods': True}
2025-07-23 01:41:28,415 - BrightnessController.BrightnessController - DEBUG - set_brightness:252 - Using method: wmi
2025-07-23 01:41:28,395 - BrightnessController.BrightnessController.WMI - INFO - set_brightness:84 - Setting WMI brightness to 15 for display: Laptop Display 1
2025-07-23 01:41:28,419 - BrightnessController.BrightnessController.WMI - DEBUG - set_brightness:104 - Executing PowerShell command: powershell -Command (Get-WmiObject -Namespace root/WMI -Class WmiMonitorBrightnessMethods).WmiSetBrightness(1,16)
2025-07-23 01:41:28,427 - BrightnessController.BrightnessController.WMI - DEBUG - set_brightness:104 - Executing PowerShell command: powershell -Command (Get-WmiObject -Namespace root/WMI -Class WmiMonitorBrightnessMethods).WmiSetBrightness(1,16)
2025-07-23 01:41:28,441 - BrightnessController.BrightnessController.WMI - DEBUG - set_brightness:104 - Executing PowerShell command: powershell -Command (Get-WmiObject -Namespace root/WMI -Class WmiMonitorBrightnessMethods).WmiSetBrightness(1,15)
2025-07-23 01:41:28,399 - BrightnessController.BrightnessController.WMI - INFO - set_brightness:84 - Setting WMI brightness to 15 for display: Laptop Display 1
2025-07-23 01:41:28,409 - BrightnessController.BrightnessController.WMI - INFO - set_brightness:84 - Setting WMI brightness to 14 for display: Laptop Display 1
2025-07-23 01:41:28,413 - BrightnessController.BrightnessController.WMI - INFO - set_brightness:84 - Setting WMI brightness to 14 for display: Laptop Display 1
2025-07-23 01:41:28,417 - BrightnessController.BrightnessController.WMI - INFO - set_brightness:84 - Setting WMI brightness to 14 for display: Laptop Display 1
2025-07-23 01:41:28,463 - BrightnessController.BrightnessController.WMI - DEBUG - set_brightness:104 - Executing PowerShell command: powershell -Command (Get-WmiObject -Namespace root/WMI -Class WmiMonitorBrightnessMethods).WmiSetBrightness(1,15)
2025-07-23 01:41:28,465 - BrightnessController.BrightnessController.WMI - DEBUG - set_brightness:104 - Executing PowerShell command: powershell -Command (Get-WmiObject -Namespace root/WMI -Class WmiMonitorBrightnessMethods).WmiSetBrightness(1,14)
2025-07-23 01:41:28,455 - BrightnessController.BrightnessController - INFO - set_brightness:234 - Setting brightness to 13 for display: {'name': 'Laptop Display 1', 'type': 'internal', 'method': 'wmi', 'instance': 'DISPLAY\\BOE06A7\\4&263963b&0&UID265988_0', 'supports_brightness_methods': True}
2025-07-23 01:41:28,459 - BrightnessController.BrightnessController - INFO - set_brightness:234 - Setting brightness to 13 for display: {'name': 'Laptop Display 1', 'type': 'internal', 'method': 'wmi', 'instance': 'DISPLAY\\BOE06A7\\4&263963b&0&UID265988_0', 'supports_brightness_methods': True}
2025-07-23 01:41:28,476 - BrightnessController.BrightnessController - DEBUG - set_brightness:252 - Using method: wmi
2025-07-23 01:41:28,476 - BrightnessController.BrightnessController - DEBUG - set_brightness:252 - Using method: wmi
2025-07-23 01:41:28,479 - BrightnessController.BrightnessController.WMI - DEBUG - set_brightness:104 - Executing PowerShell command: powershell -Command (Get-WmiObject -Namespace root/WMI -Class WmiMonitorBrightnessMethods).WmiSetBrightness(1,14)
2025-07-23 01:41:28,475 - BrightnessController.BrightnessController - INFO - set_brightness:234 - Setting brightness to 13 for display: {'name': 'Laptop Display 1', 'type': 'internal', 'method': 'wmi', 'instance': 'DISPLAY\\BOE06A7\\4&263963b&0&UID265988_0', 'supports_brightness_methods': True}
2025-07-23 01:41:28,481 - BrightnessController.BrightnessController - DEBUG - set_brightness:252 - Using method: wmi
2025-07-23 01:41:28,485 - BrightnessController.BrightnessController.WMI - DEBUG - set_brightness:104 - Executing PowerShell command: powershell -Command (Get-WmiObject -Namespace root/WMI -Class WmiMonitorBrightnessMethods).WmiSetBrightness(1,14)
2025-07-23 01:41:28,476 - BrightnessController.BrightnessController.WMI - INFO - set_brightness:84 - Setting WMI brightness to 13 for display: Laptop Display 1
2025-07-23 01:41:28,488 - BrightnessController.BrightnessController - INFO - set_brightness:234 - Setting brightness to 12 for display: {'name': 'Laptop Display 1', 'type': 'internal', 'method': 'wmi', 'instance': 'DISPLAY\\BOE06A7\\4&263963b&0&UID265988_0', 'supports_brightness_methods': True}
2025-07-23 01:41:28,501 - BrightnessController.BrightnessController - DEBUG - set_brightness:252 - Using method: wmi
2025-07-23 01:41:28,502 - BrightnessController.BrightnessController.WMI - DEBUG - set_brightness:104 - Executing PowerShell command: powershell -Command (Get-WmiObject -Namespace root/WMI -Class WmiMonitorBrightnessMethods).WmiSetBrightness(1,13)
2025-07-23 01:41:28,476 - BrightnessController.BrightnessController.WMI - INFO - set_brightness:84 - Setting WMI brightness to 13 for display: Laptop Display 1
2025-07-23 01:41:28,481 - BrightnessController.BrightnessController.WMI - INFO - set_brightness:84 - Setting WMI brightness to 13 for display: Laptop Display 1
2025-07-23 01:41:28,508 - BrightnessController.BrightnessController - INFO - set_brightness:234 - Setting brightness to 12 for display: {'name': 'Laptop Display 1', 'type': 'internal', 'method': 'wmi', 'instance': 'DISPLAY\\BOE06A7\\4&263963b&0&UID265988_0', 'supports_brightness_methods': True}
2025-07-23 01:41:28,519 - BrightnessController.BrightnessController - DEBUG - set_brightness:252 - Using method: wmi
2025-07-23 01:41:28,521 - BrightnessController.BrightnessController.WMI - DEBUG - set_brightness:104 - Executing PowerShell command: powershell -Command (Get-WmiObject -Namespace root/WMI -Class WmiMonitorBrightnessMethods).WmiSetBrightness(1,13)
2025-07-23 01:41:28,502 - BrightnessController.BrightnessController.WMI - INFO - set_brightness:84 - Setting WMI brightness to 12 for display: Laptop Display 1
2025-07-23 01:41:28,528 - BrightnessController.BrightnessController.WMI - DEBUG - set_brightness:104 - Executing PowerShell command: powershell -Command (Get-WmiObject -Namespace root/WMI -Class WmiMonitorBrightnessMethods).WmiSetBrightness(1,13)
2025-07-23 01:41:28,524 - BrightnessController.BrightnessController - INFO - set_brightness:234 - Setting brightness to 12 for display: {'name': 'Laptop Display 1', 'type': 'internal', 'method': 'wmi', 'instance': 'DISPLAY\\BOE06A7\\4&263963b&0&UID265988_0', 'supports_brightness_methods': True}
2025-07-23 01:41:28,521 - BrightnessController.BrightnessController.WMI - INFO - set_brightness:84 - Setting WMI brightness to 12 for display: Laptop Display 1
2025-07-23 01:41:28,532 - BrightnessController.BrightnessController - INFO - set_brightness:234 - Setting brightness to 11 for display: {'name': 'Laptop Display 1', 'type': 'internal', 'method': 'wmi', 'instance': 'DISPLAY\\BOE06A7\\4&263963b&0&UID265988_0', 'supports_brightness_methods': True}
2025-07-23 01:41:28,534 - BrightnessController.BrightnessController - DEBUG - set_brightness:252 - Using method: wmi
2025-07-23 01:41:28,534 - BrightnessController.BrightnessController.WMI - INFO - set_brightness:84 - Setting WMI brightness to 12 for display: Laptop Display 1
2025-07-23 01:41:28,538 - BrightnessController.BrightnessController - DEBUG - set_brightness:252 - Using method: wmi
2025-07-23 01:41:28,542 - BrightnessController.BrightnessController.WMI - DEBUG - set_brightness:104 - Executing PowerShell command: powershell -Command (Get-WmiObject -Namespace root/WMI -Class WmiMonitorBrightnessMethods).WmiSetBrightness(1,12)
2025-07-23 01:41:28,538 - BrightnessController.BrightnessController.WMI - INFO - set_brightness:84 - Setting WMI brightness to 11 for display: Laptop Display 1
2025-07-23 01:41:28,548 - BrightnessController.BrightnessController.WMI - DEBUG - set_brightness:104 - Executing PowerShell command: powershell -Command (Get-WmiObject -Namespace root/WMI -Class WmiMonitorBrightnessMethods).WmiSetBrightness(1,12)
2025-07-23 01:41:28,553 - BrightnessController.BrightnessController.WMI - DEBUG - set_brightness:104 - Executing PowerShell command: powershell -Command (Get-WmiObject -Namespace root/WMI -Class WmiMonitorBrightnessMethods).WmiSetBrightness(1,12)
2025-07-23 01:41:28,560 - BrightnessController.BrightnessController.WMI - DEBUG - set_brightness:104 - Executing PowerShell command: powershell -Command (Get-WmiObject -Namespace root/WMI -Class WmiMonitorBrightnessMethods).WmiSetBrightness(1,11)
2025-07-23 01:41:28,581 - BrightnessController.BrightnessController - INFO - set_brightness:234 - Setting brightness to 11 for display: {'name': 'Laptop Display 1', 'type': 'internal', 'method': 'wmi', 'instance': 'DISPLAY\\BOE06A7\\4&263963b&0&UID265988_0', 'supports_brightness_methods': True}
2025-07-23 01:41:28,583 - BrightnessController.BrightnessController - DEBUG - set_brightness:252 - Using method: wmi
2025-07-23 01:41:28,585 - BrightnessController.BrightnessController.WMI - INFO - set_brightness:84 - Setting WMI brightness to 11 for display: Laptop Display 1
2025-07-23 01:41:28,592 - BrightnessController.BrightnessController - INFO - set_brightness:234 - Setting brightness to 11 for display: {'name': 'Laptop Display 1', 'type': 'internal', 'method': 'wmi', 'instance': 'DISPLAY\\BOE06A7\\4&263963b&0&UID265988_0', 'supports_brightness_methods': True}
2025-07-23 01:41:28,593 - BrightnessController.BrightnessController - DEBUG - set_brightness:252 - Using method: wmi
2025-07-23 01:41:28,596 - BrightnessController.BrightnessController.WMI - DEBUG - set_brightness:104 - Executing PowerShell command: powershell -Command (Get-WmiObject -Namespace root/WMI -Class WmiMonitorBrightnessMethods).WmiSetBrightness(1,11)
2025-07-23 01:41:28,593 - BrightnessController.BrightnessController.WMI - INFO - set_brightness:84 - Setting WMI brightness to 11 for display: Laptop Display 1
2025-07-23 01:41:28,608 - BrightnessController.BrightnessController - INFO - set_brightness:234 - Setting brightness to 11 for display: {'name': 'Laptop Display 1', 'type': 'internal', 'method': 'wmi', 'instance': 'DISPLAY\\BOE06A7\\4&263963b&0&UID265988_0', 'supports_brightness_methods': True}
2025-07-23 01:41:28,615 - BrightnessController.BrightnessController - DEBUG - set_brightness:252 - Using method: wmi
2025-07-23 01:41:28,615 - BrightnessController.BrightnessController.WMI - INFO - set_brightness:84 - Setting WMI brightness to 11 for display: Laptop Display 1
2025-07-23 01:41:28,624 - BrightnessController.BrightnessController.WMI - DEBUG - set_brightness:104 - Executing PowerShell command: powershell -Command (Get-WmiObject -Namespace root/WMI -Class WmiMonitorBrightnessMethods).WmiSetBrightness(1,11)
2025-07-23 01:41:28,624 - BrightnessController.BrightnessController - INFO - set_brightness:234 - Setting brightness to 11 for display: {'name': 'Laptop Display 1', 'type': 'internal', 'method': 'wmi', 'instance': 'DISPLAY\\BOE06A7\\4&263963b&0&UID265988_0', 'supports_brightness_methods': True}
2025-07-23 01:41:28,708 - BrightnessController.BrightnessController - DEBUG - set_brightness:252 - Using method: wmi
2025-07-23 01:41:28,742 - BrightnessController.BrightnessController.WMI - DEBUG - set_brightness:104 - Executing PowerShell command: powershell -Command (Get-WmiObject -Namespace root/WMI -Class WmiMonitorBrightnessMethods).WmiSetBrightness(1,11)
2025-07-23 01:41:28,742 - BrightnessController.BrightnessController - INFO - set_brightness:234 - Setting brightness to 10 for display: {'name': 'Laptop Display 1', 'type': 'internal', 'method': 'wmi', 'instance': 'DISPLAY\\BOE06A7\\4&263963b&0&UID265988_0', 'supports_brightness_methods': True}
2025-07-23 01:41:28,758 - BrightnessController.BrightnessController - DEBUG - set_brightness:252 - Using method: wmi
2025-07-23 01:41:28,708 - BrightnessController.BrightnessController.WMI - INFO - set_brightness:84 - Setting WMI brightness to 11 for display: Laptop Display 1
2025-07-23 01:41:28,758 - BrightnessController.BrightnessController.WMI - INFO - set_brightness:84 - Setting WMI brightness to 10 for display: Laptop Display 1
2025-07-23 01:41:28,860 - BrightnessController.BrightnessController.WMI - DEBUG - set_brightness:104 - Executing PowerShell command: powershell -Command (Get-WmiObject -Namespace root/WMI -Class WmiMonitorBrightnessMethods).WmiSetBrightness(1,11)
2025-07-23 01:41:28,900 - BrightnessController.BrightnessController.WMI - DEBUG - set_brightness:104 - Executing PowerShell command: powershell -Command (Get-WmiObject -Namespace root/WMI -Class WmiMonitorBrightnessMethods).WmiSetBrightness(1,10)
2025-07-23 01:41:28,900 - BrightnessController.BrightnessController - INFO - set_brightness:234 - Setting brightness to 9 for display: {'name': 'Laptop Display 1', 'type': 'internal', 'method': 'wmi', 'instance': 'DISPLAY\\BOE06A7\\4&263963b&0&UID265988_0', 'supports_brightness_methods': True}
2025-07-23 01:41:28,904 - BrightnessController.BrightnessController - DEBUG - set_brightness:252 - Using method: wmi
2025-07-23 01:41:28,904 - BrightnessController.BrightnessController.WMI - INFO - set_brightness:84 - Setting WMI brightness to 9 for display: Laptop Display 1
2025-07-23 01:41:28,930 - BrightnessController.BrightnessController.WMI - DEBUG - set_brightness:104 - Executing PowerShell command: powershell -Command (Get-WmiObject -Namespace root/WMI -Class WmiMonitorBrightnessMethods).WmiSetBrightness(1,9)
2025-07-23 01:41:28,936 - BrightnessController.BrightnessController - INFO - set_brightness:234 - Setting brightness to 8 for display: {'name': 'Laptop Display 1', 'type': 'internal', 'method': 'wmi', 'instance': 'DISPLAY\\BOE06A7\\4&263963b&0&UID265988_0', 'supports_brightness_methods': True}
2025-07-23 01:41:28,938 - BrightnessController.BrightnessController - DEBUG - set_brightness:252 - Using method: wmi
2025-07-23 01:41:28,938 - BrightnessController.BrightnessController.WMI - INFO - set_brightness:84 - Setting WMI brightness to 8 for display: Laptop Display 1
2025-07-23 01:41:28,946 - BrightnessController.BrightnessController.WMI - DEBUG - set_brightness:104 - Executing PowerShell command: powershell -Command (Get-WmiObject -Namespace root/WMI -Class WmiMonitorBrightnessMethods).WmiSetBrightness(1,8)
2025-07-23 01:41:29,032 - BrightnessController.BrightnessController - INFO - set_brightness:234 - Setting brightness to 8 for display: {'name': 'Laptop Display 1', 'type': 'internal', 'method': 'wmi', 'instance': 'DISPLAY\\BOE06A7\\4&263963b&0&UID265988_0', 'supports_brightness_methods': True}
2025-07-23 01:41:29,035 - BrightnessController.BrightnessController - DEBUG - set_brightness:252 - Using method: wmi
2025-07-23 01:41:29,035 - BrightnessController.BrightnessController.WMI - INFO - set_brightness:84 - Setting WMI brightness to 8 for display: Laptop Display 1
2025-07-23 01:41:29,039 - BrightnessController.BrightnessController.WMI - DEBUG - set_brightness:104 - Executing PowerShell command: powershell -Command (Get-WmiObject -Namespace root/WMI -Class WmiMonitorBrightnessMethods).WmiSetBrightness(1,8)
2025-07-23 01:41:29,059 - BrightnessController.BrightnessController - INFO - set_brightness:234 - Setting brightness to 8 for display: {'name': 'Laptop Display 1', 'type': 'internal', 'method': 'wmi', 'instance': 'DISPLAY\\BOE06A7\\4&263963b&0&UID265988_0', 'supports_brightness_methods': True}
2025-07-23 01:41:29,063 - BrightnessController.BrightnessController - DEBUG - set_brightness:252 - Using method: wmi
2025-07-23 01:41:29,063 - BrightnessController.BrightnessController.WMI - INFO - set_brightness:84 - Setting WMI brightness to 8 for display: Laptop Display 1
2025-07-23 01:41:29,067 - BrightnessController.BrightnessController.WMI - DEBUG - set_brightness:104 - Executing PowerShell command: powershell -Command (Get-WmiObject -Namespace root/WMI -Class WmiMonitorBrightnessMethods).WmiSetBrightness(1,8)
2025-07-23 01:41:29,135 - BrightnessController.BrightnessController - INFO - set_brightness:234 - Setting brightness to 7 for display: {'name': 'Laptop Display 1', 'type': 'internal', 'method': 'wmi', 'instance': 'DISPLAY\\BOE06A7\\4&263963b&0&UID265988_0', 'supports_brightness_methods': True}
2025-07-23 01:41:29,144 - BrightnessController.BrightnessController - DEBUG - set_brightness:252 - Using method: wmi
2025-07-23 01:41:29,144 - BrightnessController.BrightnessController.WMI - INFO - set_brightness:84 - Setting WMI brightness to 7 for display: Laptop Display 1
2025-07-23 01:41:29,150 - BrightnessController.BrightnessController.WMI - DEBUG - set_brightness:104 - Executing PowerShell command: powershell -Command (Get-WmiObject -Namespace root/WMI -Class WmiMonitorBrightnessMethods).WmiSetBrightness(1,7)
2025-07-23 01:41:29,296 - BrightnessController.BrightnessController - INFO - set_brightness:234 - Setting brightness to 7 for display: {'name': 'Laptop Display 1', 'type': 'internal', 'method': 'wmi', 'instance': 'DISPLAY\\BOE06A7\\4&263963b&0&UID265988_0', 'supports_brightness_methods': True}
2025-07-23 01:41:29,298 - BrightnessController.BrightnessController - DEBUG - set_brightness:252 - Using method: wmi
2025-07-23 01:41:29,298 - BrightnessController.BrightnessController.WMI - INFO - set_brightness:84 - Setting WMI brightness to 7 for display: Laptop Display 1
2025-07-23 01:41:29,341 - BrightnessController.BrightnessController.WMI - DEBUG - set_brightness:104 - Executing PowerShell command: powershell -Command (Get-WmiObject -Namespace root/WMI -Class WmiMonitorBrightnessMethods).WmiSetBrightness(1,7)
2025-07-23 01:41:29,404 - BrightnessController.BrightnessController - INFO - set_brightness:234 - Setting brightness to 7 for display: {'name': 'Laptop Display 1', 'type': 'internal', 'method': 'wmi', 'instance': 'DISPLAY\\BOE06A7\\4&263963b&0&UID265988_0', 'supports_brightness_methods': True}
2025-07-23 01:41:29,407 - BrightnessController.BrightnessController - DEBUG - set_brightness:252 - Using method: wmi
2025-07-23 01:41:29,407 - BrightnessController.BrightnessController.WMI - INFO - set_brightness:84 - Setting WMI brightness to 7 for display: Laptop Display 1
2025-07-23 01:41:29,412 - BrightnessController.BrightnessController.WMI - DEBUG - set_brightness:104 - Executing PowerShell command: powershell -Command (Get-WmiObject -Namespace root/WMI -Class WmiMonitorBrightnessMethods).WmiSetBrightness(1,7)
2025-07-23 01:41:29,428 - BrightnessController.BrightnessController - INFO - set_brightness:234 - Setting brightness to 7 for display: {'name': 'Laptop Display 1', 'type': 'internal', 'method': 'wmi', 'instance': 'DISPLAY\\BOE06A7\\4&263963b&0&UID265988_0', 'supports_brightness_methods': True}
2025-07-23 01:41:29,430 - BrightnessController.BrightnessController - DEBUG - set_brightness:252 - Using method: wmi
2025-07-23 01:41:29,430 - BrightnessController.BrightnessController.WMI - INFO - set_brightness:84 - Setting WMI brightness to 7 for display: Laptop Display 1
2025-07-23 01:41:29,435 - BrightnessController.BrightnessController.WMI - DEBUG - set_brightness:104 - Executing PowerShell command: powershell -Command (Get-WmiObject -Namespace root/WMI -Class WmiMonitorBrightnessMethods).WmiSetBrightness(1,7)
2025-07-23 01:41:29,479 - BrightnessController.BrightnessController - INFO - set_brightness:234 - Setting brightness to 6 for display: {'name': 'Laptop Display 1', 'type': 'internal', 'method': 'wmi', 'instance': 'DISPLAY\\BOE06A7\\4&263963b&0&UID265988_0', 'supports_brightness_methods': True}
2025-07-23 01:41:29,481 - BrightnessController.BrightnessController - DEBUG - set_brightness:252 - Using method: wmi
2025-07-23 01:41:29,481 - BrightnessController.BrightnessController.WMI - INFO - set_brightness:84 - Setting WMI brightness to 6 for display: Laptop Display 1
2025-07-23 01:41:29,497 - BrightnessController.BrightnessController.WMI - DEBUG - set_brightness:104 - Executing PowerShell command: powershell -Command (Get-WmiObject -Namespace root/WMI -Class WmiMonitorBrightnessMethods).WmiSetBrightness(1,6)
2025-07-23 01:41:29,502 - BrightnessController.BrightnessController - INFO - set_brightness:234 - Setting brightness to 6 for display: {'name': 'Laptop Display 1', 'type': 'internal', 'method': 'wmi', 'instance': 'DISPLAY\\BOE06A7\\4&263963b&0&UID265988_0', 'supports_brightness_methods': True}
2025-07-23 01:41:29,504 - BrightnessController.BrightnessController - DEBUG - set_brightness:252 - Using method: wmi
2025-07-23 01:41:29,504 - BrightnessController.BrightnessController.WMI - INFO - set_brightness:84 - Setting WMI brightness to 6 for display: Laptop Display 1
2025-07-23 01:41:29,511 - BrightnessController.BrightnessController.WMI - DEBUG - set_brightness:104 - Executing PowerShell command: powershell -Command (Get-WmiObject -Namespace root/WMI -Class WmiMonitorBrightnessMethods).WmiSetBrightness(1,6)
2025-07-23 01:41:29,656 - BrightnessController.BrightnessController - INFO - set_brightness:234 - Setting brightness to 6 for display: {'name': 'Laptop Display 1', 'type': 'internal', 'method': 'wmi', 'instance': 'DISPLAY\\BOE06A7\\4&263963b&0&UID265988_0', 'supports_brightness_methods': True}
2025-07-23 01:41:29,658 - BrightnessController.BrightnessController - DEBUG - set_brightness:252 - Using method: wmi
2025-07-23 01:41:29,658 - BrightnessController.BrightnessController.WMI - INFO - set_brightness:84 - Setting WMI brightness to 6 for display: Laptop Display 1
2025-07-23 01:41:29,758 - BrightnessController.BrightnessController - INFO - set_brightness:234 - Setting brightness to 5 for display: {'name': 'Laptop Display 1', 'type': 'internal', 'method': 'wmi', 'instance': 'DISPLAY\\BOE06A7\\4&263963b&0&UID265988_0', 'supports_brightness_methods': True}
2025-07-23 01:41:29,775 - BrightnessController.BrightnessController - DEBUG - set_brightness:252 - Using method: wmi
2025-07-23 01:41:29,787 - BrightnessController.BrightnessController.WMI - DEBUG - set_brightness:104 - Executing PowerShell command: powershell -Command (Get-WmiObject -Namespace root/WMI -Class WmiMonitorBrightnessMethods).WmiSetBrightness(1,6)
2025-07-23 01:41:29,800 - BrightnessController.BrightnessController - INFO - set_brightness:234 - Setting brightness to 5 for display: {'name': 'Laptop Display 1', 'type': 'internal', 'method': 'wmi', 'instance': 'DISPLAY\\BOE06A7\\4&263963b&0&UID265988_0', 'supports_brightness_methods': True}
2025-07-23 01:41:29,810 - BrightnessController.BrightnessController - DEBUG - set_brightness:252 - Using method: wmi
2025-07-23 01:41:29,777 - BrightnessController.BrightnessController.WMI - INFO - set_brightness:84 - Setting WMI brightness to 5 for display: Laptop Display 1
2025-07-23 01:41:29,810 - BrightnessController.BrightnessController.WMI - INFO - set_brightness:84 - Setting WMI brightness to 5 for display: Laptop Display 1
2025-07-23 01:41:29,837 - BrightnessController.BrightnessController.WMI - DEBUG - set_brightness:104 - Executing PowerShell command: powershell -Command (Get-WmiObject -Namespace root/WMI -Class WmiMonitorBrightnessMethods).WmiSetBrightness(1,5)
2025-07-23 01:41:29,834 - BrightnessController.BrightnessController - INFO - set_brightness:234 - Setting brightness to 5 for display: {'name': 'Laptop Display 1', 'type': 'internal', 'method': 'wmi', 'instance': 'DISPLAY\\BOE06A7\\4&263963b&0&UID265988_0', 'supports_brightness_methods': True}
2025-07-23 01:41:29,845 - BrightnessController.BrightnessController - DEBUG - set_brightness:252 - Using method: wmi
2025-07-23 01:41:29,864 - BrightnessController.BrightnessController.WMI - DEBUG - set_brightness:104 - Executing PowerShell command: powershell -Command (Get-WmiObject -Namespace root/WMI -Class WmiMonitorBrightnessMethods).WmiSetBrightness(1,5)
2025-07-23 01:41:29,845 - BrightnessController.BrightnessController.WMI - INFO - set_brightness:84 - Setting WMI brightness to 5 for display: Laptop Display 1
2025-07-23 01:41:29,866 - BrightnessController.BrightnessController - INFO - set_brightness:234 - Setting brightness to 4 for display: {'name': 'Laptop Display 1', 'type': 'internal', 'method': 'wmi', 'instance': 'DISPLAY\\BOE06A7\\4&263963b&0&UID265988_0', 'supports_brightness_methods': True}
2025-07-23 01:41:29,869 - BrightnessController.BrightnessController - DEBUG - set_brightness:252 - Using method: wmi
2025-07-23 01:41:29,869 - BrightnessController.BrightnessController.WMI - INFO - set_brightness:84 - Setting WMI brightness to 4 for display: Laptop Display 1
2025-07-23 01:41:29,875 - BrightnessController.BrightnessController.WMI - DEBUG - set_brightness:104 - Executing PowerShell command: powershell -Command (Get-WmiObject -Namespace root/WMI -Class WmiMonitorBrightnessMethods).WmiSetBrightness(1,5)
2025-07-23 01:41:29,877 - BrightnessController.BrightnessController.WMI - DEBUG - set_brightness:104 - Executing PowerShell command: powershell -Command (Get-WmiObject -Namespace root/WMI -Class WmiMonitorBrightnessMethods).WmiSetBrightness(1,4)
2025-07-23 01:41:29,900 - BrightnessController.BrightnessController - INFO - set_brightness:234 - Setting brightness to 4 for display: {'name': 'Laptop Display 1', 'type': 'internal', 'method': 'wmi', 'instance': 'DISPLAY\\BOE06A7\\4&263963b&0&UID265988_0', 'supports_brightness_methods': True}
2025-07-23 01:41:29,900 - BrightnessController.BrightnessController - DEBUG - set_brightness:252 - Using method: wmi
2025-07-23 01:41:29,900 - BrightnessController.BrightnessController.WMI - INFO - set_brightness:84 - Setting WMI brightness to 4 for display: Laptop Display 1
2025-07-23 01:41:29,908 - BrightnessController.BrightnessController.WMI - DEBUG - set_brightness:104 - Executing PowerShell command: powershell -Command (Get-WmiObject -Namespace root/WMI -Class WmiMonitorBrightnessMethods).WmiSetBrightness(1,4)
2025-07-23 01:41:29,914 - BrightnessController.BrightnessController - INFO - set_brightness:234 - Setting brightness to 4 for display: {'name': 'Laptop Display 1', 'type': 'internal', 'method': 'wmi', 'instance': 'DISPLAY\\BOE06A7\\4&263963b&0&UID265988_0', 'supports_brightness_methods': True}
2025-07-23 01:41:29,916 - BrightnessController.BrightnessController - DEBUG - set_brightness:252 - Using method: wmi
2025-07-23 01:41:29,916 - BrightnessController.BrightnessController.WMI - INFO - set_brightness:84 - Setting WMI brightness to 4 for display: Laptop Display 1
2025-07-23 01:41:29,922 - BrightnessController.BrightnessController.WMI - DEBUG - set_brightness:104 - Executing PowerShell command: powershell -Command (Get-WmiObject -Namespace root/WMI -Class WmiMonitorBrightnessMethods).WmiSetBrightness(1,4)
2025-07-23 01:41:29,958 - BrightnessController.BrightnessController - INFO - set_brightness:234 - Setting brightness to 3 for display: {'name': 'Laptop Display 1', 'type': 'internal', 'method': 'wmi', 'instance': 'DISPLAY\\BOE06A7\\4&263963b&0&UID265988_0', 'supports_brightness_methods': True}
2025-07-23 01:41:29,961 - BrightnessController.BrightnessController - DEBUG - set_brightness:252 - Using method: wmi
2025-07-23 01:41:29,961 - BrightnessController.BrightnessController.WMI - INFO - set_brightness:84 - Setting WMI brightness to 3 for display: Laptop Display 1
2025-07-23 01:41:29,965 - BrightnessController.BrightnessController.WMI - DEBUG - set_brightness:104 - Executing PowerShell command: powershell -Command (Get-WmiObject -Namespace root/WMI -Class WmiMonitorBrightnessMethods).WmiSetBrightness(1,3)
2025-07-23 01:41:29,987 - BrightnessController.BrightnessController - INFO - set_brightness:234 - Setting brightness to 3 for display: {'name': 'Laptop Display 1', 'type': 'internal', 'method': 'wmi', 'instance': 'DISPLAY\\BOE06A7\\4&263963b&0&UID265988_0', 'supports_brightness_methods': True}
2025-07-23 01:41:29,991 - BrightnessController.BrightnessController - DEBUG - set_brightness:252 - Using method: wmi
2025-07-23 01:41:29,991 - BrightnessController.BrightnessController.WMI - INFO - set_brightness:84 - Setting WMI brightness to 3 for display: Laptop Display 1
2025-07-23 01:41:29,996 - BrightnessController.BrightnessController.WMI - DEBUG - set_brightness:104 - Executing PowerShell command: powershell -Command (Get-WmiObject -Namespace root/WMI -Class WmiMonitorBrightnessMethods).WmiSetBrightness(1,3)
2025-07-23 01:41:30,033 - BrightnessController.BrightnessController - INFO - set_brightness:234 - Setting brightness to 3 for display: {'name': 'Laptop Display 1', 'type': 'internal', 'method': 'wmi', 'instance': 'DISPLAY\\BOE06A7\\4&263963b&0&UID265988_0', 'supports_brightness_methods': True}
2025-07-23 01:41:30,033 - BrightnessController.BrightnessController - DEBUG - set_brightness:252 - Using method: wmi
2025-07-23 01:41:30,033 - BrightnessController.BrightnessController.WMI - INFO - set_brightness:84 - Setting WMI brightness to 3 for display: Laptop Display 1
2025-07-23 01:41:30,038 - BrightnessController.BrightnessController.WMI - DEBUG - set_brightness:104 - Executing PowerShell command: powershell -Command (Get-WmiObject -Namespace root/WMI -Class WmiMonitorBrightnessMethods).WmiSetBrightness(1,3)
2025-07-23 01:41:30,077 - BrightnessController.BrightnessController - INFO - set_brightness:234 - Setting brightness to 3 for display: {'name': 'Laptop Display 1', 'type': 'internal', 'method': 'wmi', 'instance': 'DISPLAY\\BOE06A7\\4&263963b&0&UID265988_0', 'supports_brightness_methods': True}
2025-07-23 01:41:30,080 - BrightnessController.BrightnessController - DEBUG - set_brightness:252 - Using method: wmi
2025-07-23 01:41:30,080 - BrightnessController.BrightnessController.WMI - INFO - set_brightness:84 - Setting WMI brightness to 3 for display: Laptop Display 1
2025-07-23 01:41:30,084 - BrightnessController.BrightnessController.WMI - DEBUG - set_brightness:104 - Executing PowerShell command: powershell -Command (Get-WmiObject -Namespace root/WMI -Class WmiMonitorBrightnessMethods).WmiSetBrightness(1,3)
2025-07-23 01:41:30,171 - BrightnessController.BrightnessController - INFO - set_brightness:234 - Setting brightness to 2 for display: {'name': 'Laptop Display 1', 'type': 'internal', 'method': 'wmi', 'instance': 'DISPLAY\\BOE06A7\\4&263963b&0&UID265988_0', 'supports_brightness_methods': True}
2025-07-23 01:41:30,171 - BrightnessController.BrightnessController - DEBUG - set_brightness:252 - Using method: wmi
2025-07-23 01:41:30,173 - BrightnessController.BrightnessController.WMI - INFO - set_brightness:84 - Setting WMI brightness to 2 for display: Laptop Display 1
2025-07-23 01:41:30,181 - BrightnessController.BrightnessController.WMI - DEBUG - set_brightness:104 - Executing PowerShell command: powershell -Command (Get-WmiObject -Namespace root/WMI -Class WmiMonitorBrightnessMethods).WmiSetBrightness(1,2)
2025-07-23 01:41:30,191 - BrightnessController.BrightnessController - INFO - set_brightness:234 - Setting brightness to 2 for display: {'name': 'Laptop Display 1', 'type': 'internal', 'method': 'wmi', 'instance': 'DISPLAY\\BOE06A7\\4&263963b&0&UID265988_0', 'supports_brightness_methods': True}
2025-07-23 01:41:30,191 - BrightnessController.BrightnessController - DEBUG - set_brightness:252 - Using method: wmi
2025-07-23 01:41:30,191 - BrightnessController.BrightnessController.WMI - INFO - set_brightness:84 - Setting WMI brightness to 2 for display: Laptop Display 1
2025-07-23 01:41:30,195 - BrightnessController.BrightnessController.WMI - DEBUG - set_brightness:104 - Executing PowerShell command: powershell -Command (Get-WmiObject -Namespace root/WMI -Class WmiMonitorBrightnessMethods).WmiSetBrightness(1,2)
2025-07-23 01:41:30,213 - BrightnessController.BrightnessController - INFO - set_brightness:234 - Setting brightness to 2 for display: {'name': 'Laptop Display 1', 'type': 'internal', 'method': 'wmi', 'instance': 'DISPLAY\\BOE06A7\\4&263963b&0&UID265988_0', 'supports_brightness_methods': True}
2025-07-23 01:41:30,216 - BrightnessController.BrightnessController - DEBUG - set_brightness:252 - Using method: wmi
2025-07-23 01:41:30,216 - BrightnessController.BrightnessController.WMI - INFO - set_brightness:84 - Setting WMI brightness to 2 for display: Laptop Display 1
2025-07-23 01:41:30,224 - BrightnessController.BrightnessController.WMI - DEBUG - set_brightness:104 - Executing PowerShell command: powershell -Command (Get-WmiObject -Namespace root/WMI -Class WmiMonitorBrightnessMethods).WmiSetBrightness(1,2)
2025-07-23 01:41:30,232 - BrightnessController.BrightnessController - INFO - set_brightness:234 - Setting brightness to 1 for display: {'name': 'Laptop Display 1', 'type': 'internal', 'method': 'wmi', 'instance': 'DISPLAY\\BOE06A7\\4&263963b&0&UID265988_0', 'supports_brightness_methods': True}
2025-07-23 01:41:30,234 - BrightnessController.BrightnessController - DEBUG - set_brightness:252 - Using method: wmi
2025-07-23 01:41:30,236 - BrightnessController.BrightnessController.WMI - INFO - set_brightness:84 - Setting WMI brightness to 1 for display: Laptop Display 1
2025-07-23 01:41:30,242 - BrightnessController.BrightnessController.WMI - DEBUG - set_brightness:104 - Executing PowerShell command: powershell -Command (Get-WmiObject -Namespace root/WMI -Class WmiMonitorBrightnessMethods).WmiSetBrightness(1,1)
2025-07-23 01:41:30,273 - BrightnessController.BrightnessController - INFO - set_brightness:234 - Setting brightness to 1 for display: {'name': 'Laptop Display 1', 'type': 'internal', 'method': 'wmi', 'instance': 'DISPLAY\\BOE06A7\\4&263963b&0&UID265988_0', 'supports_brightness_methods': True}
2025-07-23 01:41:30,275 - BrightnessController.BrightnessController - DEBUG - set_brightness:252 - Using method: wmi
2025-07-23 01:41:30,275 - BrightnessController.BrightnessController.WMI - INFO - set_brightness:84 - Setting WMI brightness to 1 for display: Laptop Display 1
2025-07-23 01:41:30,280 - BrightnessController.BrightnessController.WMI - DEBUG - set_brightness:104 - Executing PowerShell command: powershell -Command (Get-WmiObject -Namespace root/WMI -Class WmiMonitorBrightnessMethods).WmiSetBrightness(1,1)
2025-07-23 01:41:30,284 - BrightnessController.BrightnessController - INFO - set_brightness:234 - Setting brightness to 1 for display: {'name': 'Laptop Display 1', 'type': 'internal', 'method': 'wmi', 'instance': 'DISPLAY\\BOE06A7\\4&263963b&0&UID265988_0', 'supports_brightness_methods': True}
2025-07-23 01:41:30,286 - BrightnessController.BrightnessController - DEBUG - set_brightness:252 - Using method: wmi
2025-07-23 01:41:30,286 - BrightnessController.BrightnessController.WMI - INFO - set_brightness:84 - Setting WMI brightness to 1 for display: Laptop Display 1
2025-07-23 01:41:30,292 - BrightnessController.BrightnessController.WMI - DEBUG - set_brightness:104 - Executing PowerShell command: powershell -Command (Get-WmiObject -Namespace root/WMI -Class WmiMonitorBrightnessMethods).WmiSetBrightness(1,1)
2025-07-23 01:41:30,296 - BrightnessController.BrightnessController - INFO - set_brightness:234 - Setting brightness to 1 for display: {'name': 'Laptop Display 1', 'type': 'internal', 'method': 'wmi', 'instance': 'DISPLAY\\BOE06A7\\4&263963b&0&UID265988_0', 'supports_brightness_methods': True}
2025-07-23 01:41:30,298 - BrightnessController.BrightnessController - DEBUG - set_brightness:252 - Using method: wmi
2025-07-23 01:41:30,298 - BrightnessController.BrightnessController.WMI - INFO - set_brightness:84 - Setting WMI brightness to 1 for display: Laptop Display 1
2025-07-23 01:41:30,304 - BrightnessController.BrightnessController.WMI - DEBUG - set_brightness:104 - Executing PowerShell command: powershell -Command (Get-WmiObject -Namespace root/WMI -Class WmiMonitorBrightnessMethods).WmiSetBrightness(1,1)
2025-07-23 01:41:30,316 - BrightnessController.BrightnessController - INFO - set_brightness:234 - Setting brightness to 0 for display: {'name': 'Laptop Display 1', 'type': 'internal', 'method': 'wmi', 'instance': 'DISPLAY\\BOE06A7\\4&263963b&0&UID265988_0', 'supports_brightness_methods': True}
2025-07-23 01:41:30,318 - BrightnessController.BrightnessController - DEBUG - set_brightness:252 - Using method: wmi
2025-07-23 01:41:30,320 - BrightnessController.BrightnessController - INFO - set_brightness:234 - Setting brightness to 0 for display: {'name': 'Laptop Display 1', 'type': 'internal', 'method': 'wmi', 'instance': 'DISPLAY\\BOE06A7\\4&263963b&0&UID265988_0', 'supports_brightness_methods': True}
2025-07-23 01:41:30,320 - BrightnessController.BrightnessController - DEBUG - set_brightness:252 - Using method: wmi
2025-07-23 01:41:30,318 - BrightnessController.BrightnessController.WMI - INFO - set_brightness:84 - Setting WMI brightness to 0 for display: Laptop Display 1
2025-07-23 01:41:30,326 - BrightnessController.BrightnessController.WMI - DEBUG - set_brightness:104 - Executing PowerShell command: powershell -Command (Get-WmiObject -Namespace root/WMI -Class WmiMonitorBrightnessMethods).WmiSetBrightness(1,0)
2025-07-23 01:41:30,322 - BrightnessController.BrightnessController.WMI - INFO - set_brightness:84 - Setting WMI brightness to 0 for display: Laptop Display 1
2025-07-23 01:41:30,445 - BrightnessController.BrightnessController.WMI - DEBUG - set_brightness:104 - Executing PowerShell command: powershell -Command (Get-WmiObject -Namespace root/WMI -Class WmiMonitorBrightnessMethods).WmiSetBrightness(1,0)
2025-07-23 01:41:33,046 - BrightnessController.BrightnessController.WMI - ERROR - set_brightness:120 - WMI set brightness timed out
2025-07-23 01:41:33,100 - BrightnessController.BrightnessController.WMI - ERROR - set_brightness:120 - WMI set brightness timed out
2025-07-23 01:41:33,304 - BrightnessController.BrightnessController - INFO - set_brightness:234 - Setting brightness to 0 for display: {'name': 'Laptop Display 1', 'type': 'internal', 'method': 'wmi', 'instance': 'DISPLAY\\BOE06A7\\4&263963b&0&UID265988_0', 'supports_brightness_methods': True}
2025-07-23 01:41:33,430 - BrightnessController.BrightnessController - DEBUG - set_brightness:252 - Using method: wmi
2025-07-23 01:41:33,305 - BrightnessController.BrightnessController - INFO - set_brightness:261 - Set brightness result: False for display Laptop Display 1 using method wmi
2025-07-23 01:41:33,104 - BrightnessController.BrightnessController.WMI - ERROR - set_brightness:120 - WMI set brightness timed out
2025-07-23 01:41:33,345 - BrightnessController.BrightnessController - INFO - set_brightness:234 - Setting brightness to 0 for display: {'name': 'Laptop Display 1', 'type': 'internal', 'method': 'wmi', 'instance': 'DISPLAY\\BOE06A7\\4&263963b&0&UID265988_0', 'supports_brightness_methods': True}
2025-07-23 01:41:33,638 - BrightnessController.BrightnessController - DEBUG - set_brightness:252 - Using method: wmi
2025-07-23 01:41:33,169 - BrightnessController.BrightnessController.WMI - ERROR - set_brightness:120 - WMI set brightness timed out
2025-07-23 01:41:33,347 - BrightnessController.BrightnessController - INFO - set_brightness:261 - Set brightness result: False for display Laptop Display 1 using method wmi
2025-07-23 01:41:33,353 - BrightnessController.BrightnessController - INFO - set_brightness:234 - Setting brightness to 0 for display: {'name': 'Laptop Display 1', 'type': 'internal', 'method': 'wmi', 'instance': 'DISPLAY\\BOE06A7\\4&263963b&0&UID265988_0', 'supports_brightness_methods': True}
2025-07-23 01:41:33,654 - BrightnessController.BrightnessController - DEBUG - set_brightness:252 - Using method: wmi
2025-07-23 01:41:33,180 - BrightnessController.BrightnessController.WMI - ERROR - set_brightness:120 - WMI set brightness timed out
2025-07-23 01:41:33,190 - BrightnessController.BrightnessController.WMI - ERROR - set_brightness:120 - WMI set brightness timed out
2025-07-23 01:41:33,243 - BrightnessController.BrightnessController.WMI - ERROR - set_brightness:120 - WMI set brightness timed out
2025-07-23 01:41:33,501 - BrightnessController.BrightnessController - INFO - set_brightness:261 - Set brightness result: False for display Laptop Display 1 using method wmi
2025-07-23 01:41:33,300 - BrightnessController.BrightnessController.WMI - ERROR - set_brightness:120 - WMI set brightness timed out
2025-07-23 01:41:33,303 - BrightnessController.BrightnessController.WMI - ERROR - set_brightness:120 - WMI set brightness timed out
2025-07-23 01:41:33,430 - BrightnessController.BrightnessController.WMI - INFO - set_brightness:84 - Setting WMI brightness to 0 for display: Laptop Display 1
2025-07-23 01:41:33,645 - BrightnessController.BrightnessController - INFO - set_brightness:261 - Set brightness result: False for display Laptop Display 1 using method wmi
2025-07-23 01:41:33,498 - BrightnessController.BrightnessController.WMI - ERROR - set_brightness:120 - WMI set brightness timed out
2025-07-23 01:41:33,538 - BrightnessController.BrightnessController.WMI - ERROR - set_brightness:120 - WMI set brightness timed out
2025-07-23 01:41:33,539 - BrightnessController.BrightnessController.WMI - ERROR - set_brightness:120 - WMI set brightness timed out
2025-07-23 01:41:33,668 - BrightnessController.BrightnessController - INFO - set_brightness:261 - Set brightness result: False for display Laptop Display 1 using method wmi
2025-07-23 01:41:33,565 - BrightnessController.BrightnessController.WMI - ERROR - set_brightness:120 - WMI set brightness timed out
2025-07-23 01:41:33,733 - BrightnessController.BrightnessController.WMI - DEBUG - set_brightness:104 - Executing PowerShell command: powershell -Command (Get-WmiObject -Namespace root/WMI -Class WmiMonitorBrightnessMethods).WmiSetBrightness(1,0)
2025-07-23 01:41:33,693 - BrightnessController.BrightnessController - INFO - set_brightness:261 - Set brightness result: False for display Laptop Display 1 using method wmi
2025-07-23 01:41:33,567 - BrightnessController.BrightnessController.WMI - ERROR - set_brightness:120 - WMI set brightness timed out
2025-07-23 01:41:33,709 - BrightnessController.BrightnessController - INFO - set_brightness:261 - Set brightness result: False for display Laptop Display 1 using method wmi
2025-07-23 01:41:33,625 - BrightnessController.BrightnessController.WMI - ERROR - set_brightness:120 - WMI set brightness timed out
2025-07-23 01:41:33,638 - BrightnessController.BrightnessController.WMI - INFO - set_brightness:84 - Setting WMI brightness to 0 for display: Laptop Display 1
2025-07-23 01:41:33,717 - BrightnessController.BrightnessController - INFO - set_brightness:261 - Set brightness result: False for display Laptop Display 1 using method wmi
2025-07-23 01:41:33,649 - BrightnessController.BrightnessController.WMI - ERROR - set_brightness:120 - WMI set brightness timed out
2025-07-23 01:41:33,752 - BrightnessController.BrightnessController.WMI - DEBUG - set_brightness:104 - Executing PowerShell command: powershell -Command (Get-WmiObject -Namespace root/WMI -Class WmiMonitorBrightnessMethods).WmiSetBrightness(1,0)
2025-07-23 01:41:33,720 - BrightnessController.BrightnessController - INFO - set_brightness:261 - Set brightness result: False for display Laptop Display 1 using method wmi
2025-07-23 01:41:33,654 - BrightnessController.BrightnessController.WMI - INFO - set_brightness:84 - Setting WMI brightness to 0 for display: Laptop Display 1
2025-07-23 01:41:33,685 - BrightnessController.BrightnessController.WMI - ERROR - set_brightness:120 - WMI set brightness timed out
2025-07-23 01:41:33,730 - BrightnessController.BrightnessController - INFO - set_brightness:261 - Set brightness result: False for display Laptop Display 1 using method wmi
2025-07-23 01:41:33,731 - BrightnessController.BrightnessController - INFO - set_brightness:261 - Set brightness result: False for display Laptop Display 1 using method wmi
2025-07-23 01:41:33,731 - BrightnessController.BrightnessController - INFO - set_brightness:261 - Set brightness result: False for display Laptop Display 1 using method wmi
2025-07-23 01:41:33,763 - BrightnessController.BrightnessController.WMI - DEBUG - set_brightness:104 - Executing PowerShell command: powershell -Command (Get-WmiObject -Namespace root/WMI -Class WmiMonitorBrightnessMethods).WmiSetBrightness(1,0)
2025-07-23 01:41:33,736 - BrightnessController.BrightnessController - INFO - set_brightness:261 - Set brightness result: False for display Laptop Display 1 using method wmi
2025-07-23 01:41:33,739 - BrightnessController.BrightnessController - INFO - set_brightness:261 - Set brightness result: False for display Laptop Display 1 using method wmi
2025-07-23 01:41:33,745 - BrightnessController.BrightnessController - INFO - set_brightness:261 - Set brightness result: False for display Laptop Display 1 using method wmi
2025-07-23 01:41:33,752 - BrightnessController.BrightnessController - INFO - set_brightness:261 - Set brightness result: False for display Laptop Display 1 using method wmi
2025-07-23 01:41:33,759 - BrightnessController.BrightnessController - INFO - set_brightness:261 - Set brightness result: False for display Laptop Display 1 using method wmi
2025-07-23 01:41:33,761 - BrightnessController.BrightnessController.WMI - ERROR - set_brightness:120 - WMI set brightness timed out
2025-07-23 01:41:33,771 - BrightnessController.BrightnessController - INFO - set_brightness:261 - Set brightness result: False for display Laptop Display 1 using method wmi
2025-07-23 01:41:33,782 - BrightnessController.BrightnessController.WMI - ERROR - set_brightness:120 - WMI set brightness timed out
2025-07-23 01:41:33,920 - BrightnessController.BrightnessController - INFO - set_brightness:261 - Set brightness result: False for display Laptop Display 1 using method wmi
2025-07-23 01:41:33,852 - BrightnessController.BrightnessController.WMI - ERROR - set_brightness:120 - WMI set brightness timed out
2025-07-23 01:41:33,858 - BrightnessController.BrightnessController.WMI - ERROR - set_brightness:120 - WMI set brightness timed out
2025-07-23 01:41:33,928 - BrightnessController.BrightnessController - INFO - set_brightness:261 - Set brightness result: False for display Laptop Display 1 using method wmi
2025-07-23 01:41:33,862 - BrightnessController.BrightnessController.WMI - ERROR - set_brightness:120 - WMI set brightness timed out
2025-07-23 01:41:33,930 - BrightnessController.BrightnessController - INFO - set_brightness:261 - Set brightness result: False for display Laptop Display 1 using method wmi
2025-07-23 01:41:33,865 - BrightnessController.BrightnessController.WMI - ERROR - set_brightness:120 - WMI set brightness timed out
2025-07-23 01:41:33,865 - BrightnessController.BrightnessController.WMI - ERROR - set_brightness:120 - WMI set brightness timed out
2025-07-23 01:41:33,935 - BrightnessController.BrightnessController - INFO - set_brightness:261 - Set brightness result: False for display Laptop Display 1 using method wmi
2025-07-23 01:41:33,865 - BrightnessController.BrightnessController.WMI - ERROR - set_brightness:120 - WMI set brightness timed out
2025-07-23 01:41:33,865 - BrightnessController.BrightnessController.WMI - ERROR - set_brightness:120 - WMI set brightness timed out
2025-07-23 01:41:33,944 - BrightnessController.BrightnessController - INFO - set_brightness:261 - Set brightness result: False for display Laptop Display 1 using method wmi
2025-07-23 01:41:33,914 - BrightnessController.BrightnessController.WMI - ERROR - set_brightness:120 - WMI set brightness timed out
2025-07-23 01:41:33,947 - BrightnessController.BrightnessController - INFO - set_brightness:261 - Set brightness result: False for display Laptop Display 1 using method wmi
2025-07-23 01:41:33,916 - BrightnessController.BrightnessController.WMI - ERROR - set_brightness:120 - WMI set brightness timed out
2025-07-23 01:41:33,949 - BrightnessController.BrightnessController - INFO - set_brightness:261 - Set brightness result: False for display Laptop Display 1 using method wmi
2025-07-23 01:41:33,918 - BrightnessController.BrightnessController.WMI - ERROR - set_brightness:120 - WMI set brightness timed out
2025-07-23 01:41:33,937 - BrightnessController.BrightnessController.WMI - ERROR - set_brightness:120 - WMI set brightness timed out
2025-07-23 01:41:33,951 - BrightnessController.BrightnessController - INFO - set_brightness:261 - Set brightness result: False for display Laptop Display 1 using method wmi
2025-07-23 01:41:33,954 - BrightnessController.BrightnessController - INFO - set_brightness:261 - Set brightness result: False for display Laptop Display 1 using method wmi
2025-07-23 01:41:33,960 - BrightnessController.BrightnessController - INFO - set_brightness:261 - Set brightness result: False for display Laptop Display 1 using method wmi
2025-07-23 01:41:33,962 - BrightnessController.BrightnessController - INFO - set_brightness:261 - Set brightness result: False for display Laptop Display 1 using method wmi
2025-07-23 01:41:33,962 - BrightnessController.BrightnessController - INFO - set_brightness:261 - Set brightness result: False for display Laptop Display 1 using method wmi
2025-07-23 01:41:33,995 - BrightnessController.BrightnessController.WMI - ERROR - set_brightness:120 - WMI set brightness timed out
2025-07-23 01:41:33,997 - BrightnessController.BrightnessController - INFO - set_brightness:261 - Set brightness result: False for display Laptop Display 1 using method wmi
2025-07-23 01:41:34,004 - BrightnessController.BrightnessController.WMI - ERROR - set_brightness:120 - WMI set brightness timed out
2025-07-23 01:41:34,056 - BrightnessController.BrightnessController.WMI - ERROR - set_brightness:120 - WMI set brightness timed out
2025-07-23 01:41:34,089 - BrightnessController.BrightnessController - INFO - set_brightness:261 - Set brightness result: False for display Laptop Display 1 using method wmi
2025-07-23 01:41:34,072 - BrightnessController.BrightnessController.WMI - ERROR - set_brightness:120 - WMI set brightness timed out
2025-07-23 01:41:34,078 - BrightnessController.BrightnessController.WMI - ERROR - set_brightness:120 - WMI set brightness timed out
2025-07-23 01:41:34,096 - BrightnessController.BrightnessController - INFO - set_brightness:261 - Set brightness result: False for display Laptop Display 1 using method wmi
2025-07-23 01:41:34,089 - BrightnessController.BrightnessController.WMI - ERROR - set_brightness:120 - WMI set brightness timed out
2025-07-23 01:41:34,093 - BrightnessController.BrightnessController.WMI - ERROR - set_brightness:120 - WMI set brightness timed out
2025-07-23 01:41:34,135 - BrightnessController.BrightnessController - INFO - set_brightness:261 - Set brightness result: False for display Laptop Display 1 using method wmi
2025-07-23 01:41:34,137 - BrightnessController.BrightnessController - INFO - set_brightness:261 - Set brightness result: False for display Laptop Display 1 using method wmi
2025-07-23 01:41:34,135 - BrightnessController.BrightnessController.WMI - ERROR - set_brightness:120 - WMI set brightness timed out
2025-07-23 01:41:34,143 - BrightnessController.BrightnessController - INFO - set_brightness:261 - Set brightness result: False for display Laptop Display 1 using method wmi
2025-07-23 01:41:34,145 - BrightnessController.BrightnessController - INFO - set_brightness:261 - Set brightness result: False for display Laptop Display 1 using method wmi
2025-07-23 01:41:34,148 - BrightnessController.BrightnessController - INFO - set_brightness:261 - Set brightness result: False for display Laptop Display 1 using method wmi
2025-07-23 01:41:34,200 - BrightnessController.BrightnessController.WMI - ERROR - set_brightness:120 - WMI set brightness timed out
2025-07-23 01:41:34,200 - BrightnessController.BrightnessController - INFO - set_brightness:261 - Set brightness result: False for display Laptop Display 1 using method wmi
2025-07-23 01:41:34,225 - BrightnessController.BrightnessController.WMI - ERROR - set_brightness:120 - WMI set brightness timed out
2025-07-23 01:41:34,227 - BrightnessController.BrightnessController - INFO - set_brightness:261 - Set brightness result: False for display Laptop Display 1 using method wmi
2025-07-23 01:41:34,343 - BrightnessController.BrightnessController.WMI - ERROR - set_brightness:120 - WMI set brightness timed out
2025-07-23 01:41:34,343 - BrightnessController.BrightnessController - INFO - set_brightness:261 - Set brightness result: False for display Laptop Display 1 using method wmi
2025-07-23 01:41:34,415 - BrightnessController.BrightnessController.WMI - ERROR - set_brightness:120 - WMI set brightness timed out
2025-07-23 01:41:34,434 - BrightnessController.BrightnessController - INFO - set_brightness:261 - Set brightness result: False for display Laptop Display 1 using method wmi
2025-07-23 01:41:34,516 - BrightnessController.BrightnessController.WMI - ERROR - set_brightness:120 - WMI set brightness timed out
2025-07-23 01:41:34,526 - BrightnessController.BrightnessController.WMI - ERROR - set_brightness:120 - WMI set brightness timed out
2025-07-23 01:41:34,553 - BrightnessController.BrightnessController - INFO - set_brightness:261 - Set brightness result: False for display Laptop Display 1 using method wmi
2025-07-23 01:41:34,553 - BrightnessController.BrightnessController - INFO - set_brightness:261 - Set brightness result: False for display Laptop Display 1 using method wmi
2025-07-23 01:41:34,615 - BrightnessController.BrightnessController.WMI - ERROR - set_brightness:120 - WMI set brightness timed out
2025-07-23 01:41:34,623 - BrightnessController.BrightnessController - INFO - set_brightness:261 - Set brightness result: False for display Laptop Display 1 using method wmi
2025-07-23 01:41:34,689 - BrightnessController.BrightnessController.WMI - ERROR - set_brightness:120 - WMI set brightness timed out
2025-07-23 01:41:34,691 - BrightnessController.BrightnessController - INFO - set_brightness:261 - Set brightness result: False for display Laptop Display 1 using method wmi
2025-07-23 01:41:34,872 - BrightnessController.BrightnessController.WMI - ERROR - set_brightness:120 - WMI set brightness timed out
2025-07-23 01:41:34,888 - BrightnessController.BrightnessController - INFO - set_brightness:261 - Set brightness result: False for display Laptop Display 1 using method wmi
2025-07-23 01:41:35,000 - BrightnessController.BrightnessController.WMI - ERROR - set_brightness:120 - WMI set brightness timed out
2025-07-23 01:41:35,012 - BrightnessController.BrightnessController - INFO - set_brightness:261 - Set brightness result: False for display Laptop Display 1 using method wmi
2025-07-23 01:41:35,040 - BrightnessController.BrightnessController.WMI - ERROR - set_brightness:120 - WMI set brightness timed out
2025-07-23 01:41:35,042 - BrightnessController.BrightnessController - INFO - set_brightness:261 - Set brightness result: False for display Laptop Display 1 using method wmi
2025-07-23 01:41:35,068 - BrightnessController.BrightnessController.WMI - ERROR - set_brightness:120 - WMI set brightness timed out
2025-07-23 01:41:35,074 - BrightnessController.BrightnessController - INFO - set_brightness:261 - Set brightness result: False for display Laptop Display 1 using method wmi
2025-07-23 01:41:35,074 - BrightnessController.BrightnessController.WMI - ERROR - set_brightness:120 - WMI set brightness timed out
2025-07-23 01:41:35,076 - BrightnessController.BrightnessController - INFO - set_brightness:261 - Set brightness result: False for display Laptop Display 1 using method wmi
2025-07-23 01:41:35,076 - BrightnessController.BrightnessController.WMI - ERROR - set_brightness:120 - WMI set brightness timed out
2025-07-23 01:41:35,081 - BrightnessController.BrightnessController - INFO - set_brightness:261 - Set brightness result: False for display Laptop Display 1 using method wmi
2025-07-23 01:41:35,120 - BrightnessController.BrightnessController.WMI - ERROR - set_brightness:120 - WMI set brightness timed out
2025-07-23 01:41:35,122 - BrightnessController.BrightnessController - INFO - set_brightness:261 - Set brightness result: False for display Laptop Display 1 using method wmi
2025-07-23 01:41:35,128 - BrightnessController.BrightnessController.WMI - ERROR - set_brightness:120 - WMI set brightness timed out
2025-07-23 01:41:35,130 - BrightnessController.BrightnessController - INFO - set_brightness:261 - Set brightness result: False for display Laptop Display 1 using method wmi
2025-07-23 01:41:35,171 - BrightnessController.BrightnessController.WMI - ERROR - set_brightness:120 - WMI set brightness timed out
2025-07-23 01:41:35,171 - BrightnessController.BrightnessController - INFO - set_brightness:261 - Set brightness result: False for display Laptop Display 1 using method wmi
2025-07-23 01:41:35,194 - BrightnessController.BrightnessController.WMI - ERROR - set_brightness:120 - WMI set brightness timed out
2025-07-23 01:41:35,195 - BrightnessController.BrightnessController - INFO - set_brightness:261 - Set brightness result: False for display Laptop Display 1 using method wmi
2025-07-23 01:41:35,262 - BrightnessController.BrightnessController.WMI - ERROR - set_brightness:120 - WMI set brightness timed out
2025-07-23 01:41:35,264 - BrightnessController.BrightnessController - INFO - set_brightness:261 - Set brightness result: False for display Laptop Display 1 using method wmi
2025-07-23 01:41:35,271 - BrightnessController.BrightnessController.WMI - ERROR - set_brightness:120 - WMI set brightness timed out
2025-07-23 01:41:35,272 - BrightnessController.BrightnessController - INFO - set_brightness:261 - Set brightness result: False for display Laptop Display 1 using method wmi
2025-07-23 01:41:35,292 - BrightnessController.BrightnessController.WMI - ERROR - set_brightness:120 - WMI set brightness timed out
2025-07-23 01:41:35,294 - BrightnessController.BrightnessController - INFO - set_brightness:261 - Set brightness result: False for display Laptop Display 1 using method wmi
2025-07-23 01:41:35,316 - BrightnessController.BrightnessController.WMI - ERROR - set_brightness:120 - WMI set brightness timed out
2025-07-23 01:41:35,319 - BrightnessController.BrightnessController - INFO - set_brightness:261 - Set brightness result: False for display Laptop Display 1 using method wmi
2025-07-23 01:41:35,332 - BrightnessController.BrightnessController.WMI - ERROR - set_brightness:120 - WMI set brightness timed out
2025-07-23 01:41:35,336 - BrightnessController.BrightnessController - INFO - set_brightness:261 - Set brightness result: False for display Laptop Display 1 using method wmi
2025-07-23 01:41:35,371 - BrightnessController.BrightnessController.WMI - ERROR - set_brightness:120 - WMI set brightness timed out
2025-07-23 01:41:35,382 - BrightnessController.BrightnessController - INFO - set_brightness:261 - Set brightness result: False for display Laptop Display 1 using method wmi
2025-07-23 01:41:35,385 - BrightnessController.BrightnessController.WMI - ERROR - set_brightness:120 - WMI set brightness timed out
2025-07-23 01:41:35,395 - BrightnessController.BrightnessController.WMI - ERROR - set_brightness:120 - WMI set brightness timed out
2025-07-23 01:41:35,419 - BrightnessController.BrightnessController - INFO - set_brightness:261 - Set brightness result: False for display Laptop Display 1 using method wmi
2025-07-23 01:41:35,430 - BrightnessController.BrightnessController - INFO - set_brightness:261 - Set brightness result: False for display Laptop Display 1 using method wmi
2025-07-23 01:41:35,444 - BrightnessController.BrightnessController.WMI - ERROR - set_brightness:120 - WMI set brightness timed out
2025-07-23 01:41:35,450 - BrightnessController.BrightnessController - INFO - set_brightness:261 - Set brightness result: False for display Laptop Display 1 using method wmi
2025-07-23 01:41:35,501 - BrightnessController.BrightnessController.WMI - ERROR - set_brightness:120 - WMI set brightness timed out
2025-07-23 01:41:35,503 - BrightnessController.BrightnessController - INFO - set_brightness:261 - Set brightness result: False for display Laptop Display 1 using method wmi
2025-07-23 01:41:35,942 - BrightnessController.BrightnessController.WMI - DEBUG - set_brightness:107 - Set brightness return code: 0
2025-07-23 01:41:35,942 - BrightnessController.BrightnessController.WMI - DEBUG - set_brightness:108 - Set brightness stdout: 
2025-07-23 01:41:35,944 - BrightnessController.BrightnessController.WMI - DEBUG - set_brightness:109 - Set brightness stderr: 
2025-07-23 01:41:35,944 - BrightnessController.BrightnessController.WMI - INFO - set_brightness:112 - WMI set brightness to 0: SUCCESS
2025-07-23 01:41:35,945 - BrightnessController.BrightnessController - INFO - set_brightness:261 - Set brightness result: True for display Laptop Display 1 using method wmi
2025-07-23 01:41:36,003 - BrightnessController.BrightnessController.WMI - DEBUG - set_brightness:107 - Set brightness return code: 0
2025-07-23 01:41:36,003 - BrightnessController.BrightnessController.WMI - DEBUG - set_brightness:108 - Set brightness stdout: 
2025-07-23 01:41:36,004 - BrightnessController.BrightnessController.WMI - DEBUG - set_brightness:109 - Set brightness stderr: 
2025-07-23 01:41:36,004 - BrightnessController.BrightnessController.WMI - INFO - set_brightness:112 - WMI set brightness to 0: SUCCESS
2025-07-23 01:41:36,007 - BrightnessController.BrightnessController - INFO - set_brightness:261 - Set brightness result: True for display Laptop Display 1 using method wmi
2025-07-23 01:41:36,044 - BrightnessController.BrightnessController.WMI - DEBUG - set_brightness:107 - Set brightness return code: 0
2025-07-23 01:41:36,044 - BrightnessController.BrightnessController.WMI - DEBUG - set_brightness:108 - Set brightness stdout: 
2025-07-23 01:41:36,044 - BrightnessController.BrightnessController.WMI - DEBUG - set_brightness:109 - Set brightness stderr: 
2025-07-23 01:41:36,044 - BrightnessController.BrightnessController.WMI - INFO - set_brightness:112 - WMI set brightness to 0: SUCCESS
2025-07-23 01:41:36,052 - BrightnessController.BrightnessController - INFO - set_brightness:261 - Set brightness result: True for display Laptop Display 1 using method wmi
2025-07-23 01:41:37,843 - BrightnessController.BrightnessController - INFO - set_brightness:234 - Setting brightness to 0 for display: {'name': 'Laptop Display 1', 'type': 'internal', 'method': 'wmi', 'instance': 'DISPLAY\\BOE06A7\\4&263963b&0&UID265988_0', 'supports_brightness_methods': True}
2025-07-23 01:41:37,843 - BrightnessController.BrightnessController - DEBUG - set_brightness:252 - Using method: wmi
2025-07-23 01:41:37,843 - BrightnessController.BrightnessController.WMI - INFO - set_brightness:84 - Setting WMI brightness to 0 for display: Laptop Display 1
2025-07-23 01:41:37,848 - BrightnessController.BrightnessController.WMI - DEBUG - set_brightness:104 - Executing PowerShell command: powershell -Command (Get-WmiObject -Namespace root/WMI -Class WmiMonitorBrightnessMethods).WmiSetBrightness(1,0)
2025-07-23 01:41:37,861 - BrightnessController.BrightnessController - INFO - set_brightness:234 - Setting brightness to 0 for display: {'name': 'Laptop Display 1', 'type': 'internal', 'method': 'wmi', 'instance': 'DISPLAY\\BOE06A7\\4&263963b&0&UID265988_0', 'supports_brightness_methods': True}
2025-07-23 01:41:37,864 - BrightnessController.BrightnessController - DEBUG - set_brightness:252 - Using method: wmi
2025-07-23 01:41:37,864 - BrightnessController.BrightnessController.WMI - INFO - set_brightness:84 - Setting WMI brightness to 0 for display: Laptop Display 1
2025-07-23 01:41:37,870 - BrightnessController.BrightnessController.WMI - DEBUG - set_brightness:104 - Executing PowerShell command: powershell -Command (Get-WmiObject -Namespace root/WMI -Class WmiMonitorBrightnessMethods).WmiSetBrightness(1,0)
2025-07-23 01:41:37,878 - BrightnessController.BrightnessController - INFO - set_brightness:234 - Setting brightness to 0 for display: {'name': 'Laptop Display 1', 'type': 'internal', 'method': 'wmi', 'instance': 'DISPLAY\\BOE06A7\\4&263963b&0&UID265988_0', 'supports_brightness_methods': True}
2025-07-23 01:41:37,881 - BrightnessController.BrightnessController - DEBUG - set_brightness:252 - Using method: wmi
2025-07-23 01:41:37,882 - BrightnessController.BrightnessController.WMI - INFO - set_brightness:84 - Setting WMI brightness to 0 for display: Laptop Display 1
2025-07-23 01:41:37,892 - BrightnessController.BrightnessController.WMI - DEBUG - set_brightness:104 - Executing PowerShell command: powershell -Command (Get-WmiObject -Namespace root/WMI -Class WmiMonitorBrightnessMethods).WmiSetBrightness(1,0)
2025-07-23 01:41:37,897 - BrightnessController.BrightnessController - INFO - set_brightness:234 - Setting brightness to 0 for display: {'name': 'Laptop Display 1', 'type': 'internal', 'method': 'wmi', 'instance': 'DISPLAY\\BOE06A7\\4&263963b&0&UID265988_0', 'supports_brightness_methods': True}
2025-07-23 01:41:37,899 - BrightnessController.BrightnessController - DEBUG - set_brightness:252 - Using method: wmi
2025-07-23 01:41:37,900 - BrightnessController.BrightnessController.WMI - INFO - set_brightness:84 - Setting WMI brightness to 0 for display: Laptop Display 1
2025-07-23 01:41:37,913 - BrightnessController.BrightnessController.WMI - DEBUG - set_brightness:104 - Executing PowerShell command: powershell -Command (Get-WmiObject -Namespace root/WMI -Class WmiMonitorBrightnessMethods).WmiSetBrightness(1,0)
2025-07-23 01:41:37,915 - BrightnessController.BrightnessController - INFO - set_brightness:234 - Setting brightness to 0 for display: {'name': 'Laptop Display 1', 'type': 'internal', 'method': 'wmi', 'instance': 'DISPLAY\\BOE06A7\\4&263963b&0&UID265988_0', 'supports_brightness_methods': True}
2025-07-23 01:41:37,918 - BrightnessController.BrightnessController - DEBUG - set_brightness:252 - Using method: wmi
2025-07-23 01:41:37,918 - BrightnessController.BrightnessController.WMI - INFO - set_brightness:84 - Setting WMI brightness to 0 for display: Laptop Display 1
2025-07-23 01:41:37,927 - BrightnessController.BrightnessController.WMI - DEBUG - set_brightness:104 - Executing PowerShell command: powershell -Command (Get-WmiObject -Namespace root/WMI -Class WmiMonitorBrightnessMethods).WmiSetBrightness(1,0)
2025-07-23 01:41:37,932 - BrightnessController.BrightnessController - INFO - set_brightness:234 - Setting brightness to 0 for display: {'name': 'Laptop Display 1', 'type': 'internal', 'method': 'wmi', 'instance': 'DISPLAY\\BOE06A7\\4&263963b&0&UID265988_0', 'supports_brightness_methods': True}
2025-07-23 01:41:37,936 - BrightnessController.BrightnessController - DEBUG - set_brightness:252 - Using method: wmi
2025-07-23 01:41:37,938 - BrightnessController.BrightnessController.WMI - INFO - set_brightness:84 - Setting WMI brightness to 0 for display: Laptop Display 1
2025-07-23 01:41:37,947 - BrightnessController.BrightnessController.WMI - DEBUG - set_brightness:104 - Executing PowerShell command: powershell -Command (Get-WmiObject -Namespace root/WMI -Class WmiMonitorBrightnessMethods).WmiSetBrightness(1,0)
2025-07-23 01:41:37,951 - BrightnessController.BrightnessController - INFO - set_brightness:234 - Setting brightness to 0 for display: {'name': 'Laptop Display 1', 'type': 'internal', 'method': 'wmi', 'instance': 'DISPLAY\\BOE06A7\\4&263963b&0&UID265988_0', 'supports_brightness_methods': True}
2025-07-23 01:41:37,951 - BrightnessController.BrightnessController - DEBUG - set_brightness:252 - Using method: wmi
2025-07-23 01:41:37,953 - BrightnessController.BrightnessController.WMI - INFO - set_brightness:84 - Setting WMI brightness to 0 for display: Laptop Display 1
2025-07-23 01:41:37,964 - BrightnessController.BrightnessController.WMI - DEBUG - set_brightness:104 - Executing PowerShell command: powershell -Command (Get-WmiObject -Namespace root/WMI -Class WmiMonitorBrightnessMethods).WmiSetBrightness(1,0)
2025-07-23 01:41:37,968 - BrightnessController.BrightnessController - INFO - set_brightness:234 - Setting brightness to 0 for display: {'name': 'Laptop Display 1', 'type': 'internal', 'method': 'wmi', 'instance': 'DISPLAY\\BOE06A7\\4&263963b&0&UID265988_0', 'supports_brightness_methods': True}
2025-07-23 01:41:37,977 - BrightnessController.BrightnessController - DEBUG - set_brightness:252 - Using method: wmi
2025-07-23 01:41:37,977 - BrightnessController.BrightnessController.WMI - INFO - set_brightness:84 - Setting WMI brightness to 0 for display: Laptop Display 1
2025-07-23 01:41:37,985 - BrightnessController.BrightnessController - INFO - set_brightness:234 - Setting brightness to 0 for display: {'name': 'Laptop Display 1', 'type': 'internal', 'method': 'wmi', 'instance': 'DISPLAY\\BOE06A7\\4&263963b&0&UID265988_0', 'supports_brightness_methods': True}
2025-07-23 01:41:37,991 - BrightnessController.BrightnessController - DEBUG - set_brightness:252 - Using method: wmi
2025-07-23 01:41:37,989 - BrightnessController.BrightnessController.WMI - DEBUG - set_brightness:104 - Executing PowerShell command: powershell -Command (Get-WmiObject -Namespace root/WMI -Class WmiMonitorBrightnessMethods).WmiSetBrightness(1,0)
2025-07-23 01:41:37,991 - BrightnessController.BrightnessController.WMI - INFO - set_brightness:84 - Setting WMI brightness to 0 for display: Laptop Display 1
2025-07-23 01:41:38,017 - BrightnessController.BrightnessController.WMI - DEBUG - set_brightness:104 - Executing PowerShell command: powershell -Command (Get-WmiObject -Namespace root/WMI -Class WmiMonitorBrightnessMethods).WmiSetBrightness(1,0)
2025-07-23 01:41:38,003 - BrightnessController.BrightnessController - INFO - set_brightness:234 - Setting brightness to 0 for display: {'name': 'Laptop Display 1', 'type': 'internal', 'method': 'wmi', 'instance': 'DISPLAY\\BOE06A7\\4&263963b&0&UID265988_0', 'supports_brightness_methods': True}
2025-07-23 01:41:38,029 - BrightnessController.BrightnessController - DEBUG - set_brightness:252 - Using method: wmi
2025-07-23 01:41:38,029 - BrightnessController.BrightnessController.WMI - INFO - set_brightness:84 - Setting WMI brightness to 0 for display: Laptop Display 1
2025-07-23 01:41:38,111 - BrightnessController.BrightnessController.WMI - DEBUG - set_brightness:104 - Executing PowerShell command: powershell -Command (Get-WmiObject -Namespace root/WMI -Class WmiMonitorBrightnessMethods).WmiSetBrightness(1,0)
2025-07-23 01:41:39,834 - BrightnessController.BrightnessController.WMI - DEBUG - set_brightness:107 - Set brightness return code: 0
2025-07-23 01:41:39,834 - BrightnessController.BrightnessController.WMI - DEBUG - set_brightness:108 - Set brightness stdout: 
2025-07-23 01:41:39,836 - BrightnessController.BrightnessController.WMI - DEBUG - set_brightness:109 - Set brightness stderr: 
2025-07-23 01:41:39,836 - BrightnessController.BrightnessController.WMI - INFO - set_brightness:112 - WMI set brightness to 0: SUCCESS
2025-07-23 01:41:39,846 - BrightnessController.BrightnessController.WMI - DEBUG - set_brightness:107 - Set brightness return code: 0
2025-07-23 01:41:39,846 - BrightnessController.BrightnessController.WMI - DEBUG - set_brightness:108 - Set brightness stdout: 
2025-07-23 01:41:39,846 - BrightnessController.BrightnessController.WMI - DEBUG - set_brightness:109 - Set brightness stderr: 
2025-07-23 01:41:39,844 - BrightnessController.BrightnessController - INFO - set_brightness:261 - Set brightness result: True for display Laptop Display 1 using method wmi
2025-07-23 01:41:39,875 - BrightnessController.BrightnessController.WMI - DEBUG - set_brightness:107 - Set brightness return code: 0
2025-07-23 01:41:39,875 - BrightnessController.BrightnessController.WMI - DEBUG - set_brightness:108 - Set brightness stdout: 
2025-07-23 01:41:39,875 - BrightnessController.BrightnessController.WMI - DEBUG - set_brightness:109 - Set brightness stderr: 
2025-07-23 01:41:39,846 - BrightnessController.BrightnessController.WMI - INFO - set_brightness:112 - WMI set brightness to 0: SUCCESS
2025-07-23 01:41:39,883 - BrightnessController.BrightnessController.WMI - DEBUG - set_brightness:107 - Set brightness return code: 0
2025-07-23 01:41:39,884 - BrightnessController.BrightnessController.WMI - DEBUG - set_brightness:108 - Set brightness stdout: 
2025-07-23 01:41:39,884 - BrightnessController.BrightnessController.WMI - DEBUG - set_brightness:109 - Set brightness stderr: 
2025-07-23 01:41:39,883 - BrightnessController.BrightnessController - INFO - set_brightness:261 - Set brightness result: True for display Laptop Display 1 using method wmi
2025-07-23 01:41:39,875 - BrightnessController.BrightnessController.WMI - INFO - set_brightness:112 - WMI set brightness to 0: SUCCESS
2025-07-23 01:41:39,884 - BrightnessController.BrightnessController.WMI - INFO - set_brightness:112 - WMI set brightness to 0: SUCCESS
2025-07-23 01:41:39,916 - BrightnessController.BrightnessController - INFO - set_brightness:261 - Set brightness result: True for display Laptop Display 1 using method wmi
2025-07-23 01:41:39,918 - BrightnessController.BrightnessController - INFO - set_brightness:261 - Set brightness result: True for display Laptop Display 1 using method wmi
2025-07-23 01:41:39,961 - BrightnessController.BrightnessController.WMI - DEBUG - set_brightness:107 - Set brightness return code: 0
2025-07-23 01:41:39,962 - BrightnessController.BrightnessController.WMI - DEBUG - set_brightness:108 - Set brightness stdout: 
2025-07-23 01:41:39,962 - BrightnessController.BrightnessController.WMI - DEBUG - set_brightness:109 - Set brightness stderr: 
2025-07-23 01:41:39,962 - BrightnessController.BrightnessController.WMI - INFO - set_brightness:112 - WMI set brightness to 0: SUCCESS
2025-07-23 01:41:39,965 - BrightnessController.BrightnessController - INFO - set_brightness:261 - Set brightness result: True for display Laptop Display 1 using method wmi
2025-07-23 01:41:40,042 - BrightnessController.BrightnessController.WMI - DEBUG - set_brightness:107 - Set brightness return code: 0
2025-07-23 01:41:40,044 - BrightnessController.BrightnessController.WMI - DEBUG - set_brightness:108 - Set brightness stdout: 
2025-07-23 01:41:40,044 - BrightnessController.BrightnessController.WMI - DEBUG - set_brightness:109 - Set brightness stderr: 
2025-07-23 01:41:40,045 - BrightnessController.BrightnessController.WMI - INFO - set_brightness:112 - WMI set brightness to 0: SUCCESS
2025-07-23 01:41:40,050 - BrightnessController.BrightnessController - INFO - set_brightness:261 - Set brightness result: True for display Laptop Display 1 using method wmi
2025-07-23 01:41:40,062 - BrightnessController.BrightnessController.WMI - DEBUG - set_brightness:107 - Set brightness return code: 0
2025-07-23 01:41:40,062 - BrightnessController.BrightnessController.WMI - DEBUG - set_brightness:107 - Set brightness return code: 0
2025-07-23 01:41:40,063 - BrightnessController.BrightnessController.WMI - DEBUG - set_brightness:108 - Set brightness stdout: 
2025-07-23 01:41:40,063 - BrightnessController.BrightnessController.WMI - DEBUG - set_brightness:108 - Set brightness stdout: 
2025-07-23 01:41:40,064 - BrightnessController.BrightnessController.WMI - DEBUG - set_brightness:109 - Set brightness stderr: 
2025-07-23 01:41:40,065 - BrightnessController.BrightnessController.WMI - DEBUG - set_brightness:109 - Set brightness stderr: 
2025-07-23 01:41:40,065 - BrightnessController.BrightnessController.WMI - DEBUG - set_brightness:107 - Set brightness return code: 0
2025-07-23 01:41:40,066 - BrightnessController.BrightnessController.WMI - DEBUG - set_brightness:108 - Set brightness stdout: 
2025-07-23 01:41:40,066 - BrightnessController.BrightnessController.WMI - INFO - set_brightness:112 - WMI set brightness to 0: SUCCESS
2025-07-23 01:41:40,068 - BrightnessController.BrightnessController.WMI - DEBUG - set_brightness:109 - Set brightness stderr: 
2025-07-23 01:41:40,066 - BrightnessController.BrightnessController.WMI - INFO - set_brightness:112 - WMI set brightness to 0: SUCCESS
2025-07-23 01:41:40,068 - BrightnessController.BrightnessController - INFO - set_brightness:261 - Set brightness result: True for display Laptop Display 1 using method wmi
2025-07-23 01:41:40,069 - BrightnessController.BrightnessController - INFO - set_brightness:261 - Set brightness result: True for display Laptop Display 1 using method wmi
2025-07-23 01:41:40,069 - BrightnessController.BrightnessController.WMI - INFO - set_brightness:112 - WMI set brightness to 0: SUCCESS
2025-07-23 01:41:40,073 - BrightnessController.BrightnessController - INFO - set_brightness:261 - Set brightness result: True for display Laptop Display 1 using method wmi
2025-07-23 01:41:40,094 - BrightnessController.BrightnessController.WMI - DEBUG - set_brightness:107 - Set brightness return code: 0
2025-07-23 01:41:40,094 - BrightnessController.BrightnessController.WMI - DEBUG - set_brightness:108 - Set brightness stdout: 
2025-07-23 01:41:40,094 - BrightnessController.BrightnessController.WMI - DEBUG - set_brightness:109 - Set brightness stderr: 
2025-07-23 01:41:40,094 - BrightnessController.BrightnessController.WMI - INFO - set_brightness:112 - WMI set brightness to 0: SUCCESS
2025-07-23 01:41:40,096 - BrightnessController.BrightnessController - INFO - set_brightness:261 - Set brightness result: True for display Laptop Display 1 using method wmi
