2025-07-23 01:39:54,178 - BrightnessController.Security - INFO - setup_component_logger:58 - Logger initialized for component: BrightnessController.Security
2025-07-23 01:39:54,178 - BrightnessController.Security - INFO - setup_component_logger:59 - Component log file: logs\BrightnessController.Security_20250723_013950.log
2025-07-23 01:39:54,178 - BrightnessController.Security - INFO - __init__:20 - SecurityManager initialized
2025-07-23 01:39:54,178 - BrightnessController.Security - DEBUG - __init__:26 - Security patterns configured
2025-07-23 01:39:56,223 - BrightnessController.Security - DEBUG - create_safe_wmi_command:141 - Creating safe WMI command: namespace=root/WMI, class=WmiMonitorBrightness, method=None
2025-07-23 01:39:56,223 - BrightnessController.Security - DEBUG - validate_wmi_namespace:95 - WMI namespace validation: 'root/WMI' -> True
2025-07-23 01:39:56,223 - BrightnessController.Security - DEBUG - validate_wmi_class:120 - WMI class validation: 'WmiMonitorBrightness' -> True
2025-07-23 01:39:56,226 - BrightnessController.Security - DEBUG - sanitize_powershell_command:59 - Sanitizing PowerShell command: ['powershell', '-Command', 'Get-WmiObject -Namespace root/WMI -Class WmiMonitorBrightness']
2025-07-23 01:39:56,226 - BrightnessController.Security - DEBUG - sanitize_powershell_command:75 - Sanitized command: ['powershell', '-Command', 'Get-WmiObject -Namespace root/WMI -Class WmiMonitorBrightness']
2025-07-23 01:39:56,226 - BrightnessController.Security - INFO - create_safe_wmi_command:167 - Created safe WMI command: ['powershell', '-Command', 'Get-WmiObject -Namespace root/WMI -Class WmiMonitorBrightness']
2025-07-23 01:40:05,103 - BrightnessController.Security - DEBUG - validate_brightness_value:38 - Validating brightness value: 25 (type: <class 'int'>)
2025-07-23 01:40:05,105 - BrightnessController.Security - DEBUG - validate_brightness_value:43 - Brightness validation result: True (value: 25.000000)
2025-07-23 01:40:05,108 - BrightnessController.Security - DEBUG - validate_brightness_value:38 - Validating brightness value: 25 (type: <class 'int'>)
2025-07-23 01:40:05,110 - BrightnessController.Security - DEBUG - validate_brightness_value:43 - Brightness validation result: True (value: 25.000000)
2025-07-23 01:40:05,110 - BrightnessController.Security - DEBUG - create_safe_wmi_command:141 - Creating safe WMI command: namespace=root/WMI, class=WmiMonitorBrightnessMethods, method=WmiSetBrightness
2025-07-23 01:40:05,111 - BrightnessController.Security - DEBUG - validate_wmi_namespace:95 - WMI namespace validation: 'root/WMI' -> True
2025-07-23 01:40:05,111 - BrightnessController.Security - DEBUG - validate_wmi_class:120 - WMI class validation: 'WmiMonitorBrightnessMethods' -> True
2025-07-23 01:40:05,113 - BrightnessController.Security - DEBUG - sanitize_powershell_command:59 - Sanitizing PowerShell command: ['powershell', '-Command', '(Get-WmiObject -Namespace root/WMI -Class WmiMonitorBrightnessMethods).WmiSetBrightness(1,25)']
2025-07-23 01:40:05,114 - BrightnessController.Security - DEBUG - sanitize_powershell_command:75 - Sanitized command: ['powershell', '-Command', '(Get-WmiObject -Namespace root/WMI -Class WmiMonitorBrightnessMethods).WmiSetBrightness(1,25)']
2025-07-23 01:40:05,114 - BrightnessController.Security - INFO - create_safe_wmi_command:167 - Created safe WMI command: ['powershell', '-Command', '(Get-WmiObject -Namespace root/WMI -Class WmiMonitorBrightnessMethods).WmiSetBrightness(1,25)']
2025-07-23 01:40:07,697 - BrightnessController.Security - DEBUG - validate_brightness_value:38 - Validating brightness value: 50 (type: <class 'int'>)
2025-07-23 01:40:07,697 - BrightnessController.Security - DEBUG - validate_brightness_value:43 - Brightness validation result: True (value: 50.000000)
2025-07-23 01:40:07,710 - BrightnessController.Security - DEBUG - validate_brightness_value:38 - Validating brightness value: 50 (type: <class 'int'>)
2025-07-23 01:40:07,710 - BrightnessController.Security - DEBUG - validate_brightness_value:43 - Brightness validation result: True (value: 50.000000)
2025-07-23 01:40:07,710 - BrightnessController.Security - DEBUG - create_safe_wmi_command:141 - Creating safe WMI command: namespace=root/WMI, class=WmiMonitorBrightnessMethods, method=WmiSetBrightness
2025-07-23 01:40:07,712 - BrightnessController.Security - DEBUG - validate_wmi_namespace:95 - WMI namespace validation: 'root/WMI' -> True
2025-07-23 01:40:07,712 - BrightnessController.Security - DEBUG - validate_wmi_class:120 - WMI class validation: 'WmiMonitorBrightnessMethods' -> True
2025-07-23 01:40:07,712 - BrightnessController.Security - DEBUG - sanitize_powershell_command:59 - Sanitizing PowerShell command: ['powershell', '-Command', '(Get-WmiObject -Namespace root/WMI -Class WmiMonitorBrightnessMethods).WmiSetBrightness(1,50)']
2025-07-23 01:40:07,713 - BrightnessController.Security - DEBUG - sanitize_powershell_command:75 - Sanitized command: ['powershell', '-Command', '(Get-WmiObject -Namespace root/WMI -Class WmiMonitorBrightnessMethods).WmiSetBrightness(1,50)']
2025-07-23 01:40:07,713 - BrightnessController.Security - INFO - create_safe_wmi_command:167 - Created safe WMI command: ['powershell', '-Command', '(Get-WmiObject -Namespace root/WMI -Class WmiMonitorBrightnessMethods).WmiSetBrightness(1,50)']
2025-07-23 01:40:10,016 - BrightnessController.Security - DEBUG - validate_brightness_value:38 - Validating brightness value: 75 (type: <class 'int'>)
2025-07-23 01:40:10,016 - BrightnessController.Security - DEBUG - validate_brightness_value:43 - Brightness validation result: True (value: 75.000000)
2025-07-23 01:40:10,016 - BrightnessController.Security - DEBUG - validate_brightness_value:38 - Validating brightness value: 75 (type: <class 'int'>)
2025-07-23 01:40:10,016 - BrightnessController.Security - DEBUG - validate_brightness_value:43 - Brightness validation result: True (value: 75.000000)
2025-07-23 01:40:10,016 - BrightnessController.Security - DEBUG - create_safe_wmi_command:141 - Creating safe WMI command: namespace=root/WMI, class=WmiMonitorBrightnessMethods, method=WmiSetBrightness
2025-07-23 01:40:10,016 - BrightnessController.Security - DEBUG - validate_wmi_namespace:95 - WMI namespace validation: 'root/WMI' -> True
2025-07-23 01:40:10,016 - BrightnessController.Security - DEBUG - validate_wmi_class:120 - WMI class validation: 'WmiMonitorBrightnessMethods' -> True
2025-07-23 01:40:10,016 - BrightnessController.Security - DEBUG - sanitize_powershell_command:59 - Sanitizing PowerShell command: ['powershell', '-Command', '(Get-WmiObject -Namespace root/WMI -Class WmiMonitorBrightnessMethods).WmiSetBrightness(1,75)']
2025-07-23 01:40:10,016 - BrightnessController.Security - DEBUG - sanitize_powershell_command:75 - Sanitized command: ['powershell', '-Command', '(Get-WmiObject -Namespace root/WMI -Class WmiMonitorBrightnessMethods).WmiSetBrightness(1,75)']
2025-07-23 01:40:10,025 - BrightnessController.Security - INFO - create_safe_wmi_command:167 - Created safe WMI command: ['powershell', '-Command', '(Get-WmiObject -Namespace root/WMI -Class WmiMonitorBrightnessMethods).WmiSetBrightness(1,75)']
2025-07-23 01:40:11,777 - BrightnessController.Security - DEBUG - validate_brightness_value:38 - Validating brightness value: 100 (type: <class 'int'>)
2025-07-23 01:40:11,777 - BrightnessController.Security - DEBUG - validate_brightness_value:43 - Brightness validation result: True (value: 100.000000)
2025-07-23 01:40:11,785 - BrightnessController.Security - DEBUG - validate_brightness_value:38 - Validating brightness value: 100 (type: <class 'int'>)
2025-07-23 01:40:11,785 - BrightnessController.Security - DEBUG - validate_brightness_value:43 - Brightness validation result: True (value: 100.000000)
2025-07-23 01:40:11,786 - BrightnessController.Security - DEBUG - create_safe_wmi_command:141 - Creating safe WMI command: namespace=root/WMI, class=WmiMonitorBrightnessMethods, method=WmiSetBrightness
2025-07-23 01:40:11,786 - BrightnessController.Security - DEBUG - validate_wmi_namespace:95 - WMI namespace validation: 'root/WMI' -> True
2025-07-23 01:40:11,786 - BrightnessController.Security - DEBUG - validate_wmi_class:120 - WMI class validation: 'WmiMonitorBrightnessMethods' -> True
2025-07-23 01:40:11,786 - BrightnessController.Security - DEBUG - sanitize_powershell_command:59 - Sanitizing PowerShell command: ['powershell', '-Command', '(Get-WmiObject -Namespace root/WMI -Class WmiMonitorBrightnessMethods).WmiSetBrightness(1,100)']
2025-07-23 01:40:11,786 - BrightnessController.Security - DEBUG - sanitize_powershell_command:75 - Sanitized command: ['powershell', '-Command', '(Get-WmiObject -Namespace root/WMI -Class WmiMonitorBrightnessMethods).WmiSetBrightness(1,100)']
2025-07-23 01:40:11,786 - BrightnessController.Security - INFO - create_safe_wmi_command:167 - Created safe WMI command: ['powershell', '-Command', '(Get-WmiObject -Namespace root/WMI -Class WmiMonitorBrightnessMethods).WmiSetBrightness(1,100)']
2025-07-23 01:40:13,982 - BrightnessController.Security - DEBUG - validate_brightness_value:38 - Validating brightness value: 25 (type: <class 'int'>)
2025-07-23 01:40:13,991 - BrightnessController.Security - DEBUG - validate_brightness_value:43 - Brightness validation result: True (value: 25.000000)
2025-07-23 01:40:13,994 - BrightnessController.Security - DEBUG - validate_brightness_value:38 - Validating brightness value: 25 (type: <class 'int'>)
2025-07-23 01:40:13,994 - BrightnessController.Security - DEBUG - validate_brightness_value:43 - Brightness validation result: True (value: 25.000000)
2025-07-23 01:40:13,996 - BrightnessController.Security - DEBUG - create_safe_wmi_command:141 - Creating safe WMI command: namespace=root/WMI, class=WmiMonitorBrightnessMethods, method=WmiSetBrightness
2025-07-23 01:40:13,996 - BrightnessController.Security - DEBUG - validate_wmi_namespace:95 - WMI namespace validation: 'root/WMI' -> True
2025-07-23 01:40:13,997 - BrightnessController.Security - DEBUG - validate_wmi_class:120 - WMI class validation: 'WmiMonitorBrightnessMethods' -> True
2025-07-23 01:40:13,997 - BrightnessController.Security - DEBUG - sanitize_powershell_command:59 - Sanitizing PowerShell command: ['powershell', '-Command', '(Get-WmiObject -Namespace root/WMI -Class WmiMonitorBrightnessMethods).WmiSetBrightness(1,25)']
2025-07-23 01:40:13,998 - BrightnessController.Security - DEBUG - sanitize_powershell_command:75 - Sanitized command: ['powershell', '-Command', '(Get-WmiObject -Namespace root/WMI -Class WmiMonitorBrightnessMethods).WmiSetBrightness(1,25)']
2025-07-23 01:40:13,999 - BrightnessController.Security - INFO - create_safe_wmi_command:167 - Created safe WMI command: ['powershell', '-Command', '(Get-WmiObject -Namespace root/WMI -Class WmiMonitorBrightnessMethods).WmiSetBrightness(1,25)']
2025-07-23 01:40:20,270 - BrightnessController.Security - DEBUG - create_safe_wmi_command:141 - Creating safe WMI command: namespace=root/WMI, class=WmiMonitorBrightness, method=None
2025-07-23 01:40:20,270 - BrightnessController.Security - DEBUG - validate_wmi_namespace:95 - WMI namespace validation: 'root/WMI' -> True
2025-07-23 01:40:20,273 - BrightnessController.Security - DEBUG - validate_wmi_class:120 - WMI class validation: 'WmiMonitorBrightness' -> True
2025-07-23 01:40:20,273 - BrightnessController.Security - DEBUG - sanitize_powershell_command:59 - Sanitizing PowerShell command: ['powershell', '-Command', 'Get-WmiObject -Namespace root/WMI -Class WmiMonitorBrightness']
2025-07-23 01:40:20,273 - BrightnessController.Security - DEBUG - sanitize_powershell_command:75 - Sanitized command: ['powershell', '-Command', 'Get-WmiObject -Namespace root/WMI -Class WmiMonitorBrightness']
2025-07-23 01:40:20,273 - BrightnessController.Security - INFO - create_safe_wmi_command:167 - Created safe WMI command: ['powershell', '-Command', 'Get-WmiObject -Namespace root/WMI -Class WmiMonitorBrightness']
