2025-07-23 01:39:55,922 - BrightnessController.GUI - INFO - setup_component_logger:58 - Logger initialized for component: BrightnessController.GUI
2025-07-23 01:39:55,922 - BrightnessController.GUI - INFO - setup_component_logger:59 - Component log file: logs\BrightnessController.GUI_20250723_013950.log
2025-07-23 01:39:55,928 - BrightnessController.GUI - INFO - __init__:95 - Initializing BrightnessGUI
2025-07-23 01:39:55,930 - BrightnessController.GUI.Settings - INFO - setup_component_logger:58 - Logger initialized for component: BrightnessController.GUI.Settings
2025-07-23 01:39:55,930 - BrightnessController.GUI.Settings - INFO - setup_component_logger:59 - Component log file: logs\BrightnessController.GUI.Settings_20250723_013950.log
2025-07-23 01:39:55,938 - BrightnessController.GUI.Settings - DEBUG - __init__:25 - Settings file: C:\Users\EoCiLeng\.brightness_controller_settings.json
2025-07-23 01:39:55,942 - BrightnessController.GUI.Settings - DEBUG - load_settings:44 - Using default settings: {'last_brightness': 50, 'last_display_index': 0, 'window_geometry': None}
2025-07-23 01:39:55,944 - BrightnessController.GUI - DEBUG - _setup_window:127 - Setting up main window
2025-07-23 01:39:56,106 - BrightnessController.GUI - DEBUG - _setup_window:144 - Main window setup complete
2025-07-23 01:39:56,106 - BrightnessController.GUI - DEBUG - _setup_gui:148 - Setting up GUI components
2025-07-23 01:39:56,127 - BrightnessController.GUI - DEBUG - _update_display_list:242 - Updating display list
2025-07-23 01:39:56,127 - BrightnessController.GUI - INFO - _update_display_list:248 - Display list updated: 2 displays
2025-07-23 01:39:56,127 - BrightnessController.GUI - DEBUG - _update_display_list:251 - Display 0: Laptop Display 1 (internal)
2025-07-23 01:39:56,127 - BrightnessController.GUI - DEBUG - _update_display_list:251 - Display 1: External Monitor 1 (external)
2025-07-23 01:39:56,179 - BrightnessController.GUI.Status - INFO - setup_component_logger:58 - Logger initialized for component: BrightnessController.GUI.Status
2025-07-23 01:39:56,181 - BrightnessController.GUI.Status - INFO - setup_component_logger:59 - Component log file: logs\BrightnessController.GUI.Status_20250723_013950.log
2025-07-23 01:39:56,182 - BrightnessController.GUI.Status - DEBUG - __init__:63 - Status display initialized
2025-07-23 01:39:56,214 - BrightnessController.GUI - DEBUG - _setup_gui:238 - GUI components setup complete
2025-07-23 01:39:56,214 - BrightnessController.GUI - DEBUG - _apply_settings:255 - Applying settings
2025-07-23 01:39:56,214 - BrightnessController.GUI - DEBUG - _apply_settings:262 - Settings applied
2025-07-23 01:39:56,214 - BrightnessController.GUI - DEBUG - _select_initial_display:266 - Selecting initial display
2025-07-23 01:39:56,214 - BrightnessController.GUI - DEBUG - _on_display_change:286 - Display selection changed
2025-07-23 01:39:56,214 - BrightnessController.GUI - INFO - _on_display_change:293 - Selected display: Laptop Display 1
2025-07-23 01:39:56,214 - BrightnessController.GUI.Status - INFO - show_info:77 - Info: Selected: Laptop Display 1
2025-07-23 01:39:56,214 - BrightnessController.GUI - DEBUG - _update_brightness_display:355 - Updating brightness display for Laptop Display 1
2025-07-23 01:39:56,220 - BrightnessController.GUI - INFO - _select_initial_display:282 - Initial display selected
2025-07-23 01:39:56,221 - BrightnessController.GUI - INFO - __init__:123 - BrightnessGUI initialization complete
2025-07-23 01:39:56,223 - BrightnessController.GUI - INFO - run:450 - Starting GUI main loop
2025-07-23 01:39:57,274 - BrightnessController.GUI - DEBUG - update_async:366 - Updated brightness display to 0
2025-07-23 01:39:57,274 - BrightnessController.GUI.Status - INFO - show_info:77 - Info: Current: 0%
2025-07-23 01:40:05,096 - BrightnessController.GUI - INFO - _set_quick_brightness:345 - Setting quick brightness to 25
2025-07-23 01:40:05,096 - BrightnessController.GUI - DEBUG - _on_brightness_change:312 - Brightness slider changed to: 25
2025-07-23 01:40:05,096 - BrightnessController.GUI.Status - DEBUG - show_working:82 - Working: Updating brightness...
2025-07-23 01:40:05,096 - BrightnessController.GUI - INFO - _update_brightness_async:327 - Updating brightness to 25 for display Laptop Display 1
2025-07-23 01:40:05,767 - BrightnessController.GUI.Status - INFO - show_success:67 - Success: Brightness updated
2025-07-23 01:40:07,697 - BrightnessController.GUI - INFO - _set_quick_brightness:345 - Setting quick brightness to 50
2025-07-23 01:40:07,697 - BrightnessController.GUI - DEBUG - _on_brightness_change:312 - Brightness slider changed to: 50
2025-07-23 01:40:07,697 - BrightnessController.GUI.Status - DEBUG - show_working:82 - Working: Updating brightness...
2025-07-23 01:40:07,697 - BrightnessController.GUI - INFO - _update_brightness_async:327 - Updating brightness to 50 for display Laptop Display 1
2025-07-23 01:40:08,491 - BrightnessController.GUI.Status - INFO - show_success:67 - Success: Brightness updated
2025-07-23 01:40:10,016 - BrightnessController.GUI - INFO - _set_quick_brightness:345 - Setting quick brightness to 75
2025-07-23 01:40:10,016 - BrightnessController.GUI - DEBUG - _on_brightness_change:312 - Brightness slider changed to: 75
2025-07-23 01:40:10,016 - BrightnessController.GUI.Status - DEBUG - show_working:82 - Working: Updating brightness...
2025-07-23 01:40:10,016 - BrightnessController.GUI - INFO - _update_brightness_async:327 - Updating brightness to 75 for display Laptop Display 1
2025-07-23 01:40:10,741 - BrightnessController.GUI.Status - INFO - show_success:67 - Success: Brightness updated
2025-07-23 01:40:11,773 - BrightnessController.GUI - INFO - _set_quick_brightness:345 - Setting quick brightness to 100
2025-07-23 01:40:11,775 - BrightnessController.GUI - DEBUG - _on_brightness_change:312 - Brightness slider changed to: 100
2025-07-23 01:40:11,777 - BrightnessController.GUI.Status - DEBUG - show_working:82 - Working: Updating brightness...
2025-07-23 01:40:11,777 - BrightnessController.GUI - INFO - _update_brightness_async:327 - Updating brightness to 100 for display Laptop Display 1
2025-07-23 01:40:12,490 - BrightnessController.GUI.Status - INFO - show_success:67 - Success: Brightness updated
2025-07-23 01:40:13,982 - BrightnessController.GUI - INFO - _set_quick_brightness:345 - Setting quick brightness to 25
2025-07-23 01:40:13,982 - BrightnessController.GUI - DEBUG - _on_brightness_change:312 - Brightness slider changed to: 25
2025-07-23 01:40:13,982 - BrightnessController.GUI.Status - DEBUG - show_working:82 - Working: Updating brightness...
2025-07-23 01:40:13,982 - BrightnessController.GUI - INFO - _update_brightness_async:327 - Updating brightness to 25 for display Laptop Display 1
2025-07-23 01:40:14,640 - BrightnessController.GUI.Status - INFO - show_success:67 - Success: Brightness updated
2025-07-23 01:40:18,973 - BrightnessController.GUI - INFO - _refresh_displays:381 - Refreshing display detection
2025-07-23 01:40:18,973 - BrightnessController.GUI.Status - DEBUG - show_working:82 - Working: Refreshing displays...
2025-07-23 01:40:20,262 - BrightnessController.GUI - DEBUG - _update_display_list:242 - Updating display list
2025-07-23 01:40:20,262 - BrightnessController.GUI - INFO - _update_display_list:248 - Display list updated: 2 displays
2025-07-23 01:40:20,266 - BrightnessController.GUI - DEBUG - _update_display_list:251 - Display 0: Laptop Display 1 (internal)
2025-07-23 01:40:20,266 - BrightnessController.GUI - DEBUG - _update_display_list:251 - Display 1: External Monitor 1 (external)
2025-07-23 01:40:20,266 - BrightnessController.GUI - DEBUG - _select_initial_display:266 - Selecting initial display
2025-07-23 01:40:20,267 - BrightnessController.GUI - DEBUG - _on_display_change:286 - Display selection changed
2025-07-23 01:40:20,267 - BrightnessController.GUI - INFO - _on_display_change:293 - Selected display: Laptop Display 1
2025-07-23 01:40:20,268 - BrightnessController.GUI.Status - INFO - show_info:77 - Info: Selected: Laptop Display 1
2025-07-23 01:40:20,268 - BrightnessController.GUI - DEBUG - _update_brightness_display:355 - Updating brightness display for Laptop Display 1
2025-07-23 01:40:20,270 - BrightnessController.GUI - INFO - _select_initial_display:282 - Initial display selected
2025-07-23 01:40:20,277 - BrightnessController.GUI.Status - INFO - show_success:67 - Success: Displays refreshed
2025-07-23 01:40:20,894 - BrightnessController.GUI - DEBUG - update_async:366 - Updated brightness display to 25
2025-07-23 01:40:20,898 - BrightnessController.GUI.Status - INFO - show_info:77 - Info: Current: 25%
2025-07-23 01:40:22,491 - BrightnessController.GUI - INFO - _on_closing:444 - Application closing
2025-07-23 01:40:22,491 - BrightnessController.GUI.Settings - INFO - save_settings:52 - Settings saved: {'last_brightness': 25, 'last_display_index': 0, 'window_geometry': '450x350+156+156'}
2025-07-23 01:40:22,685 - BrightnessController.GUI - INFO - run:461 - GUI main loop ended
