2025-07-23 01:39:50,773 - BrightnessController.Main - INFO - setup_component_logger:58 - Logger initialized for component: BrightnessController.Main
2025-07-23 01:39:50,773 - BrightnessController.Main - INFO - setup_component_logger:59 - Component log file: logs\BrightnessController.Main_20250723_013950.log
2025-07-23 01:39:50,773 - BrightnessController.Main - INFO - setup_logging:75 - Logging system initialized
2025-07-23 01:39:50,773 - BrightnessController.Main - INFO - setup_logging:76 - Log directory: D:\School\ConfirmationProjects\BrightnessController\logs
2025-07-23 01:39:50,773 - BrightnessController.Main - INFO - setup_logging:77 - Session ID: 20250723_013950
2025-07-23 01:39:50,773 - BrightnessController.Main - INFO - main:33 - ================================================================================
2025-07-23 01:39:50,782 - BrightnessController.Main - INFO - main:34 - UNIVERSAL BRIGHTNESS CONTROLLER APPLICATION STARTING
2025-07-23 01:39:50,784 - BrightnessController.Main - INFO - main:35 - ================================================================================
2025-07-23 01:39:50,784 - BrightnessController.Main - INFO - main:36 - Python version: 3.12.10 (tags/v3.12.10:0cc8128, Apr  8 2025, 12:21:36) [MSC v.1943 64 bit (AMD64)]
2025-07-23 01:39:50,787 - BrightnessController.Main - INFO - main:37 - Platform: win32
2025-07-23 01:39:50,787 - BrightnessController.Main - INFO - main:38 - Working directory: D:\School\ConfirmationProjects\BrightnessController
2025-07-23 01:39:50,790 - BrightnessController.Main - INFO - main:42 - Checking system requirements...
2025-07-23 01:39:50,793 - BrightnessController.SystemChecker - INFO - setup_component_logger:58 - Logger initialized for component: BrightnessController.SystemChecker
2025-07-23 01:39:50,795 - BrightnessController.SystemChecker - INFO - setup_component_logger:59 - Component log file: logs\BrightnessController.SystemChecker_20250723_013950.log
2025-07-23 01:39:50,798 - BrightnessController.SystemChecker - INFO - __init__:23 - SystemChecker initialized
2025-07-23 01:39:50,799 - BrightnessController.SystemChecker - DEBUG - __init__:32 - System requirements: {'platform': 'win32', 'python_version': (3, 6), 'powershell': True, 'tkinter': True}
2025-07-23 01:39:50,799 - BrightnessController.SystemChecker - INFO - check_all_requirements:197 - Starting comprehensive system requirements check
2025-07-23 01:39:50,799 - BrightnessController.SystemChecker - DEBUG - check_all_requirements:210 - Running check: Platform
2025-07-23 01:39:50,799 - BrightnessController.SystemChecker - DEBUG - check_platform:36 - Checking platform compatibility
2025-07-23 01:39:50,804 - BrightnessController.SystemChecker - INFO - check_platform:48 - Platform check passed: win32
2025-07-23 01:39:50,851 - BrightnessController.SystemChecker - DEBUG - check_all_requirements:210 - Running check: Python Version
2025-07-23 01:39:50,851 - BrightnessController.SystemChecker - DEBUG - check_python_version:54 - Checking Python version
2025-07-23 01:39:50,851 - BrightnessController.SystemChecker - INFO - check_python_version:69 - Python version check passed: 3.12
2025-07-23 01:39:50,865 - BrightnessController.SystemChecker - DEBUG - check_all_requirements:210 - Running check: PowerShell
2025-07-23 01:39:50,865 - BrightnessController.SystemChecker - DEBUG - check_powershell:75 - Checking PowerShell availability
2025-07-23 01:39:50,867 - BrightnessController.SystemChecker - DEBUG - check_powershell:78 - Testing PowerShell with simple command
2025-07-23 01:39:51,650 - BrightnessController.SystemChecker - DEBUG - check_powershell:86 - PowerShell test result: code=0, stdout='test', stderr=''
2025-07-23 01:39:51,650 - BrightnessController.SystemChecker - INFO - check_powershell:92 - PowerShell check passed
2025-07-23 01:39:51,663 - BrightnessController.SystemChecker - DEBUG - check_all_requirements:210 - Running check: Tkinter
2025-07-23 01:39:51,663 - BrightnessController.SystemChecker - DEBUG - check_tkinter:114 - Checking Tkinter availability
2025-07-23 01:39:51,824 - BrightnessController.SystemChecker - INFO - check_tkinter:124 - Tkinter check passed
2025-07-23 01:39:51,858 - BrightnessController.SystemChecker - DEBUG - check_all_requirements:228 - Running optional checks
2025-07-23 01:39:51,858 - BrightnessController.SystemChecker - DEBUG - check_wmi_support:138 - Checking WMI brightness support
2025-07-23 01:39:51,858 - BrightnessController.SystemChecker - DEBUG - check_wmi_support:141 - Testing WMI brightness query
2025-07-23 01:39:53,705 - BrightnessController.SystemChecker - DEBUG - check_wmi_support:147 - WMI test result: code=0, stdout='
Count
-----
    1


'
2025-07-23 01:39:53,705 - BrightnessController.SystemChecker - INFO - check_wmi_support:152 - WMI brightness support detected
2025-07-23 01:39:53,729 - BrightnessController.SystemChecker - INFO - check_all_requirements:239 - All required system checks passed!
2025-07-23 01:39:53,730 - BrightnessController.SystemChecker - DEBUG - get_system_info:170 - Gathering system information
2025-07-23 01:39:54,167 - BrightnessController.SystemChecker - INFO - get_system_info:187 - System info gathered: {'platform': 'win32', 'python_version': '3.12.10 (tags/v3.12.10:0cc8128, Apr  8 2025, 12:21...', 'architecture': '64bit', 'machine': 'AMD64', 'processor': 'Intel64 Family 6 Model 142 Stepping 10, GenuineInt...', 'windows_version': '10.0.26100'}
2025-07-23 01:39:54,170 - BrightnessController.SystemChecker - INFO - check_all_requirements:252 - System Information:
2025-07-23 01:39:54,170 - BrightnessController.SystemChecker - INFO - check_all_requirements:254 -   platform: win32
2025-07-23 01:39:54,170 - BrightnessController.SystemChecker - INFO - check_all_requirements:254 -   python_version: 3.12.10 (tags/v3.12.10:0cc8128, Apr  8 2025, 12:21:36) [MSC v.1943 64 bit (AMD64)]
2025-07-23 01:39:54,170 - BrightnessController.SystemChecker - INFO - check_all_requirements:254 -   architecture: 64bit
2025-07-23 01:39:54,170 - BrightnessController.SystemChecker - INFO - check_all_requirements:254 -   machine: AMD64
2025-07-23 01:39:54,170 - BrightnessController.SystemChecker - INFO - check_all_requirements:254 -   processor: Intel64 Family 6 Model 142 Stepping 10, GenuineIntel
2025-07-23 01:39:54,170 - BrightnessController.SystemChecker - INFO - check_all_requirements:254 -   windows_version: 10.0.26100
2025-07-23 01:39:54,170 - BrightnessController.Main - INFO - main:48 - Creating application components...
2025-07-23 01:39:54,178 - BrightnessController.Security - INFO - setup_component_logger:58 - Logger initialized for component: BrightnessController.Security
2025-07-23 01:39:54,178 - BrightnessController.Security - INFO - setup_component_logger:59 - Component log file: logs\BrightnessController.Security_20250723_013950.log
2025-07-23 01:39:54,178 - BrightnessController.Security - INFO - __init__:20 - SecurityManager initialized
2025-07-23 01:39:54,178 - BrightnessController.Security - DEBUG - __init__:26 - Security patterns configured
2025-07-23 01:39:54,185 - BrightnessController.DisplayDetector - INFO - setup_component_logger:58 - Logger initialized for component: BrightnessController.DisplayDetector
2025-07-23 01:39:54,185 - BrightnessController.DisplayDetector - INFO - setup_component_logger:59 - Component log file: logs\BrightnessController.DisplayDetector_20250723_013950.log
2025-07-23 01:39:54,187 - BrightnessController.DisplayDetector - INFO - __init__:229 - Initializing DisplayDetector
2025-07-23 01:39:54,190 - BrightnessController.DisplayDetector.WMI - INFO - setup_component_logger:58 - Logger initialized for component: BrightnessController.DisplayDetector.WMI
2025-07-23 01:39:54,190 - BrightnessController.DisplayDetector.WMI - INFO - setup_component_logger:58 - Logger initialized for component: BrightnessController.DisplayDetector.WMI
2025-07-23 01:39:54,193 - BrightnessController.DisplayDetector.WMI - INFO - setup_component_logger:59 - Component log file: logs\BrightnessController.DisplayDetector.WMI_20250723_013950.log
2025-07-23 01:39:54,193 - BrightnessController.DisplayDetector.WMI - INFO - setup_component_logger:59 - Component log file: logs\BrightnessController.DisplayDetector.WMI_20250723_013950.log
2025-07-23 01:39:54,195 - BrightnessController.DisplayDetector.WMI - DEBUG - __init__:43 - WMI Display Detector initialized
2025-07-23 01:39:54,195 - BrightnessController.DisplayDetector.WMI - DEBUG - __init__:43 - WMI Display Detector initialized
2025-07-23 01:39:54,197 - BrightnessController.DisplayDetector.DDC - INFO - setup_component_logger:58 - Logger initialized for component: BrightnessController.DisplayDetector.DDC
2025-07-23 01:39:54,197 - BrightnessController.DisplayDetector.DDC - INFO - setup_component_logger:58 - Logger initialized for component: BrightnessController.DisplayDetector.DDC
2025-07-23 01:39:54,200 - BrightnessController.DisplayDetector.DDC - INFO - setup_component_logger:59 - Component log file: logs\BrightnessController.DisplayDetector.DDC_20250723_013950.log
2025-07-23 01:39:54,200 - BrightnessController.DisplayDetector.DDC - INFO - setup_component_logger:59 - Component log file: logs\BrightnessController.DisplayDetector.DDC_20250723_013950.log
2025-07-23 01:39:54,200 - BrightnessController.DisplayDetector.DDC - DEBUG - __init__:173 - DDC Display Detector initialized
2025-07-23 01:39:54,200 - BrightnessController.DisplayDetector.DDC - DEBUG - __init__:173 - DDC Display Detector initialized
2025-07-23 01:39:54,200 - BrightnessController.DisplayDetector - INFO - detect_displays:241 - Starting comprehensive display detection
2025-07-23 01:39:54,204 - BrightnessController.DisplayDetector - DEBUG - detect_displays:245 - Detecting WMI displays (laptop/internal)
2025-07-23 01:39:54,204 - BrightnessController.DisplayDetector.WMI - INFO - detect_displays:47 - Starting WMI display detection
2025-07-23 01:39:54,204 - BrightnessController.DisplayDetector.WMI - INFO - detect_displays:47 - Starting WMI display detection
2025-07-23 01:39:54,204 - BrightnessController.DisplayDetector.WMI - DEBUG - _detect_brightness_methods:67 - Detecting WMI brightness methods
2025-07-23 01:39:54,204 - BrightnessController.DisplayDetector.WMI - DEBUG - _detect_brightness_methods:67 - Detecting WMI brightness methods
2025-07-23 01:39:54,204 - BrightnessController.DisplayDetector.WMI - DEBUG - _detect_brightness_methods:77 - Executing PowerShell command: powershell -Command Get-WmiObject -Namespace root/WMI -Class WmiMonitorBrightnessMethods | Select-Object InstanceName
2025-07-23 01:39:54,204 - BrightnessController.DisplayDetector.WMI - DEBUG - _detect_brightness_methods:77 - Executing PowerShell command: powershell -Command Get-WmiObject -Namespace root/WMI -Class WmiMonitorBrightnessMethods | Select-Object InstanceName
2025-07-23 01:39:54,963 - BrightnessController.DisplayDetector.WMI - DEBUG - _detect_brightness_methods:80 - PowerShell return code: 0
2025-07-23 01:39:54,963 - BrightnessController.DisplayDetector.WMI - DEBUG - _detect_brightness_methods:80 - PowerShell return code: 0
2025-07-23 01:39:54,963 - BrightnessController.DisplayDetector.WMI - DEBUG - _detect_brightness_methods:81 - PowerShell stdout: 
InstanceName                           
------------                           
DISPLAY\BOE06A7\4&263963b&0&UID265988_0



2025-07-23 01:39:54,963 - BrightnessController.DisplayDetector.WMI - DEBUG - _detect_brightness_methods:81 - PowerShell stdout: 
InstanceName                           
------------                           
DISPLAY\BOE06A7\4&263963b&0&UID265988_0



2025-07-23 01:39:54,963 - BrightnessController.DisplayDetector.WMI - DEBUG - _detect_brightness_methods:82 - PowerShell stderr: 
2025-07-23 01:39:54,963 - BrightnessController.DisplayDetector.WMI - DEBUG - _detect_brightness_methods:82 - PowerShell stderr: 
2025-07-23 01:39:54,963 - BrightnessController.DisplayDetector.WMI - DEBUG - _detect_brightness_methods:86 - Processing 3 output lines
2025-07-23 01:39:54,963 - BrightnessController.DisplayDetector.WMI - DEBUG - _detect_brightness_methods:86 - Processing 3 output lines
2025-07-23 01:39:54,963 - BrightnessController.DisplayDetector.WMI - DEBUG - _detect_brightness_methods:92 - Processing line 0: 'DISPLAY\BOE06A7\4&263963b&0&UID265988_0'
2025-07-23 01:39:54,963 - BrightnessController.DisplayDetector.WMI - DEBUG - _detect_brightness_methods:92 - Processing line 0: 'DISPLAY\BOE06A7\4&263963b&0&UID265988_0'
2025-07-23 01:39:54,970 - BrightnessController.DisplayDetector.WMI - INFO - _detect_brightness_methods:102 - Added WMI brightness method display: Display(Laptop Display 1, internal, wmi)
2025-07-23 01:39:54,970 - BrightnessController.DisplayDetector.WMI - INFO - _detect_brightness_methods:102 - Added WMI brightness method display: Display(Laptop Display 1, internal, wmi)
2025-07-23 01:39:54,970 - BrightnessController.DisplayDetector.WMI - DEBUG - _detect_brightness_methods:113 - WMI brightness methods detection complete: 1 displays
2025-07-23 01:39:54,970 - BrightnessController.DisplayDetector.WMI - DEBUG - _detect_brightness_methods:113 - WMI brightness methods detection complete: 1 displays
2025-07-23 01:39:54,970 - BrightnessController.DisplayDetector.WMI - DEBUG - _detect_current_brightness:118 - Detecting WMI current brightness
2025-07-23 01:39:54,970 - BrightnessController.DisplayDetector.WMI - DEBUG - _detect_current_brightness:118 - Detecting WMI current brightness
2025-07-23 01:39:54,970 - BrightnessController.DisplayDetector.WMI - DEBUG - _detect_current_brightness:128 - Executing PowerShell command: powershell -Command Get-WmiObject -Namespace root/WMI -Class WmiMonitorBrightness | Select-Object InstanceName, CurrentBrightness
2025-07-23 01:39:54,970 - BrightnessController.DisplayDetector.WMI - DEBUG - _detect_current_brightness:128 - Executing PowerShell command: powershell -Command Get-WmiObject -Namespace root/WMI -Class WmiMonitorBrightness | Select-Object InstanceName, CurrentBrightness
2025-07-23 01:39:55,858 - BrightnessController.DisplayDetector.WMI - DEBUG - _detect_current_brightness:131 - PowerShell return code: 0
2025-07-23 01:39:55,858 - BrightnessController.DisplayDetector.WMI - DEBUG - _detect_current_brightness:131 - PowerShell return code: 0
2025-07-23 01:39:55,858 - BrightnessController.DisplayDetector.WMI - DEBUG - _detect_current_brightness:132 - PowerShell stdout: 
InstanceName                            CurrentBrightness
------------                            -----------------
DISPLAY\BOE06A7\4&263963b&0&UID265988_0                 0



2025-07-23 01:39:55,858 - BrightnessController.DisplayDetector.WMI - DEBUG - _detect_current_brightness:132 - PowerShell stdout: 
InstanceName                            CurrentBrightness
------------                            -----------------
DISPLAY\BOE06A7\4&263963b&0&UID265988_0                 0



2025-07-23 01:39:55,858 - BrightnessController.DisplayDetector.WMI - DEBUG - _detect_current_brightness:133 - PowerShell stderr: 
2025-07-23 01:39:55,858 - BrightnessController.DisplayDetector.WMI - DEBUG - _detect_current_brightness:133 - PowerShell stderr: 
2025-07-23 01:39:55,858 - BrightnessController.DisplayDetector.WMI - DEBUG - _detect_current_brightness:137 - Processing 3 output lines
2025-07-23 01:39:55,858 - BrightnessController.DisplayDetector.WMI - DEBUG - _detect_current_brightness:137 - Processing 3 output lines
2025-07-23 01:39:55,858 - BrightnessController.DisplayDetector.WMI - DEBUG - _detect_current_brightness:143 - Processing line 0: 'DISPLAY\BOE06A7\4&263963b&0&UID265988_0                 0'
2025-07-23 01:39:55,858 - BrightnessController.DisplayDetector.WMI - DEBUG - _detect_current_brightness:143 - Processing line 0: 'DISPLAY\BOE06A7\4&263963b&0&UID265988_0                 0'
2025-07-23 01:39:55,858 - BrightnessController.DisplayDetector.WMI - INFO - _detect_current_brightness:153 - Added WMI current brightness display: Display(Laptop Display 1, internal, wmi)
2025-07-23 01:39:55,858 - BrightnessController.DisplayDetector.WMI - INFO - _detect_current_brightness:153 - Added WMI current brightness display: Display(Laptop Display 1, internal, wmi)
2025-07-23 01:39:55,869 - BrightnessController.DisplayDetector.WMI - DEBUG - _detect_current_brightness:164 - WMI current brightness detection complete: 1 displays
2025-07-23 01:39:55,869 - BrightnessController.DisplayDetector.WMI - DEBUG - _detect_current_brightness:164 - WMI current brightness detection complete: 1 displays
2025-07-23 01:39:55,871 - BrightnessController.DisplayDetector.WMI - INFO - detect_displays:62 - WMI detection complete: 1 displays found
2025-07-23 01:39:55,871 - BrightnessController.DisplayDetector.WMI - INFO - detect_displays:62 - WMI detection complete: 1 displays found
2025-07-23 01:39:55,874 - BrightnessController.DisplayDetector - INFO - detect_displays:248 - Found 1 WMI displays
2025-07-23 01:39:55,875 - BrightnessController.DisplayDetector - DEBUG - detect_displays:251 - Detecting DDC displays (external)
2025-07-23 01:39:55,875 - BrightnessController.DisplayDetector.DDC - INFO - detect_displays:177 - Starting DDC display detection
2025-07-23 01:39:55,875 - BrightnessController.DisplayDetector.DDC - INFO - detect_displays:177 - Starting DDC display detection
2025-07-23 01:39:55,879 - BrightnessController.DisplayDetector.DDC - DEBUG - detect_displays:200 - Setting up monitor enumeration callback
2025-07-23 01:39:55,879 - BrightnessController.DisplayDetector.DDC - DEBUG - detect_displays:200 - Setting up monitor enumeration callback
2025-07-23 01:39:55,879 - BrightnessController.DisplayDetector.DDC - DEBUG - detect_displays:210 - Starting monitor enumeration
2025-07-23 01:39:55,879 - BrightnessController.DisplayDetector.DDC - DEBUG - detect_displays:210 - Starting monitor enumeration
2025-07-23 01:39:55,879 - BrightnessController.DisplayDetector.DDC - DEBUG - enum_display_proc:182 - Found monitor handle: 65537
2025-07-23 01:39:55,879 - BrightnessController.DisplayDetector.DDC - DEBUG - enum_display_proc:182 - Found monitor handle: 65537
2025-07-23 01:39:55,879 - BrightnessController.DisplayDetector.DDC - INFO - enum_display_proc:193 - Added DDC display: Display(External Monitor 1, external, ddc)
2025-07-23 01:39:55,879 - BrightnessController.DisplayDetector.DDC - INFO - enum_display_proc:193 - Added DDC display: Display(External Monitor 1, external, ddc)
2025-07-23 01:39:55,879 - BrightnessController.DisplayDetector.DDC - DEBUG - detect_displays:212 - Monitor enumeration result: 977475841
2025-07-23 01:39:55,879 - BrightnessController.DisplayDetector.DDC - DEBUG - detect_displays:212 - Monitor enumeration result: 977475841
2025-07-23 01:39:55,884 - BrightnessController.DisplayDetector.DDC - INFO - detect_displays:217 - DDC detection complete: 1 displays found
2025-07-23 01:39:55,884 - BrightnessController.DisplayDetector.DDC - INFO - detect_displays:217 - DDC detection complete: 1 displays found
2025-07-23 01:39:55,886 - BrightnessController.DisplayDetector - INFO - detect_displays:254 - Found 1 DDC displays
2025-07-23 01:39:55,886 - BrightnessController.DisplayDetector - INFO - detect_displays:268 - Total displays detected: 2
2025-07-23 01:39:55,886 - BrightnessController.DisplayDetector - INFO - detect_displays:270 - Display 0: Display(Laptop Display 1, internal, wmi)
2025-07-23 01:39:55,886 - BrightnessController.DisplayDetector - INFO - detect_displays:270 - Display 1: Display(External Monitor 1, external, ddc)
2025-07-23 01:39:55,890 - BrightnessController.DisplayDetector - INFO - __init__:237 - DisplayDetector initialized with 2 displays
2025-07-23 01:39:55,890 - BrightnessController.BrightnessController - INFO - setup_component_logger:58 - Logger initialized for component: BrightnessController.BrightnessController
2025-07-23 01:39:55,890 - BrightnessController.BrightnessController - INFO - setup_component_logger:59 - Component log file: logs\BrightnessController.BrightnessController_20250723_013950.log
2025-07-23 01:39:55,890 - BrightnessController.BrightnessController - INFO - __init__:176 - Initializing BrightnessController
2025-07-23 01:39:55,898 - BrightnessController.BrightnessController.WMI - INFO - setup_component_logger:58 - Logger initialized for component: BrightnessController.BrightnessController.WMI
2025-07-23 01:39:55,898 - BrightnessController.BrightnessController.WMI - INFO - setup_component_logger:58 - Logger initialized for component: BrightnessController.BrightnessController.WMI
2025-07-23 01:39:55,898 - BrightnessController.BrightnessController.WMI - INFO - setup_component_logger:59 - Component log file: logs\BrightnessController.BrightnessController.WMI_20250723_013950.log
2025-07-23 01:39:55,898 - BrightnessController.BrightnessController.WMI - INFO - setup_component_logger:59 - Component log file: logs\BrightnessController.BrightnessController.WMI_20250723_013950.log
2025-07-23 01:39:55,904 - BrightnessController.BrightnessController.WMI - INFO - __init__:19 - WMI Brightness Controller initialized
2025-07-23 01:39:55,904 - BrightnessController.BrightnessController.WMI - INFO - __init__:19 - WMI Brightness Controller initialized
2025-07-23 01:39:55,908 - BrightnessController.BrightnessController.DDC - INFO - setup_component_logger:58 - Logger initialized for component: BrightnessController.BrightnessController.DDC
2025-07-23 01:39:55,908 - BrightnessController.BrightnessController.DDC - INFO - setup_component_logger:58 - Logger initialized for component: BrightnessController.BrightnessController.DDC
2025-07-23 01:39:55,910 - BrightnessController.BrightnessController.DDC - INFO - setup_component_logger:59 - Component log file: logs\BrightnessController.BrightnessController.DDC_20250723_013950.log
2025-07-23 01:39:55,910 - BrightnessController.BrightnessController.DDC - INFO - setup_component_logger:59 - Component log file: logs\BrightnessController.BrightnessController.DDC_20250723_013950.log
2025-07-23 01:39:55,914 - BrightnessController.BrightnessController.DDC - INFO - __init__:133 - DDC Brightness Controller initialized
2025-07-23 01:39:55,914 - BrightnessController.BrightnessController.DDC - INFO - __init__:133 - DDC Brightness Controller initialized
2025-07-23 01:39:55,914 - BrightnessController.BrightnessController.DDC - WARNING - __init__:134 - DDC/CI implementation is placeholder - requires hardware-specific implementation
2025-07-23 01:39:55,914 - BrightnessController.BrightnessController.DDC - WARNING - __init__:134 - DDC/CI implementation is placeholder - requires hardware-specific implementation
2025-07-23 01:39:55,920 - BrightnessController.BrightnessController - INFO - __init__:188 - BrightnessController initialized with 2 controllers
2025-07-23 01:39:55,920 - BrightnessController.Main - INFO - main:56 - Starting GUI application...
2025-07-23 01:39:55,922 - BrightnessController.GUI - INFO - setup_component_logger:58 - Logger initialized for component: BrightnessController.GUI
2025-07-23 01:39:55,922 - BrightnessController.GUI - INFO - setup_component_logger:59 - Component log file: logs\BrightnessController.GUI_20250723_013950.log
2025-07-23 01:39:55,928 - BrightnessController.GUI - INFO - __init__:95 - Initializing BrightnessGUI
2025-07-23 01:39:55,930 - BrightnessController.GUI.Settings - INFO - setup_component_logger:58 - Logger initialized for component: BrightnessController.GUI.Settings
2025-07-23 01:39:55,930 - BrightnessController.GUI.Settings - INFO - setup_component_logger:58 - Logger initialized for component: BrightnessController.GUI.Settings
2025-07-23 01:39:55,930 - BrightnessController.GUI.Settings - INFO - setup_component_logger:59 - Component log file: logs\BrightnessController.GUI.Settings_20250723_013950.log
2025-07-23 01:39:55,930 - BrightnessController.GUI.Settings - INFO - setup_component_logger:59 - Component log file: logs\BrightnessController.GUI.Settings_20250723_013950.log
2025-07-23 01:39:55,938 - BrightnessController.GUI.Settings - DEBUG - __init__:25 - Settings file: C:\Users\EoCiLeng\.brightness_controller_settings.json
2025-07-23 01:39:55,938 - BrightnessController.GUI.Settings - DEBUG - __init__:25 - Settings file: C:\Users\EoCiLeng\.brightness_controller_settings.json
2025-07-23 01:39:55,942 - BrightnessController.GUI.Settings - DEBUG - load_settings:44 - Using default settings: {'last_brightness': 50, 'last_display_index': 0, 'window_geometry': None}
2025-07-23 01:39:55,942 - BrightnessController.GUI.Settings - DEBUG - load_settings:44 - Using default settings: {'last_brightness': 50, 'last_display_index': 0, 'window_geometry': None}
2025-07-23 01:39:55,944 - BrightnessController.GUI - DEBUG - _setup_window:127 - Setting up main window
2025-07-23 01:39:56,106 - BrightnessController.GUI - DEBUG - _setup_window:144 - Main window setup complete
2025-07-23 01:39:56,106 - BrightnessController.GUI - DEBUG - _setup_gui:148 - Setting up GUI components
2025-07-23 01:39:56,127 - BrightnessController.GUI - DEBUG - _update_display_list:242 - Updating display list
2025-07-23 01:39:56,127 - BrightnessController.GUI - INFO - _update_display_list:248 - Display list updated: 2 displays
2025-07-23 01:39:56,127 - BrightnessController.GUI - DEBUG - _update_display_list:251 - Display 0: Laptop Display 1 (internal)
2025-07-23 01:39:56,127 - BrightnessController.GUI - DEBUG - _update_display_list:251 - Display 1: External Monitor 1 (external)
2025-07-23 01:39:56,179 - BrightnessController.GUI.Status - INFO - setup_component_logger:58 - Logger initialized for component: BrightnessController.GUI.Status
2025-07-23 01:39:56,179 - BrightnessController.GUI.Status - INFO - setup_component_logger:58 - Logger initialized for component: BrightnessController.GUI.Status
2025-07-23 01:39:56,181 - BrightnessController.GUI.Status - INFO - setup_component_logger:59 - Component log file: logs\BrightnessController.GUI.Status_20250723_013950.log
2025-07-23 01:39:56,181 - BrightnessController.GUI.Status - INFO - setup_component_logger:59 - Component log file: logs\BrightnessController.GUI.Status_20250723_013950.log
2025-07-23 01:39:56,182 - BrightnessController.GUI.Status - DEBUG - __init__:63 - Status display initialized
2025-07-23 01:39:56,182 - BrightnessController.GUI.Status - DEBUG - __init__:63 - Status display initialized
2025-07-23 01:39:56,214 - BrightnessController.GUI - DEBUG - _setup_gui:238 - GUI components setup complete
2025-07-23 01:39:56,214 - BrightnessController.GUI - DEBUG - _apply_settings:255 - Applying settings
2025-07-23 01:39:56,214 - BrightnessController.GUI - DEBUG - _apply_settings:262 - Settings applied
2025-07-23 01:39:56,214 - BrightnessController.GUI - DEBUG - _select_initial_display:266 - Selecting initial display
2025-07-23 01:39:56,214 - BrightnessController.GUI - DEBUG - _on_display_change:286 - Display selection changed
2025-07-23 01:39:56,214 - BrightnessController.GUI - INFO - _on_display_change:293 - Selected display: Laptop Display 1
2025-07-23 01:39:56,214 - BrightnessController.GUI.Status - INFO - show_info:77 - Info: Selected: Laptop Display 1
2025-07-23 01:39:56,214 - BrightnessController.GUI.Status - INFO - show_info:77 - Info: Selected: Laptop Display 1
2025-07-23 01:39:56,214 - BrightnessController.GUI - DEBUG - _update_brightness_display:355 - Updating brightness display for Laptop Display 1
2025-07-23 01:39:56,219 - BrightnessController.BrightnessController - DEBUG - get_brightness:200 - Getting brightness for display: {'name': 'Laptop Display 1', 'type': 'internal', 'method': 'wmi', 'instance': 'DISPLAY\\BOE06A7\\4&263963b&0&UID265988_0', 'supports_brightness_methods': True}
2025-07-23 01:39:56,220 - BrightnessController.GUI - INFO - _select_initial_display:282 - Initial display selected
2025-07-23 01:39:56,220 - BrightnessController.BrightnessController - DEBUG - get_brightness:207 - Using method: wmi
2025-07-23 01:39:56,221 - BrightnessController.GUI - INFO - __init__:123 - BrightnessGUI initialization complete
2025-07-23 01:39:56,221 - BrightnessController.BrightnessController.WMI - DEBUG - get_brightness:23 - Getting WMI brightness for display: Laptop Display 1
2025-07-23 01:39:56,221 - BrightnessController.BrightnessController.WMI - DEBUG - get_brightness:23 - Getting WMI brightness for display: Laptop Display 1
2025-07-23 01:39:56,221 - BrightnessController.Main - INFO - main:59 - Application ready, starting main loop
2025-07-23 01:39:56,223 - BrightnessController.Security - DEBUG - create_safe_wmi_command:141 - Creating safe WMI command: namespace=root/WMI, class=WmiMonitorBrightness, method=None
2025-07-23 01:39:56,223 - BrightnessController.GUI - INFO - run:450 - Starting GUI main loop
2025-07-23 01:39:56,223 - BrightnessController.Security - DEBUG - validate_wmi_namespace:95 - WMI namespace validation: 'root/WMI' -> True
2025-07-23 01:39:56,223 - BrightnessController.Security - DEBUG - validate_wmi_class:120 - WMI class validation: 'WmiMonitorBrightness' -> True
2025-07-23 01:39:56,226 - BrightnessController.Security - DEBUG - sanitize_powershell_command:59 - Sanitizing PowerShell command: ['powershell', '-Command', 'Get-WmiObject -Namespace root/WMI -Class WmiMonitorBrightness']
2025-07-23 01:39:56,226 - BrightnessController.Security - DEBUG - sanitize_powershell_command:75 - Sanitized command: ['powershell', '-Command', 'Get-WmiObject -Namespace root/WMI -Class WmiMonitorBrightness']
2025-07-23 01:39:56,226 - BrightnessController.Security - INFO - create_safe_wmi_command:167 - Created safe WMI command: ['powershell', '-Command', 'Get-WmiObject -Namespace root/WMI -Class WmiMonitorBrightness']
2025-07-23 01:39:56,227 - BrightnessController.BrightnessController.WMI - DEBUG - get_brightness:39 - Executing PowerShell command: powershell -Command Get-WmiObject -Namespace root/WMI -Class WmiMonitorBrightness | Select-Object CurrentBrightness
2025-07-23 01:39:56,227 - BrightnessController.BrightnessController.WMI - DEBUG - get_brightness:39 - Executing PowerShell command: powershell -Command Get-WmiObject -Namespace root/WMI -Class WmiMonitorBrightness | Select-Object CurrentBrightness
2025-07-23 01:39:57,265 - BrightnessController.BrightnessController.WMI - DEBUG - get_brightness:42 - Get brightness return code: 0
2025-07-23 01:39:57,265 - BrightnessController.BrightnessController.WMI - DEBUG - get_brightness:42 - Get brightness return code: 0
2025-07-23 01:39:57,265 - BrightnessController.BrightnessController.WMI - DEBUG - get_brightness:43 - Get brightness stdout: 
CurrentBrightness
-----------------
                0



2025-07-23 01:39:57,265 - BrightnessController.BrightnessController.WMI - DEBUG - get_brightness:43 - Get brightness stdout: 
CurrentBrightness
-----------------
                0



2025-07-23 01:39:57,265 - BrightnessController.BrightnessController.WMI - DEBUG - get_brightness:44 - Get brightness stderr: 
2025-07-23 01:39:57,265 - BrightnessController.BrightnessController.WMI - DEBUG - get_brightness:44 - Get brightness stderr: 
2025-07-23 01:39:57,265 - BrightnessController.BrightnessController.WMI - DEBUG - get_brightness:48 - Processing 3 output lines
2025-07-23 01:39:57,265 - BrightnessController.BrightnessController.WMI - DEBUG - get_brightness:48 - Processing 3 output lines
2025-07-23 01:39:57,265 - BrightnessController.BrightnessController.WMI - DEBUG - get_brightness:51 - Line 0: 'CurrentBrightness'
2025-07-23 01:39:57,265 - BrightnessController.BrightnessController.WMI - DEBUG - get_brightness:51 - Line 0: 'CurrentBrightness'
2025-07-23 01:39:57,265 - BrightnessController.BrightnessController.WMI - DEBUG - get_brightness:51 - Line 1: '-----------------'
2025-07-23 01:39:57,265 - BrightnessController.BrightnessController.WMI - DEBUG - get_brightness:51 - Line 1: '-----------------'
2025-07-23 01:39:57,268 - BrightnessController.BrightnessController.WMI - DEBUG - get_brightness:51 - Line 2: '0'
2025-07-23 01:39:57,268 - BrightnessController.BrightnessController.WMI - DEBUG - get_brightness:51 - Line 2: '0'
2025-07-23 01:39:57,268 - BrightnessController.BrightnessController.WMI - INFO - get_brightness:57 - Current WMI brightness: 0
2025-07-23 01:39:57,268 - BrightnessController.BrightnessController.WMI - INFO - get_brightness:57 - Current WMI brightness: 0
2025-07-23 01:39:57,268 - BrightnessController.BrightnessController - INFO - get_brightness:216 - Got brightness 0 for display Laptop Display 1 using method wmi
2025-07-23 01:39:57,274 - BrightnessController.GUI - DEBUG - update_async:366 - Updated brightness display to 0
2025-07-23 01:39:57,274 - BrightnessController.GUI.Status - INFO - show_info:77 - Info: Current: 0%
2025-07-23 01:39:57,274 - BrightnessController.GUI.Status - INFO - show_info:77 - Info: Current: 0%
2025-07-23 01:40:05,096 - BrightnessController.GUI - INFO - _set_quick_brightness:345 - Setting quick brightness to 25
2025-07-23 01:40:05,096 - BrightnessController.GUI - DEBUG - _on_brightness_change:312 - Brightness slider changed to: 25
2025-07-23 01:40:05,096 - BrightnessController.GUI.Status - DEBUG - show_working:82 - Working: Updating brightness...
2025-07-23 01:40:05,096 - BrightnessController.GUI.Status - DEBUG - show_working:82 - Working: Updating brightness...
2025-07-23 01:40:05,096 - BrightnessController.GUI - INFO - _update_brightness_async:327 - Updating brightness to 25 for display Laptop Display 1
2025-07-23 01:40:05,096 - BrightnessController.BrightnessController - INFO - set_brightness:234 - Setting brightness to 25 for display: {'name': 'Laptop Display 1', 'type': 'internal', 'method': 'wmi', 'instance': 'DISPLAY\\BOE06A7\\4&263963b&0&UID265988_0', 'supports_brightness_methods': True}
2025-07-23 01:40:05,103 - BrightnessController.Security - DEBUG - validate_brightness_value:38 - Validating brightness value: 25 (type: <class 'int'>)
2025-07-23 01:40:05,105 - BrightnessController.Security - DEBUG - validate_brightness_value:43 - Brightness validation result: True (value: 25.000000)
2025-07-23 01:40:05,105 - BrightnessController.BrightnessController - DEBUG - set_brightness:252 - Using method: wmi
2025-07-23 01:40:05,107 - BrightnessController.BrightnessController.WMI - INFO - set_brightness:84 - Setting WMI brightness to 25 for display: Laptop Display 1
2025-07-23 01:40:05,107 - BrightnessController.BrightnessController.WMI - INFO - set_brightness:84 - Setting WMI brightness to 25 for display: Laptop Display 1
2025-07-23 01:40:05,108 - BrightnessController.Security - DEBUG - validate_brightness_value:38 - Validating brightness value: 25 (type: <class 'int'>)
2025-07-23 01:40:05,110 - BrightnessController.Security - DEBUG - validate_brightness_value:43 - Brightness validation result: True (value: 25.000000)
2025-07-23 01:40:05,110 - BrightnessController.Security - DEBUG - create_safe_wmi_command:141 - Creating safe WMI command: namespace=root/WMI, class=WmiMonitorBrightnessMethods, method=WmiSetBrightness
2025-07-23 01:40:05,111 - BrightnessController.Security - DEBUG - validate_wmi_namespace:95 - WMI namespace validation: 'root/WMI' -> True
2025-07-23 01:40:05,111 - BrightnessController.Security - DEBUG - validate_wmi_class:120 - WMI class validation: 'WmiMonitorBrightnessMethods' -> True
2025-07-23 01:40:05,113 - BrightnessController.Security - DEBUG - sanitize_powershell_command:59 - Sanitizing PowerShell command: ['powershell', '-Command', '(Get-WmiObject -Namespace root/WMI -Class WmiMonitorBrightnessMethods).WmiSetBrightness(1,25)']
2025-07-23 01:40:05,114 - BrightnessController.Security - DEBUG - sanitize_powershell_command:75 - Sanitized command: ['powershell', '-Command', '(Get-WmiObject -Namespace root/WMI -Class WmiMonitorBrightnessMethods).WmiSetBrightness(1,25)']
2025-07-23 01:40:05,114 - BrightnessController.Security - INFO - create_safe_wmi_command:167 - Created safe WMI command: ['powershell', '-Command', '(Get-WmiObject -Namespace root/WMI -Class WmiMonitorBrightnessMethods).WmiSetBrightness(1,25)']
2025-07-23 01:40:05,115 - BrightnessController.BrightnessController.WMI - DEBUG - set_brightness:104 - Executing PowerShell command: powershell -Command (Get-WmiObject -Namespace root/WMI -Class WmiMonitorBrightnessMethods).WmiSetBrightness(1,25)
2025-07-23 01:40:05,115 - BrightnessController.BrightnessController.WMI - DEBUG - set_brightness:104 - Executing PowerShell command: powershell -Command (Get-WmiObject -Namespace root/WMI -Class WmiMonitorBrightnessMethods).WmiSetBrightness(1,25)
2025-07-23 01:40:05,767 - BrightnessController.BrightnessController.WMI - DEBUG - set_brightness:107 - Set brightness return code: 0
2025-07-23 01:40:05,767 - BrightnessController.BrightnessController.WMI - DEBUG - set_brightness:107 - Set brightness return code: 0
2025-07-23 01:40:05,767 - BrightnessController.BrightnessController.WMI - DEBUG - set_brightness:108 - Set brightness stdout: 
2025-07-23 01:40:05,767 - BrightnessController.BrightnessController.WMI - DEBUG - set_brightness:108 - Set brightness stdout: 
2025-07-23 01:40:05,767 - BrightnessController.BrightnessController.WMI - DEBUG - set_brightness:109 - Set brightness stderr: 
2025-07-23 01:40:05,767 - BrightnessController.BrightnessController.WMI - DEBUG - set_brightness:109 - Set brightness stderr: 
2025-07-23 01:40:05,767 - BrightnessController.BrightnessController.WMI - INFO - set_brightness:112 - WMI set brightness to 25: SUCCESS
2025-07-23 01:40:05,767 - BrightnessController.BrightnessController.WMI - INFO - set_brightness:112 - WMI set brightness to 25: SUCCESS
2025-07-23 01:40:05,767 - BrightnessController.BrightnessController - INFO - set_brightness:261 - Set brightness result: True for display Laptop Display 1 using method wmi
2025-07-23 01:40:05,767 - BrightnessController.GUI.Status - INFO - show_success:67 - Success: Brightness updated
2025-07-23 01:40:05,767 - BrightnessController.GUI.Status - INFO - show_success:67 - Success: Brightness updated
2025-07-23 01:40:07,697 - BrightnessController.GUI - INFO - _set_quick_brightness:345 - Setting quick brightness to 50
2025-07-23 01:40:07,697 - BrightnessController.GUI - DEBUG - _on_brightness_change:312 - Brightness slider changed to: 50
2025-07-23 01:40:07,697 - BrightnessController.GUI.Status - DEBUG - show_working:82 - Working: Updating brightness...
2025-07-23 01:40:07,697 - BrightnessController.GUI.Status - DEBUG - show_working:82 - Working: Updating brightness...
2025-07-23 01:40:07,697 - BrightnessController.GUI - INFO - _update_brightness_async:327 - Updating brightness to 50 for display Laptop Display 1
2025-07-23 01:40:07,697 - BrightnessController.BrightnessController - INFO - set_brightness:234 - Setting brightness to 50 for display: {'name': 'Laptop Display 1', 'type': 'internal', 'method': 'wmi', 'instance': 'DISPLAY\\BOE06A7\\4&263963b&0&UID265988_0', 'supports_brightness_methods': True}
2025-07-23 01:40:07,697 - BrightnessController.Security - DEBUG - validate_brightness_value:38 - Validating brightness value: 50 (type: <class 'int'>)
2025-07-23 01:40:07,697 - BrightnessController.Security - DEBUG - validate_brightness_value:43 - Brightness validation result: True (value: 50.000000)
2025-07-23 01:40:07,697 - BrightnessController.BrightnessController - DEBUG - set_brightness:252 - Using method: wmi
2025-07-23 01:40:07,697 - BrightnessController.BrightnessController.WMI - INFO - set_brightness:84 - Setting WMI brightness to 50 for display: Laptop Display 1
2025-07-23 01:40:07,697 - BrightnessController.BrightnessController.WMI - INFO - set_brightness:84 - Setting WMI brightness to 50 for display: Laptop Display 1
2025-07-23 01:40:07,710 - BrightnessController.Security - DEBUG - validate_brightness_value:38 - Validating brightness value: 50 (type: <class 'int'>)
2025-07-23 01:40:07,710 - BrightnessController.Security - DEBUG - validate_brightness_value:43 - Brightness validation result: True (value: 50.000000)
2025-07-23 01:40:07,710 - BrightnessController.Security - DEBUG - create_safe_wmi_command:141 - Creating safe WMI command: namespace=root/WMI, class=WmiMonitorBrightnessMethods, method=WmiSetBrightness
2025-07-23 01:40:07,712 - BrightnessController.Security - DEBUG - validate_wmi_namespace:95 - WMI namespace validation: 'root/WMI' -> True
2025-07-23 01:40:07,712 - BrightnessController.Security - DEBUG - validate_wmi_class:120 - WMI class validation: 'WmiMonitorBrightnessMethods' -> True
2025-07-23 01:40:07,712 - BrightnessController.Security - DEBUG - sanitize_powershell_command:59 - Sanitizing PowerShell command: ['powershell', '-Command', '(Get-WmiObject -Namespace root/WMI -Class WmiMonitorBrightnessMethods).WmiSetBrightness(1,50)']
2025-07-23 01:40:07,713 - BrightnessController.Security - DEBUG - sanitize_powershell_command:75 - Sanitized command: ['powershell', '-Command', '(Get-WmiObject -Namespace root/WMI -Class WmiMonitorBrightnessMethods).WmiSetBrightness(1,50)']
2025-07-23 01:40:07,713 - BrightnessController.Security - INFO - create_safe_wmi_command:167 - Created safe WMI command: ['powershell', '-Command', '(Get-WmiObject -Namespace root/WMI -Class WmiMonitorBrightnessMethods).WmiSetBrightness(1,50)']
2025-07-23 01:40:07,714 - BrightnessController.BrightnessController.WMI - DEBUG - set_brightness:104 - Executing PowerShell command: powershell -Command (Get-WmiObject -Namespace root/WMI -Class WmiMonitorBrightnessMethods).WmiSetBrightness(1,50)
2025-07-23 01:40:07,714 - BrightnessController.BrightnessController.WMI - DEBUG - set_brightness:104 - Executing PowerShell command: powershell -Command (Get-WmiObject -Namespace root/WMI -Class WmiMonitorBrightnessMethods).WmiSetBrightness(1,50)
2025-07-23 01:40:08,487 - BrightnessController.BrightnessController.WMI - DEBUG - set_brightness:107 - Set brightness return code: 0
2025-07-23 01:40:08,487 - BrightnessController.BrightnessController.WMI - DEBUG - set_brightness:107 - Set brightness return code: 0
2025-07-23 01:40:08,490 - BrightnessController.BrightnessController.WMI - DEBUG - set_brightness:108 - Set brightness stdout: 
2025-07-23 01:40:08,490 - BrightnessController.BrightnessController.WMI - DEBUG - set_brightness:108 - Set brightness stdout: 
2025-07-23 01:40:08,490 - BrightnessController.BrightnessController.WMI - DEBUG - set_brightness:109 - Set brightness stderr: 
2025-07-23 01:40:08,490 - BrightnessController.BrightnessController.WMI - DEBUG - set_brightness:109 - Set brightness stderr: 
2025-07-23 01:40:08,490 - BrightnessController.BrightnessController.WMI - INFO - set_brightness:112 - WMI set brightness to 50: SUCCESS
2025-07-23 01:40:08,490 - BrightnessController.BrightnessController.WMI - INFO - set_brightness:112 - WMI set brightness to 50: SUCCESS
2025-07-23 01:40:08,491 - BrightnessController.BrightnessController - INFO - set_brightness:261 - Set brightness result: True for display Laptop Display 1 using method wmi
2025-07-23 01:40:08,491 - BrightnessController.GUI.Status - INFO - show_success:67 - Success: Brightness updated
2025-07-23 01:40:08,491 - BrightnessController.GUI.Status - INFO - show_success:67 - Success: Brightness updated
2025-07-23 01:40:10,016 - BrightnessController.GUI - INFO - _set_quick_brightness:345 - Setting quick brightness to 75
2025-07-23 01:40:10,016 - BrightnessController.GUI - DEBUG - _on_brightness_change:312 - Brightness slider changed to: 75
2025-07-23 01:40:10,016 - BrightnessController.GUI.Status - DEBUG - show_working:82 - Working: Updating brightness...
2025-07-23 01:40:10,016 - BrightnessController.GUI.Status - DEBUG - show_working:82 - Working: Updating brightness...
2025-07-23 01:40:10,016 - BrightnessController.GUI - INFO - _update_brightness_async:327 - Updating brightness to 75 for display Laptop Display 1
2025-07-23 01:40:10,016 - BrightnessController.BrightnessController - INFO - set_brightness:234 - Setting brightness to 75 for display: {'name': 'Laptop Display 1', 'type': 'internal', 'method': 'wmi', 'instance': 'DISPLAY\\BOE06A7\\4&263963b&0&UID265988_0', 'supports_brightness_methods': True}
2025-07-23 01:40:10,016 - BrightnessController.Security - DEBUG - validate_brightness_value:38 - Validating brightness value: 75 (type: <class 'int'>)
2025-07-23 01:40:10,016 - BrightnessController.Security - DEBUG - validate_brightness_value:43 - Brightness validation result: True (value: 75.000000)
2025-07-23 01:40:10,016 - BrightnessController.BrightnessController - DEBUG - set_brightness:252 - Using method: wmi
2025-07-23 01:40:10,016 - BrightnessController.BrightnessController.WMI - INFO - set_brightness:84 - Setting WMI brightness to 75 for display: Laptop Display 1
2025-07-23 01:40:10,016 - BrightnessController.BrightnessController.WMI - INFO - set_brightness:84 - Setting WMI brightness to 75 for display: Laptop Display 1
2025-07-23 01:40:10,016 - BrightnessController.Security - DEBUG - validate_brightness_value:38 - Validating brightness value: 75 (type: <class 'int'>)
2025-07-23 01:40:10,016 - BrightnessController.Security - DEBUG - validate_brightness_value:43 - Brightness validation result: True (value: 75.000000)
2025-07-23 01:40:10,016 - BrightnessController.Security - DEBUG - create_safe_wmi_command:141 - Creating safe WMI command: namespace=root/WMI, class=WmiMonitorBrightnessMethods, method=WmiSetBrightness
2025-07-23 01:40:10,016 - BrightnessController.Security - DEBUG - validate_wmi_namespace:95 - WMI namespace validation: 'root/WMI' -> True
2025-07-23 01:40:10,016 - BrightnessController.Security - DEBUG - validate_wmi_class:120 - WMI class validation: 'WmiMonitorBrightnessMethods' -> True
2025-07-23 01:40:10,016 - BrightnessController.Security - DEBUG - sanitize_powershell_command:59 - Sanitizing PowerShell command: ['powershell', '-Command', '(Get-WmiObject -Namespace root/WMI -Class WmiMonitorBrightnessMethods).WmiSetBrightness(1,75)']
2025-07-23 01:40:10,016 - BrightnessController.Security - DEBUG - sanitize_powershell_command:75 - Sanitized command: ['powershell', '-Command', '(Get-WmiObject -Namespace root/WMI -Class WmiMonitorBrightnessMethods).WmiSetBrightness(1,75)']
2025-07-23 01:40:10,025 - BrightnessController.Security - INFO - create_safe_wmi_command:167 - Created safe WMI command: ['powershell', '-Command', '(Get-WmiObject -Namespace root/WMI -Class WmiMonitorBrightnessMethods).WmiSetBrightness(1,75)']
2025-07-23 01:40:10,025 - BrightnessController.BrightnessController.WMI - DEBUG - set_brightness:104 - Executing PowerShell command: powershell -Command (Get-WmiObject -Namespace root/WMI -Class WmiMonitorBrightnessMethods).WmiSetBrightness(1,75)
2025-07-23 01:40:10,025 - BrightnessController.BrightnessController.WMI - DEBUG - set_brightness:104 - Executing PowerShell command: powershell -Command (Get-WmiObject -Namespace root/WMI -Class WmiMonitorBrightnessMethods).WmiSetBrightness(1,75)
2025-07-23 01:40:10,739 - BrightnessController.BrightnessController.WMI - DEBUG - set_brightness:107 - Set brightness return code: 0
2025-07-23 01:40:10,739 - BrightnessController.BrightnessController.WMI - DEBUG - set_brightness:107 - Set brightness return code: 0
2025-07-23 01:40:10,740 - BrightnessController.BrightnessController.WMI - DEBUG - set_brightness:108 - Set brightness stdout: 
2025-07-23 01:40:10,740 - BrightnessController.BrightnessController.WMI - DEBUG - set_brightness:108 - Set brightness stdout: 
2025-07-23 01:40:10,740 - BrightnessController.BrightnessController.WMI - DEBUG - set_brightness:109 - Set brightness stderr: 
2025-07-23 01:40:10,740 - BrightnessController.BrightnessController.WMI - DEBUG - set_brightness:109 - Set brightness stderr: 
2025-07-23 01:40:10,741 - BrightnessController.BrightnessController.WMI - INFO - set_brightness:112 - WMI set brightness to 75: SUCCESS
2025-07-23 01:40:10,741 - BrightnessController.BrightnessController.WMI - INFO - set_brightness:112 - WMI set brightness to 75: SUCCESS
2025-07-23 01:40:10,741 - BrightnessController.BrightnessController - INFO - set_brightness:261 - Set brightness result: True for display Laptop Display 1 using method wmi
2025-07-23 01:40:10,741 - BrightnessController.GUI.Status - INFO - show_success:67 - Success: Brightness updated
2025-07-23 01:40:10,741 - BrightnessController.GUI.Status - INFO - show_success:67 - Success: Brightness updated
2025-07-23 01:40:11,773 - BrightnessController.GUI - INFO - _set_quick_brightness:345 - Setting quick brightness to 100
2025-07-23 01:40:11,775 - BrightnessController.GUI - DEBUG - _on_brightness_change:312 - Brightness slider changed to: 100
2025-07-23 01:40:11,777 - BrightnessController.GUI.Status - DEBUG - show_working:82 - Working: Updating brightness...
2025-07-23 01:40:11,777 - BrightnessController.GUI.Status - DEBUG - show_working:82 - Working: Updating brightness...
2025-07-23 01:40:11,777 - BrightnessController.GUI - INFO - _update_brightness_async:327 - Updating brightness to 100 for display Laptop Display 1
2025-07-23 01:40:11,777 - BrightnessController.BrightnessController - INFO - set_brightness:234 - Setting brightness to 100 for display: {'name': 'Laptop Display 1', 'type': 'internal', 'method': 'wmi', 'instance': 'DISPLAY\\BOE06A7\\4&263963b&0&UID265988_0', 'supports_brightness_methods': True}
2025-07-23 01:40:11,777 - BrightnessController.Security - DEBUG - validate_brightness_value:38 - Validating brightness value: 100 (type: <class 'int'>)
2025-07-23 01:40:11,777 - BrightnessController.Security - DEBUG - validate_brightness_value:43 - Brightness validation result: True (value: 100.000000)
2025-07-23 01:40:11,777 - BrightnessController.BrightnessController - DEBUG - set_brightness:252 - Using method: wmi
2025-07-23 01:40:11,777 - BrightnessController.BrightnessController.WMI - INFO - set_brightness:84 - Setting WMI brightness to 100 for display: Laptop Display 1
2025-07-23 01:40:11,777 - BrightnessController.BrightnessController.WMI - INFO - set_brightness:84 - Setting WMI brightness to 100 for display: Laptop Display 1
2025-07-23 01:40:11,785 - BrightnessController.Security - DEBUG - validate_brightness_value:38 - Validating brightness value: 100 (type: <class 'int'>)
2025-07-23 01:40:11,785 - BrightnessController.Security - DEBUG - validate_brightness_value:43 - Brightness validation result: True (value: 100.000000)
2025-07-23 01:40:11,786 - BrightnessController.Security - DEBUG - create_safe_wmi_command:141 - Creating safe WMI command: namespace=root/WMI, class=WmiMonitorBrightnessMethods, method=WmiSetBrightness
2025-07-23 01:40:11,786 - BrightnessController.Security - DEBUG - validate_wmi_namespace:95 - WMI namespace validation: 'root/WMI' -> True
2025-07-23 01:40:11,786 - BrightnessController.Security - DEBUG - validate_wmi_class:120 - WMI class validation: 'WmiMonitorBrightnessMethods' -> True
2025-07-23 01:40:11,786 - BrightnessController.Security - DEBUG - sanitize_powershell_command:59 - Sanitizing PowerShell command: ['powershell', '-Command', '(Get-WmiObject -Namespace root/WMI -Class WmiMonitorBrightnessMethods).WmiSetBrightness(1,100)']
2025-07-23 01:40:11,786 - BrightnessController.Security - DEBUG - sanitize_powershell_command:75 - Sanitized command: ['powershell', '-Command', '(Get-WmiObject -Namespace root/WMI -Class WmiMonitorBrightnessMethods).WmiSetBrightness(1,100)']
2025-07-23 01:40:11,786 - BrightnessController.Security - INFO - create_safe_wmi_command:167 - Created safe WMI command: ['powershell', '-Command', '(Get-WmiObject -Namespace root/WMI -Class WmiMonitorBrightnessMethods).WmiSetBrightness(1,100)']
2025-07-23 01:40:11,786 - BrightnessController.BrightnessController.WMI - DEBUG - set_brightness:104 - Executing PowerShell command: powershell -Command (Get-WmiObject -Namespace root/WMI -Class WmiMonitorBrightnessMethods).WmiSetBrightness(1,100)
2025-07-23 01:40:11,786 - BrightnessController.BrightnessController.WMI - DEBUG - set_brightness:104 - Executing PowerShell command: powershell -Command (Get-WmiObject -Namespace root/WMI -Class WmiMonitorBrightnessMethods).WmiSetBrightness(1,100)
2025-07-23 01:40:12,490 - BrightnessController.BrightnessController.WMI - DEBUG - set_brightness:107 - Set brightness return code: 0
2025-07-23 01:40:12,490 - BrightnessController.BrightnessController.WMI - DEBUG - set_brightness:107 - Set brightness return code: 0
2025-07-23 01:40:12,490 - BrightnessController.BrightnessController.WMI - DEBUG - set_brightness:108 - Set brightness stdout: 
2025-07-23 01:40:12,490 - BrightnessController.BrightnessController.WMI - DEBUG - set_brightness:108 - Set brightness stdout: 
2025-07-23 01:40:12,490 - BrightnessController.BrightnessController.WMI - DEBUG - set_brightness:109 - Set brightness stderr: 
2025-07-23 01:40:12,490 - BrightnessController.BrightnessController.WMI - DEBUG - set_brightness:109 - Set brightness stderr: 
2025-07-23 01:40:12,490 - BrightnessController.BrightnessController.WMI - INFO - set_brightness:112 - WMI set brightness to 100: SUCCESS
2025-07-23 01:40:12,490 - BrightnessController.BrightnessController.WMI - INFO - set_brightness:112 - WMI set brightness to 100: SUCCESS
2025-07-23 01:40:12,490 - BrightnessController.BrightnessController - INFO - set_brightness:261 - Set brightness result: True for display Laptop Display 1 using method wmi
2025-07-23 01:40:12,490 - BrightnessController.GUI.Status - INFO - show_success:67 - Success: Brightness updated
2025-07-23 01:40:12,490 - BrightnessController.GUI.Status - INFO - show_success:67 - Success: Brightness updated
2025-07-23 01:40:13,982 - BrightnessController.GUI - INFO - _set_quick_brightness:345 - Setting quick brightness to 25
2025-07-23 01:40:13,982 - BrightnessController.GUI - DEBUG - _on_brightness_change:312 - Brightness slider changed to: 25
2025-07-23 01:40:13,982 - BrightnessController.GUI.Status - DEBUG - show_working:82 - Working: Updating brightness...
2025-07-23 01:40:13,982 - BrightnessController.GUI.Status - DEBUG - show_working:82 - Working: Updating brightness...
2025-07-23 01:40:13,982 - BrightnessController.GUI - INFO - _update_brightness_async:327 - Updating brightness to 25 for display Laptop Display 1
2025-07-23 01:40:13,982 - BrightnessController.BrightnessController - INFO - set_brightness:234 - Setting brightness to 25 for display: {'name': 'Laptop Display 1', 'type': 'internal', 'method': 'wmi', 'instance': 'DISPLAY\\BOE06A7\\4&263963b&0&UID265988_0', 'supports_brightness_methods': True}
2025-07-23 01:40:13,982 - BrightnessController.Security - DEBUG - validate_brightness_value:38 - Validating brightness value: 25 (type: <class 'int'>)
2025-07-23 01:40:13,991 - BrightnessController.Security - DEBUG - validate_brightness_value:43 - Brightness validation result: True (value: 25.000000)
2025-07-23 01:40:13,991 - BrightnessController.BrightnessController - DEBUG - set_brightness:252 - Using method: wmi
2025-07-23 01:40:13,991 - BrightnessController.BrightnessController.WMI - INFO - set_brightness:84 - Setting WMI brightness to 25 for display: Laptop Display 1
2025-07-23 01:40:13,991 - BrightnessController.BrightnessController.WMI - INFO - set_brightness:84 - Setting WMI brightness to 25 for display: Laptop Display 1
2025-07-23 01:40:13,994 - BrightnessController.Security - DEBUG - validate_brightness_value:38 - Validating brightness value: 25 (type: <class 'int'>)
2025-07-23 01:40:13,994 - BrightnessController.Security - DEBUG - validate_brightness_value:43 - Brightness validation result: True (value: 25.000000)
2025-07-23 01:40:13,996 - BrightnessController.Security - DEBUG - create_safe_wmi_command:141 - Creating safe WMI command: namespace=root/WMI, class=WmiMonitorBrightnessMethods, method=WmiSetBrightness
2025-07-23 01:40:13,996 - BrightnessController.Security - DEBUG - validate_wmi_namespace:95 - WMI namespace validation: 'root/WMI' -> True
2025-07-23 01:40:13,997 - BrightnessController.Security - DEBUG - validate_wmi_class:120 - WMI class validation: 'WmiMonitorBrightnessMethods' -> True
2025-07-23 01:40:13,997 - BrightnessController.Security - DEBUG - sanitize_powershell_command:59 - Sanitizing PowerShell command: ['powershell', '-Command', '(Get-WmiObject -Namespace root/WMI -Class WmiMonitorBrightnessMethods).WmiSetBrightness(1,25)']
2025-07-23 01:40:13,998 - BrightnessController.Security - DEBUG - sanitize_powershell_command:75 - Sanitized command: ['powershell', '-Command', '(Get-WmiObject -Namespace root/WMI -Class WmiMonitorBrightnessMethods).WmiSetBrightness(1,25)']
2025-07-23 01:40:13,999 - BrightnessController.Security - INFO - create_safe_wmi_command:167 - Created safe WMI command: ['powershell', '-Command', '(Get-WmiObject -Namespace root/WMI -Class WmiMonitorBrightnessMethods).WmiSetBrightness(1,25)']
2025-07-23 01:40:14,000 - BrightnessController.BrightnessController.WMI - DEBUG - set_brightness:104 - Executing PowerShell command: powershell -Command (Get-WmiObject -Namespace root/WMI -Class WmiMonitorBrightnessMethods).WmiSetBrightness(1,25)
2025-07-23 01:40:14,000 - BrightnessController.BrightnessController.WMI - DEBUG - set_brightness:104 - Executing PowerShell command: powershell -Command (Get-WmiObject -Namespace root/WMI -Class WmiMonitorBrightnessMethods).WmiSetBrightness(1,25)
2025-07-23 01:40:14,636 - BrightnessController.BrightnessController.WMI - DEBUG - set_brightness:107 - Set brightness return code: 0
2025-07-23 01:40:14,636 - BrightnessController.BrightnessController.WMI - DEBUG - set_brightness:107 - Set brightness return code: 0
2025-07-23 01:40:14,636 - BrightnessController.BrightnessController.WMI - DEBUG - set_brightness:108 - Set brightness stdout: 
2025-07-23 01:40:14,636 - BrightnessController.BrightnessController.WMI - DEBUG - set_brightness:108 - Set brightness stdout: 
2025-07-23 01:40:14,638 - BrightnessController.BrightnessController.WMI - DEBUG - set_brightness:109 - Set brightness stderr: 
2025-07-23 01:40:14,638 - BrightnessController.BrightnessController.WMI - DEBUG - set_brightness:109 - Set brightness stderr: 
2025-07-23 01:40:14,638 - BrightnessController.BrightnessController.WMI - INFO - set_brightness:112 - WMI set brightness to 25: SUCCESS
2025-07-23 01:40:14,638 - BrightnessController.BrightnessController.WMI - INFO - set_brightness:112 - WMI set brightness to 25: SUCCESS
2025-07-23 01:40:14,639 - BrightnessController.BrightnessController - INFO - set_brightness:261 - Set brightness result: True for display Laptop Display 1 using method wmi
2025-07-23 01:40:14,640 - BrightnessController.GUI.Status - INFO - show_success:67 - Success: Brightness updated
2025-07-23 01:40:14,640 - BrightnessController.GUI.Status - INFO - show_success:67 - Success: Brightness updated
2025-07-23 01:40:18,973 - BrightnessController.GUI - INFO - _refresh_displays:381 - Refreshing display detection
2025-07-23 01:40:18,973 - BrightnessController.GUI.Status - DEBUG - show_working:82 - Working: Refreshing displays...
2025-07-23 01:40:18,973 - BrightnessController.GUI.Status - DEBUG - show_working:82 - Working: Refreshing displays...
2025-07-23 01:40:18,973 - BrightnessController.DisplayDetector - INFO - refresh_displays:284 - Refreshing display detection
2025-07-23 01:40:18,973 - BrightnessController.DisplayDetector - INFO - detect_displays:241 - Starting comprehensive display detection
2025-07-23 01:40:18,973 - BrightnessController.DisplayDetector - DEBUG - detect_displays:245 - Detecting WMI displays (laptop/internal)
2025-07-23 01:40:18,973 - BrightnessController.DisplayDetector.WMI - INFO - detect_displays:47 - Starting WMI display detection
2025-07-23 01:40:18,973 - BrightnessController.DisplayDetector.WMI - INFO - detect_displays:47 - Starting WMI display detection
2025-07-23 01:40:18,973 - BrightnessController.DisplayDetector.WMI - DEBUG - _detect_brightness_methods:67 - Detecting WMI brightness methods
2025-07-23 01:40:18,973 - BrightnessController.DisplayDetector.WMI - DEBUG - _detect_brightness_methods:67 - Detecting WMI brightness methods
2025-07-23 01:40:18,973 - BrightnessController.DisplayDetector.WMI - DEBUG - _detect_brightness_methods:77 - Executing PowerShell command: powershell -Command Get-WmiObject -Namespace root/WMI -Class WmiMonitorBrightnessMethods | Select-Object InstanceName
2025-07-23 01:40:18,973 - BrightnessController.DisplayDetector.WMI - DEBUG - _detect_brightness_methods:77 - Executing PowerShell command: powershell -Command Get-WmiObject -Namespace root/WMI -Class WmiMonitorBrightnessMethods | Select-Object InstanceName
2025-07-23 01:40:19,665 - BrightnessController.DisplayDetector.WMI - DEBUG - _detect_brightness_methods:80 - PowerShell return code: 0
2025-07-23 01:40:19,665 - BrightnessController.DisplayDetector.WMI - DEBUG - _detect_brightness_methods:80 - PowerShell return code: 0
2025-07-23 01:40:19,665 - BrightnessController.DisplayDetector.WMI - DEBUG - _detect_brightness_methods:81 - PowerShell stdout: 
InstanceName                           
------------                           
DISPLAY\BOE06A7\4&263963b&0&UID265988_0



2025-07-23 01:40:19,665 - BrightnessController.DisplayDetector.WMI - DEBUG - _detect_brightness_methods:81 - PowerShell stdout: 
InstanceName                           
------------                           
DISPLAY\BOE06A7\4&263963b&0&UID265988_0



2025-07-23 01:40:19,666 - BrightnessController.DisplayDetector.WMI - DEBUG - _detect_brightness_methods:82 - PowerShell stderr: 
2025-07-23 01:40:19,666 - BrightnessController.DisplayDetector.WMI - DEBUG - _detect_brightness_methods:82 - PowerShell stderr: 
2025-07-23 01:40:19,666 - BrightnessController.DisplayDetector.WMI - DEBUG - _detect_brightness_methods:86 - Processing 3 output lines
2025-07-23 01:40:19,666 - BrightnessController.DisplayDetector.WMI - DEBUG - _detect_brightness_methods:86 - Processing 3 output lines
2025-07-23 01:40:19,666 - BrightnessController.DisplayDetector.WMI - DEBUG - _detect_brightness_methods:92 - Processing line 0: 'DISPLAY\BOE06A7\4&263963b&0&UID265988_0'
2025-07-23 01:40:19,666 - BrightnessController.DisplayDetector.WMI - DEBUG - _detect_brightness_methods:92 - Processing line 0: 'DISPLAY\BOE06A7\4&263963b&0&UID265988_0'
2025-07-23 01:40:19,666 - BrightnessController.DisplayDetector.WMI - INFO - _detect_brightness_methods:102 - Added WMI brightness method display: Display(Laptop Display 1, internal, wmi)
2025-07-23 01:40:19,666 - BrightnessController.DisplayDetector.WMI - INFO - _detect_brightness_methods:102 - Added WMI brightness method display: Display(Laptop Display 1, internal, wmi)
2025-07-23 01:40:19,666 - BrightnessController.DisplayDetector.WMI - DEBUG - _detect_brightness_methods:113 - WMI brightness methods detection complete: 1 displays
2025-07-23 01:40:19,666 - BrightnessController.DisplayDetector.WMI - DEBUG - _detect_brightness_methods:113 - WMI brightness methods detection complete: 1 displays
2025-07-23 01:40:19,666 - BrightnessController.DisplayDetector.WMI - DEBUG - _detect_current_brightness:118 - Detecting WMI current brightness
2025-07-23 01:40:19,666 - BrightnessController.DisplayDetector.WMI - DEBUG - _detect_current_brightness:118 - Detecting WMI current brightness
2025-07-23 01:40:19,666 - BrightnessController.DisplayDetector.WMI - DEBUG - _detect_current_brightness:128 - Executing PowerShell command: powershell -Command Get-WmiObject -Namespace root/WMI -Class WmiMonitorBrightness | Select-Object InstanceName, CurrentBrightness
2025-07-23 01:40:19,666 - BrightnessController.DisplayDetector.WMI - DEBUG - _detect_current_brightness:128 - Executing PowerShell command: powershell -Command Get-WmiObject -Namespace root/WMI -Class WmiMonitorBrightness | Select-Object InstanceName, CurrentBrightness
2025-07-23 01:40:20,248 - BrightnessController.DisplayDetector.WMI - DEBUG - _detect_current_brightness:131 - PowerShell return code: 0
2025-07-23 01:40:20,248 - BrightnessController.DisplayDetector.WMI - DEBUG - _detect_current_brightness:131 - PowerShell return code: 0
2025-07-23 01:40:20,248 - BrightnessController.DisplayDetector.WMI - DEBUG - _detect_current_brightness:132 - PowerShell stdout: 
InstanceName                            CurrentBrightness
------------                            -----------------
DISPLAY\BOE06A7\4&263963b&0&UID265988_0                25



2025-07-23 01:40:20,248 - BrightnessController.DisplayDetector.WMI - DEBUG - _detect_current_brightness:132 - PowerShell stdout: 
InstanceName                            CurrentBrightness
------------                            -----------------
DISPLAY\BOE06A7\4&263963b&0&UID265988_0                25



2025-07-23 01:40:20,248 - BrightnessController.DisplayDetector.WMI - DEBUG - _detect_current_brightness:133 - PowerShell stderr: 
2025-07-23 01:40:20,248 - BrightnessController.DisplayDetector.WMI - DEBUG - _detect_current_brightness:133 - PowerShell stderr: 
2025-07-23 01:40:20,248 - BrightnessController.DisplayDetector.WMI - DEBUG - _detect_current_brightness:137 - Processing 3 output lines
2025-07-23 01:40:20,248 - BrightnessController.DisplayDetector.WMI - DEBUG - _detect_current_brightness:137 - Processing 3 output lines
2025-07-23 01:40:20,248 - BrightnessController.DisplayDetector.WMI - DEBUG - _detect_current_brightness:143 - Processing line 0: 'DISPLAY\BOE06A7\4&263963b&0&UID265988_0                25'
2025-07-23 01:40:20,248 - BrightnessController.DisplayDetector.WMI - DEBUG - _detect_current_brightness:143 - Processing line 0: 'DISPLAY\BOE06A7\4&263963b&0&UID265988_0                25'
2025-07-23 01:40:20,248 - BrightnessController.DisplayDetector.WMI - INFO - _detect_current_brightness:153 - Added WMI current brightness display: Display(Laptop Display 1, internal, wmi)
2025-07-23 01:40:20,248 - BrightnessController.DisplayDetector.WMI - INFO - _detect_current_brightness:153 - Added WMI current brightness display: Display(Laptop Display 1, internal, wmi)
2025-07-23 01:40:20,248 - BrightnessController.DisplayDetector.WMI - DEBUG - _detect_current_brightness:164 - WMI current brightness detection complete: 1 displays
2025-07-23 01:40:20,248 - BrightnessController.DisplayDetector.WMI - DEBUG - _detect_current_brightness:164 - WMI current brightness detection complete: 1 displays
2025-07-23 01:40:20,248 - BrightnessController.DisplayDetector.WMI - INFO - detect_displays:62 - WMI detection complete: 1 displays found
2025-07-23 01:40:20,248 - BrightnessController.DisplayDetector.WMI - INFO - detect_displays:62 - WMI detection complete: 1 displays found
2025-07-23 01:40:20,254 - BrightnessController.DisplayDetector - INFO - detect_displays:248 - Found 1 WMI displays
2025-07-23 01:40:20,254 - BrightnessController.DisplayDetector - DEBUG - detect_displays:251 - Detecting DDC displays (external)
2025-07-23 01:40:20,254 - BrightnessController.DisplayDetector.DDC - INFO - detect_displays:177 - Starting DDC display detection
2025-07-23 01:40:20,254 - BrightnessController.DisplayDetector.DDC - INFO - detect_displays:177 - Starting DDC display detection
2025-07-23 01:40:20,256 - BrightnessController.DisplayDetector.DDC - DEBUG - detect_displays:200 - Setting up monitor enumeration callback
2025-07-23 01:40:20,256 - BrightnessController.DisplayDetector.DDC - DEBUG - detect_displays:200 - Setting up monitor enumeration callback
2025-07-23 01:40:20,256 - BrightnessController.DisplayDetector.DDC - DEBUG - detect_displays:210 - Starting monitor enumeration
2025-07-23 01:40:20,256 - BrightnessController.DisplayDetector.DDC - DEBUG - detect_displays:210 - Starting monitor enumeration
2025-07-23 01:40:20,258 - BrightnessController.DisplayDetector.DDC - DEBUG - enum_display_proc:182 - Found monitor handle: 65537
2025-07-23 01:40:20,258 - BrightnessController.DisplayDetector.DDC - DEBUG - enum_display_proc:182 - Found monitor handle: 65537
2025-07-23 01:40:20,258 - BrightnessController.DisplayDetector.DDC - INFO - enum_display_proc:193 - Added DDC display: Display(External Monitor 1, external, ddc)
2025-07-23 01:40:20,258 - BrightnessController.DisplayDetector.DDC - INFO - enum_display_proc:193 - Added DDC display: Display(External Monitor 1, external, ddc)
2025-07-23 01:40:20,258 - BrightnessController.DisplayDetector.DDC - DEBUG - detect_displays:212 - Monitor enumeration result: -1274287615
2025-07-23 01:40:20,258 - BrightnessController.DisplayDetector.DDC - DEBUG - detect_displays:212 - Monitor enumeration result: -1274287615
2025-07-23 01:40:20,258 - BrightnessController.DisplayDetector.DDC - INFO - detect_displays:217 - DDC detection complete: 1 displays found
2025-07-23 01:40:20,258 - BrightnessController.DisplayDetector.DDC - INFO - detect_displays:217 - DDC detection complete: 1 displays found
2025-07-23 01:40:20,260 - BrightnessController.DisplayDetector - INFO - detect_displays:254 - Found 1 DDC displays
2025-07-23 01:40:20,260 - BrightnessController.DisplayDetector - INFO - detect_displays:268 - Total displays detected: 2
2025-07-23 01:40:20,260 - BrightnessController.DisplayDetector - INFO - detect_displays:270 - Display 0: Display(Laptop Display 1, internal, wmi)
2025-07-23 01:40:20,262 - BrightnessController.DisplayDetector - INFO - detect_displays:270 - Display 1: Display(External Monitor 1, external, ddc)
2025-07-23 01:40:20,262 - BrightnessController.GUI - DEBUG - _update_display_list:242 - Updating display list
2025-07-23 01:40:20,262 - BrightnessController.GUI - INFO - _update_display_list:248 - Display list updated: 2 displays
2025-07-23 01:40:20,266 - BrightnessController.GUI - DEBUG - _update_display_list:251 - Display 0: Laptop Display 1 (internal)
2025-07-23 01:40:20,266 - BrightnessController.GUI - DEBUG - _update_display_list:251 - Display 1: External Monitor 1 (external)
2025-07-23 01:40:20,266 - BrightnessController.GUI - DEBUG - _select_initial_display:266 - Selecting initial display
2025-07-23 01:40:20,267 - BrightnessController.GUI - DEBUG - _on_display_change:286 - Display selection changed
2025-07-23 01:40:20,267 - BrightnessController.GUI - INFO - _on_display_change:293 - Selected display: Laptop Display 1
2025-07-23 01:40:20,268 - BrightnessController.GUI.Status - INFO - show_info:77 - Info: Selected: Laptop Display 1
2025-07-23 01:40:20,268 - BrightnessController.GUI.Status - INFO - show_info:77 - Info: Selected: Laptop Display 1
2025-07-23 01:40:20,268 - BrightnessController.GUI - DEBUG - _update_brightness_display:355 - Updating brightness display for Laptop Display 1
2025-07-23 01:40:20,270 - BrightnessController.BrightnessController - DEBUG - get_brightness:200 - Getting brightness for display: {'name': 'Laptop Display 1', 'type': 'internal', 'method': 'wmi', 'instance': 'DISPLAY\\BOE06A7\\4&263963b&0&UID265988_0', 'supports_brightness_methods': True}
2025-07-23 01:40:20,270 - BrightnessController.BrightnessController - DEBUG - get_brightness:207 - Using method: wmi
2025-07-23 01:40:20,270 - BrightnessController.BrightnessController.WMI - DEBUG - get_brightness:23 - Getting WMI brightness for display: Laptop Display 1
2025-07-23 01:40:20,270 - BrightnessController.GUI - INFO - _select_initial_display:282 - Initial display selected
2025-07-23 01:40:20,270 - BrightnessController.BrightnessController.WMI - DEBUG - get_brightness:23 - Getting WMI brightness for display: Laptop Display 1
2025-07-23 01:40:20,270 - BrightnessController.Security - DEBUG - create_safe_wmi_command:141 - Creating safe WMI command: namespace=root/WMI, class=WmiMonitorBrightness, method=None
2025-07-23 01:40:20,270 - BrightnessController.Security - DEBUG - validate_wmi_namespace:95 - WMI namespace validation: 'root/WMI' -> True
2025-07-23 01:40:20,273 - BrightnessController.Security - DEBUG - validate_wmi_class:120 - WMI class validation: 'WmiMonitorBrightness' -> True
2025-07-23 01:40:20,273 - BrightnessController.Security - DEBUG - sanitize_powershell_command:59 - Sanitizing PowerShell command: ['powershell', '-Command', 'Get-WmiObject -Namespace root/WMI -Class WmiMonitorBrightness']
2025-07-23 01:40:20,273 - BrightnessController.Security - DEBUG - sanitize_powershell_command:75 - Sanitized command: ['powershell', '-Command', 'Get-WmiObject -Namespace root/WMI -Class WmiMonitorBrightness']
2025-07-23 01:40:20,273 - BrightnessController.Security - INFO - create_safe_wmi_command:167 - Created safe WMI command: ['powershell', '-Command', 'Get-WmiObject -Namespace root/WMI -Class WmiMonitorBrightness']
2025-07-23 01:40:20,274 - BrightnessController.BrightnessController.WMI - DEBUG - get_brightness:39 - Executing PowerShell command: powershell -Command Get-WmiObject -Namespace root/WMI -Class WmiMonitorBrightness | Select-Object CurrentBrightness
2025-07-23 01:40:20,274 - BrightnessController.BrightnessController.WMI - DEBUG - get_brightness:39 - Executing PowerShell command: powershell -Command Get-WmiObject -Namespace root/WMI -Class WmiMonitorBrightness | Select-Object CurrentBrightness
2025-07-23 01:40:20,277 - BrightnessController.GUI.Status - INFO - show_success:67 - Success: Displays refreshed
2025-07-23 01:40:20,277 - BrightnessController.GUI.Status - INFO - show_success:67 - Success: Displays refreshed
2025-07-23 01:40:20,889 - BrightnessController.BrightnessController.WMI - DEBUG - get_brightness:42 - Get brightness return code: 0
2025-07-23 01:40:20,889 - BrightnessController.BrightnessController.WMI - DEBUG - get_brightness:42 - Get brightness return code: 0
2025-07-23 01:40:20,889 - BrightnessController.BrightnessController.WMI - DEBUG - get_brightness:43 - Get brightness stdout: 
CurrentBrightness
-----------------
               25



2025-07-23 01:40:20,889 - BrightnessController.BrightnessController.WMI - DEBUG - get_brightness:43 - Get brightness stdout: 
CurrentBrightness
-----------------
               25



2025-07-23 01:40:20,890 - BrightnessController.BrightnessController.WMI - DEBUG - get_brightness:44 - Get brightness stderr: 
2025-07-23 01:40:20,890 - BrightnessController.BrightnessController.WMI - DEBUG - get_brightness:44 - Get brightness stderr: 
2025-07-23 01:40:20,890 - BrightnessController.BrightnessController.WMI - DEBUG - get_brightness:48 - Processing 3 output lines
2025-07-23 01:40:20,890 - BrightnessController.BrightnessController.WMI - DEBUG - get_brightness:48 - Processing 3 output lines
2025-07-23 01:40:20,890 - BrightnessController.BrightnessController.WMI - DEBUG - get_brightness:51 - Line 0: 'CurrentBrightness'
2025-07-23 01:40:20,890 - BrightnessController.BrightnessController.WMI - DEBUG - get_brightness:51 - Line 0: 'CurrentBrightness'
2025-07-23 01:40:20,890 - BrightnessController.BrightnessController.WMI - DEBUG - get_brightness:51 - Line 1: '-----------------'
2025-07-23 01:40:20,890 - BrightnessController.BrightnessController.WMI - DEBUG - get_brightness:51 - Line 1: '-----------------'
2025-07-23 01:40:20,890 - BrightnessController.BrightnessController.WMI - DEBUG - get_brightness:51 - Line 2: '25'
2025-07-23 01:40:20,890 - BrightnessController.BrightnessController.WMI - DEBUG - get_brightness:51 - Line 2: '25'
2025-07-23 01:40:20,890 - BrightnessController.BrightnessController.WMI - INFO - get_brightness:57 - Current WMI brightness: 25
2025-07-23 01:40:20,890 - BrightnessController.BrightnessController.WMI - INFO - get_brightness:57 - Current WMI brightness: 25
2025-07-23 01:40:20,890 - BrightnessController.BrightnessController - INFO - get_brightness:216 - Got brightness 25 for display Laptop Display 1 using method wmi
2025-07-23 01:40:20,894 - BrightnessController.GUI - DEBUG - update_async:366 - Updated brightness display to 25
2025-07-23 01:40:20,898 - BrightnessController.GUI.Status - INFO - show_info:77 - Info: Current: 25%
2025-07-23 01:40:20,898 - BrightnessController.GUI.Status - INFO - show_info:77 - Info: Current: 25%
2025-07-23 01:40:22,491 - BrightnessController.GUI - INFO - _on_closing:444 - Application closing
2025-07-23 01:40:22,491 - BrightnessController.GUI.Settings - INFO - save_settings:52 - Settings saved: {'last_brightness': 25, 'last_display_index': 0, 'window_geometry': '450x350+156+156'}
2025-07-23 01:40:22,491 - BrightnessController.GUI.Settings - INFO - save_settings:52 - Settings saved: {'last_brightness': 25, 'last_display_index': 0, 'window_geometry': '450x350+156+156'}
2025-07-23 01:40:22,685 - BrightnessController.GUI - INFO - run:461 - GUI main loop ended
2025-07-23 01:40:22,690 - BrightnessController.Main - INFO - main:62 - Application main loop ended normally
2025-07-23 01:40:22,690 - BrightnessController.Main - INFO - main:70 - Application cleanup complete
2025-07-23 01:40:22,690 - BrightnessController.Main - INFO - main:71 - ================================================================================
