2025-07-23 01:41:25,334 - BrightnessController.GUI.Status - INFO - setup_component_logger:58 - Logger initialized for component: BrightnessController.GUI.Status
2025-07-23 01:41:25,334 - BrightnessController.GUI.Status - INFO - setup_component_logger:59 - Component log file: logs\BrightnessController.GUI.Status_20250723_014121.log
2025-07-23 01:41:25,339 - BrightnessController.GUI.Status - DEBUG - __init__:63 - Status display initialized
2025-07-23 01:41:25,372 - BrightnessController.GUI.Status - INFO - show_info:77 - Info: Selected: Laptop Display 1
2025-07-23 01:41:26,411 - BrightnessController.GUI.Status - INFO - show_info:77 - Info: Current: 25%
2025-07-23 01:41:27,753 - BrightnessController.GUI.Status - DEBUG - show_working:82 - Working: Updating brightness...
2025-07-23 01:41:27,777 - BrightnessController.GUI.Status - DEBUG - show_working:82 - Working: Updating brightness...
2025-07-23 01:41:27,813 - BrightnessController.GUI.Status - DEBUG - show_working:82 - Working: Updating brightness...
2025-07-23 01:41:27,833 - BrightnessController.GUI.Status - DEBUG - show_working:82 - Working: Updating brightness...
2025-07-23 01:41:27,855 - BrightnessController.GUI.Status - DEBUG - show_working:82 - Working: Updating brightness...
2025-07-23 01:41:27,879 - BrightnessController.GUI.Status - DEBUG - show_working:82 - Working: Updating brightness...
2025-07-23 01:41:27,902 - BrightnessController.GUI.Status - DEBUG - show_working:82 - Working: Updating brightness...
2025-07-23 01:41:27,924 - BrightnessController.GUI.Status - DEBUG - show_working:82 - Working: Updating brightness...
2025-07-23 01:41:27,947 - BrightnessController.GUI.Status - DEBUG - show_working:82 - Working: Updating brightness...
2025-07-23 01:41:28,009 - BrightnessController.GUI.Status - DEBUG - show_working:82 - Working: Updating brightness...
2025-07-23 01:41:28,027 - BrightnessController.GUI.Status - DEBUG - show_working:82 - Working: Updating brightness...
2025-07-23 01:41:28,060 - BrightnessController.GUI.Status - DEBUG - show_working:82 - Working: Updating brightness...
2025-07-23 01:41:28,086 - BrightnessController.GUI.Status - DEBUG - show_working:82 - Working: Updating brightness...
2025-07-23 01:41:28,108 - BrightnessController.GUI.Status - DEBUG - show_working:82 - Working: Updating brightness...
2025-07-23 01:41:28,127 - BrightnessController.GUI.Status - DEBUG - show_working:82 - Working: Updating brightness...
2025-07-23 01:41:28,160 - BrightnessController.GUI.Status - DEBUG - show_working:82 - Working: Updating brightness...
2025-07-23 01:41:28,194 - BrightnessController.GUI.Status - DEBUG - show_working:82 - Working: Updating brightness...
2025-07-23 01:41:28,224 - BrightnessController.GUI.Status - DEBUG - show_working:82 - Working: Updating brightness...
2025-07-23 01:41:28,253 - BrightnessController.GUI.Status - DEBUG - show_working:82 - Working: Updating brightness...
2025-07-23 01:41:28,301 - BrightnessController.GUI.Status - DEBUG - show_working:82 - Working: Updating brightness...
2025-07-23 01:41:28,319 - BrightnessController.GUI.Status - DEBUG - show_working:82 - Working: Updating brightness...
2025-07-23 01:41:28,361 - BrightnessController.GUI.Status - DEBUG - show_working:82 - Working: Updating brightness...
2025-07-23 01:41:28,369 - BrightnessController.GUI.Status - DEBUG - show_working:82 - Working: Updating brightness...
2025-07-23 01:41:28,384 - BrightnessController.GUI.Status - DEBUG - show_working:82 - Working: Updating brightness...
2025-07-23 01:41:28,433 - BrightnessController.GUI.Status - DEBUG - show_working:82 - Working: Updating brightness...
2025-07-23 01:41:28,451 - BrightnessController.GUI.Status - DEBUG - show_working:82 - Working: Updating brightness...
2025-07-23 01:41:28,467 - BrightnessController.GUI.Status - DEBUG - show_working:82 - Working: Updating brightness...
2025-07-23 01:41:28,483 - BrightnessController.GUI.Status - DEBUG - show_working:82 - Working: Updating brightness...
2025-07-23 01:41:28,496 - BrightnessController.GUI.Status - DEBUG - show_working:82 - Working: Updating brightness...
2025-07-23 01:41:28,508 - BrightnessController.GUI.Status - DEBUG - show_working:82 - Working: Updating brightness...
2025-07-23 01:41:28,526 - BrightnessController.GUI.Status - DEBUG - show_working:82 - Working: Updating brightness...
2025-07-23 01:41:28,575 - BrightnessController.GUI.Status - DEBUG - show_working:82 - Working: Updating brightness...
2025-07-23 01:41:28,585 - BrightnessController.GUI.Status - DEBUG - show_working:82 - Working: Updating brightness...
2025-07-23 01:41:28,598 - BrightnessController.GUI.Status - DEBUG - show_working:82 - Working: Updating brightness...
2025-07-23 01:41:28,610 - BrightnessController.GUI.Status - DEBUG - show_working:82 - Working: Updating brightness...
2025-07-23 01:41:28,624 - BrightnessController.GUI.Status - DEBUG - show_working:82 - Working: Updating brightness...
2025-07-23 01:41:28,715 - BrightnessController.GUI.Status - DEBUG - show_working:82 - Working: Updating brightness...
2025-07-23 01:41:28,898 - BrightnessController.GUI.Status - DEBUG - show_working:82 - Working: Updating brightness...
2025-07-23 01:41:29,030 - BrightnessController.GUI.Status - DEBUG - show_working:82 - Working: Updating brightness...
2025-07-23 01:41:29,054 - BrightnessController.GUI.Status - DEBUG - show_working:82 - Working: Updating brightness...
2025-07-23 01:41:29,133 - BrightnessController.GUI.Status - DEBUG - show_working:82 - Working: Updating brightness...
2025-07-23 01:41:29,242 - BrightnessController.GUI.Status - DEBUG - show_working:82 - Working: Updating brightness...
2025-07-23 01:41:29,398 - BrightnessController.GUI.Status - DEBUG - show_working:82 - Working: Updating brightness...
2025-07-23 01:41:29,426 - BrightnessController.GUI.Status - DEBUG - show_working:82 - Working: Updating brightness...
2025-07-23 01:41:29,478 - BrightnessController.GUI.Status - DEBUG - show_working:82 - Working: Updating brightness...
2025-07-23 01:41:29,501 - BrightnessController.GUI.Status - DEBUG - show_working:82 - Working: Updating brightness...
2025-07-23 01:41:29,559 - BrightnessController.GUI.Status - DEBUG - show_working:82 - Working: Updating brightness...
2025-07-23 01:41:29,658 - BrightnessController.GUI.Status - DEBUG - show_working:82 - Working: Updating brightness...
2025-07-23 01:41:29,763 - BrightnessController.GUI.Status - DEBUG - show_working:82 - Working: Updating brightness...
2025-07-23 01:41:29,816 - BrightnessController.GUI.Status - DEBUG - show_working:82 - Working: Updating brightness...
2025-07-23 01:41:29,839 - BrightnessController.GUI.Status - DEBUG - show_working:82 - Working: Updating brightness...
2025-07-23 01:41:29,897 - BrightnessController.GUI.Status - DEBUG - show_working:82 - Working: Updating brightness...
2025-07-23 01:41:29,911 - BrightnessController.GUI.Status - DEBUG - show_working:82 - Working: Updating brightness...
2025-07-23 01:41:29,957 - BrightnessController.GUI.Status - DEBUG - show_working:82 - Working: Updating brightness...
2025-07-23 01:41:29,985 - BrightnessController.GUI.Status - DEBUG - show_working:82 - Working: Updating brightness...
2025-07-23 01:41:30,030 - BrightnessController.GUI.Status - DEBUG - show_working:82 - Working: Updating brightness...
2025-07-23 01:41:30,066 - BrightnessController.GUI.Status - DEBUG - show_working:82 - Working: Updating brightness...
2025-07-23 01:41:30,169 - BrightnessController.GUI.Status - DEBUG - show_working:82 - Working: Updating brightness...
2025-07-23 01:41:30,179 - BrightnessController.GUI.Status - DEBUG - show_working:82 - Working: Updating brightness...
2025-07-23 01:41:30,205 - BrightnessController.GUI.Status - DEBUG - show_working:82 - Working: Updating brightness...
2025-07-23 01:41:30,229 - BrightnessController.GUI.Status - DEBUG - show_working:82 - Working: Updating brightness...
2025-07-23 01:41:30,272 - BrightnessController.GUI.Status - DEBUG - show_working:82 - Working: Updating brightness...
2025-07-23 01:41:30,282 - BrightnessController.GUI.Status - DEBUG - show_working:82 - Working: Updating brightness...
2025-07-23 01:41:30,294 - BrightnessController.GUI.Status - DEBUG - show_working:82 - Working: Updating brightness...
2025-07-23 01:41:30,306 - BrightnessController.GUI.Status - DEBUG - show_working:82 - Working: Updating brightness...
2025-07-23 01:41:30,316 - BrightnessController.GUI.Status - DEBUG - show_working:82 - Working: Updating brightness...
2025-07-23 01:41:33,059 - BrightnessController.GUI.Status - DEBUG - show_working:82 - Working: Updating brightness...
2025-07-23 01:41:33,165 - BrightnessController.GUI.Status - DEBUG - show_working:82 - Working: Updating brightness...
2025-07-23 01:41:33,309 - BrightnessController.GUI.Status - DEBUG - show_working:82 - Working: Updating brightness...
2025-07-23 01:41:33,433 - BrightnessController.GUI.Status - WARNING - show_error:72 - Error: Failed to update brightness
2025-07-23 01:41:33,651 - BrightnessController.GUI.Status - WARNING - show_error:72 - Error: Failed to update brightness
2025-07-23 01:41:33,715 - BrightnessController.GUI.Status - WARNING - show_error:72 - Error: Failed to update brightness
2025-07-23 01:41:33,731 - BrightnessController.GUI.Status - WARNING - show_error:72 - Error: Failed to update brightness
2025-07-23 01:41:33,740 - BrightnessController.GUI.Status - WARNING - show_error:72 - Error: Failed to update brightness
2025-07-23 01:41:33,746 - BrightnessController.GUI.Status - WARNING - show_error:72 - Error: Failed to update brightness
2025-07-23 01:41:33,754 - BrightnessController.GUI.Status - WARNING - show_error:72 - Error: Failed to update brightness
2025-07-23 01:41:33,761 - BrightnessController.GUI.Status - WARNING - show_error:72 - Error: Failed to update brightness
2025-07-23 01:41:33,771 - BrightnessController.GUI.Status - WARNING - show_error:72 - Error: Failed to update brightness
2025-07-23 01:41:33,772 - BrightnessController.GUI.Status - WARNING - show_error:72 - Error: Failed to update brightness
2025-07-23 01:41:33,774 - BrightnessController.GUI.Status - WARNING - show_error:72 - Error: Failed to update brightness
2025-07-23 01:41:33,776 - BrightnessController.GUI.Status - WARNING - show_error:72 - Error: Failed to update brightness
2025-07-23 01:41:33,778 - BrightnessController.GUI.Status - WARNING - show_error:72 - Error: Failed to update brightness
2025-07-23 01:41:33,778 - BrightnessController.GUI.Status - WARNING - show_error:72 - Error: Failed to update brightness
2025-07-23 01:41:33,780 - BrightnessController.GUI.Status - WARNING - show_error:72 - Error: Failed to update brightness
2025-07-23 01:41:33,918 - BrightnessController.GUI.Status - WARNING - show_error:72 - Error: Failed to update brightness
2025-07-23 01:41:33,925 - BrightnessController.GUI.Status - WARNING - show_error:72 - Error: Failed to update brightness
2025-07-23 01:41:33,930 - BrightnessController.GUI.Status - WARNING - show_error:72 - Error: Failed to update brightness
2025-07-23 01:41:33,933 - BrightnessController.GUI.Status - WARNING - show_error:72 - Error: Failed to update brightness
2025-07-23 01:41:33,946 - BrightnessController.GUI.Status - WARNING - show_error:72 - Error: Failed to update brightness
2025-07-23 01:41:33,953 - BrightnessController.GUI.Status - WARNING - show_error:72 - Error: Failed to update brightness
2025-07-23 01:41:33,957 - BrightnessController.GUI.Status - WARNING - show_error:72 - Error: Failed to update brightness
2025-07-23 01:41:33,964 - BrightnessController.GUI.Status - WARNING - show_error:72 - Error: Failed to update brightness
2025-07-23 01:41:33,966 - BrightnessController.GUI.Status - WARNING - show_error:72 - Error: Failed to update brightness
2025-07-23 01:41:33,968 - BrightnessController.GUI.Status - WARNING - show_error:72 - Error: Failed to update brightness
2025-07-23 01:41:33,972 - BrightnessController.GUI.Status - WARNING - show_error:72 - Error: Failed to update brightness
2025-07-23 01:41:33,974 - BrightnessController.GUI.Status - WARNING - show_error:72 - Error: Failed to update brightness
2025-07-23 01:41:33,976 - BrightnessController.GUI.Status - WARNING - show_error:72 - Error: Failed to update brightness
2025-07-23 01:41:33,978 - BrightnessController.GUI.Status - WARNING - show_error:72 - Error: Failed to update brightness
2025-07-23 01:41:33,979 - BrightnessController.GUI.Status - WARNING - show_error:72 - Error: Failed to update brightness
2025-07-23 01:41:33,997 - BrightnessController.GUI.Status - WARNING - show_error:72 - Error: Failed to update brightness
2025-07-23 01:41:34,134 - BrightnessController.GUI.Status - WARNING - show_error:72 - Error: Failed to update brightness
2025-07-23 01:41:34,141 - BrightnessController.GUI.Status - WARNING - show_error:72 - Error: Failed to update brightness
2025-07-23 01:41:34,148 - BrightnessController.GUI.Status - WARNING - show_error:72 - Error: Failed to update brightness
2025-07-23 01:41:34,151 - BrightnessController.GUI.Status - WARNING - show_error:72 - Error: Failed to update brightness
2025-07-23 01:41:34,153 - BrightnessController.GUI.Status - WARNING - show_error:72 - Error: Failed to update brightness
2025-07-23 01:41:34,157 - BrightnessController.GUI.Status - WARNING - show_error:72 - Error: Failed to update brightness
2025-07-23 01:41:34,162 - BrightnessController.GUI.Status - WARNING - show_error:72 - Error: Failed to update brightness
2025-07-23 01:41:34,202 - BrightnessController.GUI.Status - WARNING - show_error:72 - Error: Failed to update brightness
2025-07-23 01:41:34,229 - BrightnessController.GUI.Status - WARNING - show_error:72 - Error: Failed to update brightness
2025-07-23 01:41:34,345 - BrightnessController.GUI.Status - WARNING - show_error:72 - Error: Failed to update brightness
2025-07-23 01:41:34,445 - BrightnessController.GUI.Status - WARNING - show_error:72 - Error: Failed to update brightness
2025-07-23 01:41:34,556 - BrightnessController.GUI.Status - WARNING - show_error:72 - Error: Failed to update brightness
2025-07-23 01:41:34,560 - BrightnessController.GUI.Status - WARNING - show_error:72 - Error: Failed to update brightness
2025-07-23 01:41:34,623 - BrightnessController.GUI.Status - WARNING - show_error:72 - Error: Failed to update brightness
2025-07-23 01:41:34,693 - BrightnessController.GUI.Status - WARNING - show_error:72 - Error: Failed to update brightness
2025-07-23 01:41:34,890 - BrightnessController.GUI.Status - WARNING - show_error:72 - Error: Failed to update brightness
2025-07-23 01:41:35,014 - BrightnessController.GUI.Status - WARNING - show_error:72 - Error: Failed to update brightness
2025-07-23 01:41:35,044 - BrightnessController.GUI.Status - WARNING - show_error:72 - Error: Failed to update brightness
2025-07-23 01:41:35,076 - BrightnessController.GUI.Status - WARNING - show_error:72 - Error: Failed to update brightness
2025-07-23 01:41:35,081 - BrightnessController.GUI.Status - WARNING - show_error:72 - Error: Failed to update brightness
2025-07-23 01:41:35,082 - BrightnessController.GUI.Status - WARNING - show_error:72 - Error: Failed to update brightness
2025-07-23 01:41:35,124 - BrightnessController.GUI.Status - WARNING - show_error:72 - Error: Failed to update brightness
2025-07-23 01:41:35,132 - BrightnessController.GUI.Status - WARNING - show_error:72 - Error: Failed to update brightness
2025-07-23 01:41:35,173 - BrightnessController.GUI.Status - WARNING - show_error:72 - Error: Failed to update brightness
2025-07-23 01:41:35,196 - BrightnessController.GUI.Status - WARNING - show_error:72 - Error: Failed to update brightness
2025-07-23 01:41:35,266 - BrightnessController.GUI.Status - WARNING - show_error:72 - Error: Failed to update brightness
2025-07-23 01:41:35,274 - BrightnessController.GUI.Status - WARNING - show_error:72 - Error: Failed to update brightness
2025-07-23 01:41:35,294 - BrightnessController.GUI.Status - WARNING - show_error:72 - Error: Failed to update brightness
2025-07-23 01:41:35,320 - BrightnessController.GUI.Status - WARNING - show_error:72 - Error: Failed to update brightness
2025-07-23 01:41:35,337 - BrightnessController.GUI.Status - WARNING - show_error:72 - Error: Failed to update brightness
2025-07-23 01:41:35,408 - BrightnessController.GUI.Status - WARNING - show_error:72 - Error: Failed to update brightness
2025-07-23 01:41:35,435 - BrightnessController.GUI.Status - WARNING - show_error:72 - Error: Failed to update brightness
2025-07-23 01:41:35,452 - BrightnessController.GUI.Status - WARNING - show_error:72 - Error: Failed to update brightness
2025-07-23 01:41:35,465 - BrightnessController.GUI.Status - WARNING - show_error:72 - Error: Failed to update brightness
2025-07-23 01:41:35,507 - BrightnessController.GUI.Status - WARNING - show_error:72 - Error: Failed to update brightness
2025-07-23 01:41:35,946 - BrightnessController.GUI.Status - INFO - show_success:67 - Success: Brightness updated
2025-07-23 01:41:36,008 - BrightnessController.GUI.Status - INFO - show_success:67 - Success: Brightness updated
2025-07-23 01:41:36,054 - BrightnessController.GUI.Status - INFO - show_success:67 - Success: Brightness updated
2025-07-23 01:41:37,839 - BrightnessController.GUI.Status - DEBUG - show_working:82 - Working: Updating brightness...
2025-07-23 01:41:37,858 - BrightnessController.GUI.Status - DEBUG - show_working:82 - Working: Updating brightness...
2025-07-23 01:41:37,875 - BrightnessController.GUI.Status - DEBUG - show_working:82 - Working: Updating brightness...
2025-07-23 01:41:37,893 - BrightnessController.GUI.Status - DEBUG - show_working:82 - Working: Updating brightness...
2025-07-23 01:41:37,911 - BrightnessController.GUI.Status - DEBUG - show_working:82 - Working: Updating brightness...
2025-07-23 01:41:37,929 - BrightnessController.GUI.Status - DEBUG - show_working:82 - Working: Updating brightness...
2025-07-23 01:41:37,947 - BrightnessController.GUI.Status - DEBUG - show_working:82 - Working: Updating brightness...
2025-07-23 01:41:37,964 - BrightnessController.GUI.Status - DEBUG - show_working:82 - Working: Updating brightness...
2025-07-23 01:41:37,979 - BrightnessController.GUI.Status - DEBUG - show_working:82 - Working: Updating brightness...
2025-07-23 01:41:37,998 - BrightnessController.GUI.Status - DEBUG - show_working:82 - Working: Updating brightness...
2025-07-23 01:41:39,873 - BrightnessController.GUI.Status - INFO - show_success:67 - Success: Brightness updated
2025-07-23 01:41:39,897 - BrightnessController.GUI.Status - INFO - show_success:67 - Success: Brightness updated
2025-07-23 01:41:39,926 - BrightnessController.GUI.Status - INFO - show_success:67 - Success: Brightness updated
2025-07-23 01:41:39,932 - BrightnessController.GUI.Status - INFO - show_success:67 - Success: Brightness updated
2025-07-23 01:41:39,966 - BrightnessController.GUI.Status - INFO - show_success:67 - Success: Brightness updated
2025-07-23 01:41:40,051 - BrightnessController.GUI.Status - INFO - show_success:67 - Success: Brightness updated
2025-07-23 01:41:40,072 - BrightnessController.GUI.Status - INFO - show_success:67 - Success: Brightness updated
2025-07-23 01:41:40,075 - BrightnessController.GUI.Status - INFO - show_success:67 - Success: Brightness updated
2025-07-23 01:41:40,077 - BrightnessController.GUI.Status - INFO - show_success:67 - Success: Brightness updated
2025-07-23 01:41:40,096 - BrightnessController.GUI.Status - INFO - show_success:67 - Success: Brightness updated
