2025-07-23 01:41:25,129 - BrightnessController.GUI - INFO - setup_component_logger:58 - Logger initialized for component: BrightnessController.GUI
2025-07-23 01:41:25,130 - BrightnessController.GUI - INFO - setup_component_logger:59 - Component log file: logs\BrightnessController.GUI_20250723_014121.log
2025-07-23 01:41:25,132 - BrightnessController.GUI - INFO - __init__:95 - Initializing BrightnessGUI
2025-07-23 01:41:25,132 - BrightnessController.GUI.Settings - INFO - setup_component_logger:58 - Logger initialized for component: BrightnessController.GUI.Settings
2025-07-23 01:41:25,135 - BrightnessController.GUI.Settings - INFO - setup_component_logger:59 - Component log file: logs\BrightnessController.GUI.Settings_20250723_014121.log
2025-07-23 01:41:25,138 - BrightnessController.GUI.Settings - DEBUG - __init__:25 - Settings file: C:\Users\EoCiLeng\.brightness_controller_settings.json
2025-07-23 01:41:25,157 - BrightnessController.GUI.Settings - INFO - load_settings:33 - Settings loaded: {'last_brightness': 25, 'last_display_index': 0, 'window_geometry': '450x350+156+156'}
2025-07-23 01:41:25,161 - BrightnessController.GUI - DEBUG - _setup_window:127 - Setting up main window
2025-07-23 01:41:25,280 - BrightnessController.GUI - DEBUG - _setup_window:144 - Main window setup complete
2025-07-23 01:41:25,280 - BrightnessController.GUI - DEBUG - _setup_gui:148 - Setting up GUI components
2025-07-23 01:41:25,294 - BrightnessController.GUI - DEBUG - _update_display_list:242 - Updating display list
2025-07-23 01:41:25,294 - BrightnessController.GUI - INFO - _update_display_list:248 - Display list updated: 2 displays
2025-07-23 01:41:25,294 - BrightnessController.GUI - DEBUG - _update_display_list:251 - Display 0: Laptop Display 1 (internal)
2025-07-23 01:41:25,294 - BrightnessController.GUI - DEBUG - _update_display_list:251 - Display 1: External Monitor 1 (external)
2025-07-23 01:41:25,334 - BrightnessController.GUI.Status - INFO - setup_component_logger:58 - Logger initialized for component: BrightnessController.GUI.Status
2025-07-23 01:41:25,334 - BrightnessController.GUI.Status - INFO - setup_component_logger:59 - Component log file: logs\BrightnessController.GUI.Status_20250723_014121.log
2025-07-23 01:41:25,339 - BrightnessController.GUI.Status - DEBUG - __init__:63 - Status display initialized
2025-07-23 01:41:25,362 - BrightnessController.GUI - DEBUG - _setup_gui:238 - GUI components setup complete
2025-07-23 01:41:25,362 - BrightnessController.GUI - DEBUG - _apply_settings:255 - Applying settings
2025-07-23 01:41:25,362 - BrightnessController.GUI - DEBUG - _apply_settings:262 - Settings applied
2025-07-23 01:41:25,370 - BrightnessController.GUI - DEBUG - _select_initial_display:266 - Selecting initial display
2025-07-23 01:41:25,371 - BrightnessController.GUI - DEBUG - _on_display_change:286 - Display selection changed
2025-07-23 01:41:25,372 - BrightnessController.GUI - INFO - _on_display_change:293 - Selected display: Laptop Display 1
2025-07-23 01:41:25,372 - BrightnessController.GUI.Status - INFO - show_info:77 - Info: Selected: Laptop Display 1
2025-07-23 01:41:25,375 - BrightnessController.GUI - DEBUG - _update_brightness_display:355 - Updating brightness display for Laptop Display 1
2025-07-23 01:41:25,376 - BrightnessController.GUI - INFO - _select_initial_display:282 - Initial display selected
2025-07-23 01:41:25,379 - BrightnessController.GUI - INFO - __init__:123 - BrightnessGUI initialization complete
2025-07-23 01:41:25,384 - BrightnessController.GUI - INFO - run:450 - Starting GUI main loop
2025-07-23 01:41:26,411 - BrightnessController.GUI - DEBUG - update_async:366 - Updated brightness display to 25
2025-07-23 01:41:26,411 - BrightnessController.GUI.Status - INFO - show_info:77 - Info: Current: 25%
2025-07-23 01:41:27,742 - BrightnessController.GUI - DEBUG - _on_brightness_change:312 - Brightness slider changed to: 23
2025-07-23 01:41:27,753 - BrightnessController.GUI.Status - DEBUG - show_working:82 - Working: Updating brightness...
2025-07-23 01:41:27,755 - BrightnessController.GUI - INFO - _update_brightness_async:327 - Updating brightness to 23 for display Laptop Display 1
2025-07-23 01:41:27,777 - BrightnessController.GUI - DEBUG - _on_brightness_change:312 - Brightness slider changed to: 22
2025-07-23 01:41:27,777 - BrightnessController.GUI.Status - DEBUG - show_working:82 - Working: Updating brightness...
2025-07-23 01:41:27,782 - BrightnessController.GUI - INFO - _update_brightness_async:327 - Updating brightness to 22 for display Laptop Display 1
2025-07-23 01:41:27,811 - BrightnessController.GUI - DEBUG - _on_brightness_change:312 - Brightness slider changed to: 22
2025-07-23 01:41:27,813 - BrightnessController.GUI.Status - DEBUG - show_working:82 - Working: Updating brightness...
2025-07-23 01:41:27,813 - BrightnessController.GUI - INFO - _update_brightness_async:327 - Updating brightness to 22 for display Laptop Display 1
2025-07-23 01:41:27,833 - BrightnessController.GUI - DEBUG - _on_brightness_change:312 - Brightness slider changed to: 21
2025-07-23 01:41:27,833 - BrightnessController.GUI.Status - DEBUG - show_working:82 - Working: Updating brightness...
2025-07-23 01:41:27,840 - BrightnessController.GUI - INFO - _update_brightness_async:327 - Updating brightness to 21 for display Laptop Display 1
2025-07-23 01:41:27,850 - BrightnessController.GUI - DEBUG - _on_brightness_change:312 - Brightness slider changed to: 21
2025-07-23 01:41:27,855 - BrightnessController.GUI.Status - DEBUG - show_working:82 - Working: Updating brightness...
2025-07-23 01:41:27,861 - BrightnessController.GUI - INFO - _update_brightness_async:327 - Updating brightness to 21 for display Laptop Display 1
2025-07-23 01:41:27,877 - BrightnessController.GUI - DEBUG - _on_brightness_change:312 - Brightness slider changed to: 21
2025-07-23 01:41:27,879 - BrightnessController.GUI.Status - DEBUG - show_working:82 - Working: Updating brightness...
2025-07-23 01:41:27,884 - BrightnessController.GUI - INFO - _update_brightness_async:327 - Updating brightness to 21 for display Laptop Display 1
2025-07-23 01:41:27,900 - BrightnessController.GUI - DEBUG - _on_brightness_change:312 - Brightness slider changed to: 20
2025-07-23 01:41:27,902 - BrightnessController.GUI.Status - DEBUG - show_working:82 - Working: Updating brightness...
2025-07-23 01:41:27,910 - BrightnessController.GUI - INFO - _update_brightness_async:327 - Updating brightness to 20 for display Laptop Display 1
2025-07-23 01:41:27,924 - BrightnessController.GUI - DEBUG - _on_brightness_change:312 - Brightness slider changed to: 20
2025-07-23 01:41:27,924 - BrightnessController.GUI.Status - DEBUG - show_working:82 - Working: Updating brightness...
2025-07-23 01:41:27,930 - BrightnessController.GUI - INFO - _update_brightness_async:327 - Updating brightness to 20 for display Laptop Display 1
2025-07-23 01:41:27,944 - BrightnessController.GUI - DEBUG - _on_brightness_change:312 - Brightness slider changed to: 20
2025-07-23 01:41:27,947 - BrightnessController.GUI.Status - DEBUG - show_working:82 - Working: Updating brightness...
2025-07-23 01:41:27,950 - BrightnessController.GUI - INFO - _update_brightness_async:327 - Updating brightness to 20 for display Laptop Display 1
2025-07-23 01:41:28,007 - BrightnessController.GUI - DEBUG - _on_brightness_change:312 - Brightness slider changed to: 19
2025-07-23 01:41:28,009 - BrightnessController.GUI.Status - DEBUG - show_working:82 - Working: Updating brightness...
2025-07-23 01:41:28,027 - BrightnessController.GUI - DEBUG - _on_brightness_change:312 - Brightness slider changed to: 19
2025-07-23 01:41:28,027 - BrightnessController.GUI.Status - DEBUG - show_working:82 - Working: Updating brightness...
2025-07-23 01:41:28,014 - BrightnessController.GUI - INFO - _update_brightness_async:327 - Updating brightness to 19 for display Laptop Display 1
2025-07-23 01:41:28,043 - BrightnessController.GUI - INFO - _update_brightness_async:327 - Updating brightness to 19 for display Laptop Display 1
2025-07-23 01:41:28,059 - BrightnessController.GUI - DEBUG - _on_brightness_change:312 - Brightness slider changed to: 19
2025-07-23 01:41:28,060 - BrightnessController.GUI.Status - DEBUG - show_working:82 - Working: Updating brightness...
2025-07-23 01:41:28,084 - BrightnessController.GUI - DEBUG - _on_brightness_change:312 - Brightness slider changed to: 18
2025-07-23 01:41:28,086 - BrightnessController.GUI.Status - DEBUG - show_working:82 - Working: Updating brightness...
2025-07-23 01:41:28,076 - BrightnessController.GUI - INFO - _update_brightness_async:327 - Updating brightness to 19 for display Laptop Display 1
2025-07-23 01:41:28,107 - BrightnessController.GUI - DEBUG - _on_brightness_change:312 - Brightness slider changed to: 18
2025-07-23 01:41:28,108 - BrightnessController.GUI.Status - DEBUG - show_working:82 - Working: Updating brightness...
2025-07-23 01:41:28,127 - BrightnessController.GUI - DEBUG - _on_brightness_change:312 - Brightness slider changed to: 17
2025-07-23 01:41:28,127 - BrightnessController.GUI.Status - DEBUG - show_working:82 - Working: Updating brightness...
2025-07-23 01:41:28,096 - BrightnessController.GUI - INFO - _update_brightness_async:327 - Updating brightness to 18 for display Laptop Display 1
2025-07-23 01:41:28,117 - BrightnessController.GUI - INFO - _update_brightness_async:327 - Updating brightness to 18 for display Laptop Display 1
2025-07-23 01:41:28,160 - BrightnessController.GUI - DEBUG - _on_brightness_change:312 - Brightness slider changed to: 17
2025-07-23 01:41:28,160 - BrightnessController.GUI.Status - DEBUG - show_working:82 - Working: Updating brightness...
2025-07-23 01:41:28,150 - BrightnessController.GUI - INFO - _update_brightness_async:327 - Updating brightness to 17 for display Laptop Display 1
2025-07-23 01:41:28,194 - BrightnessController.GUI - DEBUG - _on_brightness_change:312 - Brightness slider changed to: 16
2025-07-23 01:41:28,194 - BrightnessController.GUI.Status - DEBUG - show_working:82 - Working: Updating brightness...
2025-07-23 01:41:28,182 - BrightnessController.GUI - INFO - _update_brightness_async:327 - Updating brightness to 17 for display Laptop Display 1
2025-07-23 01:41:28,224 - BrightnessController.GUI - DEBUG - _on_brightness_change:312 - Brightness slider changed to: 16
2025-07-23 01:41:28,224 - BrightnessController.GUI.Status - DEBUG - show_working:82 - Working: Updating brightness...
2025-07-23 01:41:28,213 - BrightnessController.GUI - INFO - _update_brightness_async:327 - Updating brightness to 16 for display Laptop Display 1
2025-07-23 01:41:28,250 - BrightnessController.GUI - DEBUG - _on_brightness_change:312 - Brightness slider changed to: 16
2025-07-23 01:41:28,253 - BrightnessController.GUI.Status - DEBUG - show_working:82 - Working: Updating brightness...
2025-07-23 01:41:28,245 - BrightnessController.GUI - INFO - _update_brightness_async:327 - Updating brightness to 16 for display Laptop Display 1
2025-07-23 01:41:28,301 - BrightnessController.GUI - DEBUG - _on_brightness_change:312 - Brightness slider changed to: 15
2025-07-23 01:41:28,301 - BrightnessController.GUI.Status - DEBUG - show_working:82 - Working: Updating brightness...
2025-07-23 01:41:28,317 - BrightnessController.GUI - DEBUG - _on_brightness_change:312 - Brightness slider changed to: 15
2025-07-23 01:41:28,319 - BrightnessController.GUI.Status - DEBUG - show_working:82 - Working: Updating brightness...
2025-07-23 01:41:28,264 - BrightnessController.GUI - INFO - _update_brightness_async:327 - Updating brightness to 16 for display Laptop Display 1
2025-07-23 01:41:28,361 - BrightnessController.GUI - DEBUG - _on_brightness_change:312 - Brightness slider changed to: 14
2025-07-23 01:41:28,361 - BrightnessController.GUI.Status - DEBUG - show_working:82 - Working: Updating brightness...
2025-07-23 01:41:28,310 - BrightnessController.GUI - INFO - _update_brightness_async:327 - Updating brightness to 15 for display Laptop Display 1
2025-07-23 01:41:28,369 - BrightnessController.GUI - DEBUG - _on_brightness_change:312 - Brightness slider changed to: 14
2025-07-23 01:41:28,369 - BrightnessController.GUI.Status - DEBUG - show_working:82 - Working: Updating brightness...
2025-07-23 01:41:28,351 - BrightnessController.GUI - INFO - _update_brightness_async:327 - Updating brightness to 15 for display Laptop Display 1
2025-07-23 01:41:28,384 - BrightnessController.GUI - DEBUG - _on_brightness_change:312 - Brightness slider changed to: 14
2025-07-23 01:41:28,363 - BrightnessController.GUI - INFO - _update_brightness_async:327 - Updating brightness to 14 for display Laptop Display 1
2025-07-23 01:41:28,384 - BrightnessController.GUI.Status - DEBUG - show_working:82 - Working: Updating brightness...
2025-07-23 01:41:28,375 - BrightnessController.GUI - INFO - _update_brightness_async:327 - Updating brightness to 14 for display Laptop Display 1
2025-07-23 01:41:28,390 - BrightnessController.GUI - INFO - _update_brightness_async:327 - Updating brightness to 14 for display Laptop Display 1
2025-07-23 01:41:28,433 - BrightnessController.GUI - DEBUG - _on_brightness_change:312 - Brightness slider changed to: 13
2025-07-23 01:41:28,433 - BrightnessController.GUI.Status - DEBUG - show_working:82 - Working: Updating brightness...
2025-07-23 01:41:28,451 - BrightnessController.GUI - DEBUG - _on_brightness_change:312 - Brightness slider changed to: 13
2025-07-23 01:41:28,451 - BrightnessController.GUI.Status - DEBUG - show_working:82 - Working: Updating brightness...
2025-07-23 01:41:28,443 - BrightnessController.GUI - INFO - _update_brightness_async:327 - Updating brightness to 13 for display Laptop Display 1
2025-07-23 01:41:28,457 - BrightnessController.GUI - INFO - _update_brightness_async:327 - Updating brightness to 13 for display Laptop Display 1
2025-07-23 01:41:28,465 - BrightnessController.GUI - DEBUG - _on_brightness_change:312 - Brightness slider changed to: 13
2025-07-23 01:41:28,467 - BrightnessController.GUI.Status - DEBUG - show_working:82 - Working: Updating brightness...
2025-07-23 01:41:28,471 - BrightnessController.GUI - INFO - _update_brightness_async:327 - Updating brightness to 13 for display Laptop Display 1
2025-07-23 01:41:28,483 - BrightnessController.GUI - DEBUG - _on_brightness_change:312 - Brightness slider changed to: 12
2025-07-23 01:41:28,483 - BrightnessController.GUI.Status - DEBUG - show_working:82 - Working: Updating brightness...
2025-07-23 01:41:28,485 - BrightnessController.GUI - INFO - _update_brightness_async:327 - Updating brightness to 12 for display Laptop Display 1
2025-07-23 01:41:28,494 - BrightnessController.GUI - DEBUG - _on_brightness_change:312 - Brightness slider changed to: 12
2025-07-23 01:41:28,496 - BrightnessController.GUI.Status - DEBUG - show_working:82 - Working: Updating brightness...
2025-07-23 01:41:28,499 - BrightnessController.GUI - INFO - _update_brightness_async:327 - Updating brightness to 12 for display Laptop Display 1
2025-07-23 01:41:28,508 - BrightnessController.GUI - DEBUG - _on_brightness_change:312 - Brightness slider changed to: 12
2025-07-23 01:41:28,508 - BrightnessController.GUI.Status - DEBUG - show_working:82 - Working: Updating brightness...
2025-07-23 01:41:28,513 - BrightnessController.GUI - INFO - _update_brightness_async:327 - Updating brightness to 12 for display Laptop Display 1
2025-07-23 01:41:28,524 - BrightnessController.GUI - DEBUG - _on_brightness_change:312 - Brightness slider changed to: 11
2025-07-23 01:41:28,526 - BrightnessController.GUI.Status - DEBUG - show_working:82 - Working: Updating brightness...
2025-07-23 01:41:28,528 - BrightnessController.GUI - INFO - _update_brightness_async:327 - Updating brightness to 11 for display Laptop Display 1
2025-07-23 01:41:28,574 - BrightnessController.GUI - DEBUG - _on_brightness_change:312 - Brightness slider changed to: 11
2025-07-23 01:41:28,575 - BrightnessController.GUI.Status - DEBUG - show_working:82 - Working: Updating brightness...
2025-07-23 01:41:28,575 - BrightnessController.GUI - INFO - _update_brightness_async:327 - Updating brightness to 11 for display Laptop Display 1
2025-07-23 01:41:28,583 - BrightnessController.GUI - DEBUG - _on_brightness_change:312 - Brightness slider changed to: 11
2025-07-23 01:41:28,585 - BrightnessController.GUI.Status - DEBUG - show_working:82 - Working: Updating brightness...
2025-07-23 01:41:28,587 - BrightnessController.GUI - INFO - _update_brightness_async:327 - Updating brightness to 11 for display Laptop Display 1
2025-07-23 01:41:28,597 - BrightnessController.GUI - DEBUG - _on_brightness_change:312 - Brightness slider changed to: 11
2025-07-23 01:41:28,598 - BrightnessController.GUI.Status - DEBUG - show_working:82 - Working: Updating brightness...
2025-07-23 01:41:28,608 - BrightnessController.GUI - DEBUG - _on_brightness_change:312 - Brightness slider changed to: 11
2025-07-23 01:41:28,600 - BrightnessController.GUI - INFO - _update_brightness_async:327 - Updating brightness to 11 for display Laptop Display 1
2025-07-23 01:41:28,610 - BrightnessController.GUI.Status - DEBUG - show_working:82 - Working: Updating brightness...
2025-07-23 01:41:28,622 - BrightnessController.GUI - DEBUG - _on_brightness_change:312 - Brightness slider changed to: 10
2025-07-23 01:41:28,613 - BrightnessController.GUI - INFO - _update_brightness_async:327 - Updating brightness to 11 for display Laptop Display 1
2025-07-23 01:41:28,624 - BrightnessController.GUI.Status - DEBUG - show_working:82 - Working: Updating brightness...
2025-07-23 01:41:28,715 - BrightnessController.GUI - DEBUG - _on_brightness_change:312 - Brightness slider changed to: 9
2025-07-23 01:41:28,715 - BrightnessController.GUI.Status - DEBUG - show_working:82 - Working: Updating brightness...
2025-07-23 01:41:28,706 - BrightnessController.GUI - INFO - _update_brightness_async:327 - Updating brightness to 10 for display Laptop Display 1
2025-07-23 01:41:28,898 - BrightnessController.GUI - DEBUG - _on_brightness_change:312 - Brightness slider changed to: 8
2025-07-23 01:41:28,898 - BrightnessController.GUI.Status - DEBUG - show_working:82 - Working: Updating brightness...
2025-07-23 01:41:28,891 - BrightnessController.GUI - INFO - _update_brightness_async:327 - Updating brightness to 9 for display Laptop Display 1
2025-07-23 01:41:28,934 - BrightnessController.GUI - INFO - _update_brightness_async:327 - Updating brightness to 8 for display Laptop Display 1
2025-07-23 01:41:29,030 - BrightnessController.GUI - DEBUG - _on_brightness_change:312 - Brightness slider changed to: 8
2025-07-23 01:41:29,030 - BrightnessController.GUI.Status - DEBUG - show_working:82 - Working: Updating brightness...
2025-07-23 01:41:29,032 - BrightnessController.GUI - INFO - _update_brightness_async:327 - Updating brightness to 8 for display Laptop Display 1
2025-07-23 01:41:29,053 - BrightnessController.GUI - DEBUG - _on_brightness_change:312 - Brightness slider changed to: 8
2025-07-23 01:41:29,054 - BrightnessController.GUI.Status - DEBUG - show_working:82 - Working: Updating brightness...
2025-07-23 01:41:29,057 - BrightnessController.GUI - INFO - _update_brightness_async:327 - Updating brightness to 8 for display Laptop Display 1
2025-07-23 01:41:29,133 - BrightnessController.GUI - DEBUG - _on_brightness_change:312 - Brightness slider changed to: 7
2025-07-23 01:41:29,133 - BrightnessController.GUI.Status - DEBUG - show_working:82 - Working: Updating brightness...
2025-07-23 01:41:29,135 - BrightnessController.GUI - INFO - _update_brightness_async:327 - Updating brightness to 7 for display Laptop Display 1
2025-07-23 01:41:29,242 - BrightnessController.GUI - DEBUG - _on_brightness_change:312 - Brightness slider changed to: 7
2025-07-23 01:41:29,242 - BrightnessController.GUI.Status - DEBUG - show_working:82 - Working: Updating brightness...
2025-07-23 01:41:29,294 - BrightnessController.GUI - INFO - _update_brightness_async:327 - Updating brightness to 7 for display Laptop Display 1
2025-07-23 01:41:29,398 - BrightnessController.GUI - DEBUG - _on_brightness_change:312 - Brightness slider changed to: 7
2025-07-23 01:41:29,398 - BrightnessController.GUI.Status - DEBUG - show_working:82 - Working: Updating brightness...
2025-07-23 01:41:29,402 - BrightnessController.GUI - INFO - _update_brightness_async:327 - Updating brightness to 7 for display Laptop Display 1
2025-07-23 01:41:29,426 - BrightnessController.GUI - DEBUG - _on_brightness_change:312 - Brightness slider changed to: 7
2025-07-23 01:41:29,426 - BrightnessController.GUI.Status - DEBUG - show_working:82 - Working: Updating brightness...
2025-07-23 01:41:29,428 - BrightnessController.GUI - INFO - _update_brightness_async:327 - Updating brightness to 7 for display Laptop Display 1
2025-07-23 01:41:29,478 - BrightnessController.GUI - DEBUG - _on_brightness_change:312 - Brightness slider changed to: 6
2025-07-23 01:41:29,478 - BrightnessController.GUI.Status - DEBUG - show_working:82 - Working: Updating brightness...
2025-07-23 01:41:29,479 - BrightnessController.GUI - INFO - _update_brightness_async:327 - Updating brightness to 6 for display Laptop Display 1
2025-07-23 01:41:29,499 - BrightnessController.GUI - DEBUG - _on_brightness_change:312 - Brightness slider changed to: 6
2025-07-23 01:41:29,501 - BrightnessController.GUI.Status - DEBUG - show_working:82 - Working: Updating brightness...
2025-07-23 01:41:29,502 - BrightnessController.GUI - INFO - _update_brightness_async:327 - Updating brightness to 6 for display Laptop Display 1
2025-07-23 01:41:29,558 - BrightnessController.GUI - DEBUG - _on_brightness_change:312 - Brightness slider changed to: 6
2025-07-23 01:41:29,559 - BrightnessController.GUI.Status - DEBUG - show_working:82 - Working: Updating brightness...
2025-07-23 01:41:29,652 - BrightnessController.GUI - INFO - _update_brightness_async:327 - Updating brightness to 6 for display Laptop Display 1
2025-07-23 01:41:29,658 - BrightnessController.GUI - DEBUG - _on_brightness_change:312 - Brightness slider changed to: 5
2025-07-23 01:41:29,658 - BrightnessController.GUI.Status - DEBUG - show_working:82 - Working: Updating brightness...
2025-07-23 01:41:29,750 - BrightnessController.GUI - INFO - _update_brightness_async:327 - Updating brightness to 5 for display Laptop Display 1
2025-07-23 01:41:29,761 - BrightnessController.GUI - DEBUG - _on_brightness_change:312 - Brightness slider changed to: 5
2025-07-23 01:41:29,763 - BrightnessController.GUI.Status - DEBUG - show_working:82 - Working: Updating brightness...
2025-07-23 01:41:29,767 - BrightnessController.GUI - INFO - _update_brightness_async:327 - Updating brightness to 5 for display Laptop Display 1
2025-07-23 01:41:29,816 - BrightnessController.GUI - DEBUG - _on_brightness_change:312 - Brightness slider changed to: 5
2025-07-23 01:41:29,816 - BrightnessController.GUI.Status - DEBUG - show_working:82 - Working: Updating brightness...
2025-07-23 01:41:29,827 - BrightnessController.GUI - INFO - _update_brightness_async:327 - Updating brightness to 5 for display Laptop Display 1
2025-07-23 01:41:29,839 - BrightnessController.GUI - DEBUG - _on_brightness_change:312 - Brightness slider changed to: 4
2025-07-23 01:41:29,839 - BrightnessController.GUI.Status - DEBUG - show_working:82 - Working: Updating brightness...
2025-07-23 01:41:29,861 - BrightnessController.GUI - INFO - _update_brightness_async:327 - Updating brightness to 4 for display Laptop Display 1
2025-07-23 01:41:29,897 - BrightnessController.GUI - DEBUG - _on_brightness_change:312 - Brightness slider changed to: 4
2025-07-23 01:41:29,897 - BrightnessController.GUI.Status - DEBUG - show_working:82 - Working: Updating brightness...
2025-07-23 01:41:29,898 - BrightnessController.GUI - INFO - _update_brightness_async:327 - Updating brightness to 4 for display Laptop Display 1
2025-07-23 01:41:29,911 - BrightnessController.GUI - DEBUG - _on_brightness_change:312 - Brightness slider changed to: 4
2025-07-23 01:41:29,911 - BrightnessController.GUI.Status - DEBUG - show_working:82 - Working: Updating brightness...
2025-07-23 01:41:29,914 - BrightnessController.GUI - INFO - _update_brightness_async:327 - Updating brightness to 4 for display Laptop Display 1
2025-07-23 01:41:29,957 - BrightnessController.GUI - DEBUG - _on_brightness_change:312 - Brightness slider changed to: 3
2025-07-23 01:41:29,957 - BrightnessController.GUI.Status - DEBUG - show_working:82 - Working: Updating brightness...
2025-07-23 01:41:29,958 - BrightnessController.GUI - INFO - _update_brightness_async:327 - Updating brightness to 3 for display Laptop Display 1
2025-07-23 01:41:29,985 - BrightnessController.GUI - DEBUG - _on_brightness_change:312 - Brightness slider changed to: 3
2025-07-23 01:41:29,985 - BrightnessController.GUI.Status - DEBUG - show_working:82 - Working: Updating brightness...
2025-07-23 01:41:29,987 - BrightnessController.GUI - INFO - _update_brightness_async:327 - Updating brightness to 3 for display Laptop Display 1
2025-07-23 01:41:30,028 - BrightnessController.GUI - DEBUG - _on_brightness_change:312 - Brightness slider changed to: 3
2025-07-23 01:41:30,030 - BrightnessController.GUI.Status - DEBUG - show_working:82 - Working: Updating brightness...
2025-07-23 01:41:30,030 - BrightnessController.GUI - INFO - _update_brightness_async:327 - Updating brightness to 3 for display Laptop Display 1
2025-07-23 01:41:30,066 - BrightnessController.GUI - DEBUG - _on_brightness_change:312 - Brightness slider changed to: 3
2025-07-23 01:41:30,066 - BrightnessController.GUI.Status - DEBUG - show_working:82 - Working: Updating brightness...
2025-07-23 01:41:30,068 - BrightnessController.GUI - INFO - _update_brightness_async:327 - Updating brightness to 3 for display Laptop Display 1
2025-07-23 01:41:30,169 - BrightnessController.GUI - DEBUG - _on_brightness_change:312 - Brightness slider changed to: 2
2025-07-23 01:41:30,169 - BrightnessController.GUI.Status - DEBUG - show_working:82 - Working: Updating brightness...
2025-07-23 01:41:30,169 - BrightnessController.GUI - INFO - _update_brightness_async:327 - Updating brightness to 2 for display Laptop Display 1
2025-07-23 01:41:30,177 - BrightnessController.GUI - DEBUG - _on_brightness_change:312 - Brightness slider changed to: 2
2025-07-23 01:41:30,179 - BrightnessController.GUI.Status - DEBUG - show_working:82 - Working: Updating brightness...
2025-07-23 01:41:30,181 - BrightnessController.GUI - INFO - _update_brightness_async:327 - Updating brightness to 2 for display Laptop Display 1
2025-07-23 01:41:30,205 - BrightnessController.GUI - DEBUG - _on_brightness_change:312 - Brightness slider changed to: 2
2025-07-23 01:41:30,205 - BrightnessController.GUI.Status - DEBUG - show_working:82 - Working: Updating brightness...
2025-07-23 01:41:30,207 - BrightnessController.GUI - INFO - _update_brightness_async:327 - Updating brightness to 2 for display Laptop Display 1
2025-07-23 01:41:30,226 - BrightnessController.GUI - DEBUG - _on_brightness_change:312 - Brightness slider changed to: 1
2025-07-23 01:41:30,229 - BrightnessController.GUI.Status - DEBUG - show_working:82 - Working: Updating brightness...
2025-07-23 01:41:30,231 - BrightnessController.GUI - INFO - _update_brightness_async:327 - Updating brightness to 1 for display Laptop Display 1
2025-07-23 01:41:30,272 - BrightnessController.GUI - DEBUG - _on_brightness_change:312 - Brightness slider changed to: 1
2025-07-23 01:41:30,272 - BrightnessController.GUI.Status - DEBUG - show_working:82 - Working: Updating brightness...
2025-07-23 01:41:30,273 - BrightnessController.GUI - INFO - _update_brightness_async:327 - Updating brightness to 1 for display Laptop Display 1
2025-07-23 01:41:30,280 - BrightnessController.GUI - DEBUG - _on_brightness_change:312 - Brightness slider changed to: 1
2025-07-23 01:41:30,282 - BrightnessController.GUI.Status - DEBUG - show_working:82 - Working: Updating brightness...
2025-07-23 01:41:30,282 - BrightnessController.GUI - INFO - _update_brightness_async:327 - Updating brightness to 1 for display Laptop Display 1
2025-07-23 01:41:30,294 - BrightnessController.GUI - DEBUG - _on_brightness_change:312 - Brightness slider changed to: 1
2025-07-23 01:41:30,294 - BrightnessController.GUI.Status - DEBUG - show_working:82 - Working: Updating brightness...
2025-07-23 01:41:30,296 - BrightnessController.GUI - INFO - _update_brightness_async:327 - Updating brightness to 1 for display Laptop Display 1
2025-07-23 01:41:30,304 - BrightnessController.GUI - DEBUG - _on_brightness_change:312 - Brightness slider changed to: 0
2025-07-23 01:41:30,306 - BrightnessController.GUI.Status - DEBUG - show_working:82 - Working: Updating brightness...
2025-07-23 01:41:30,316 - BrightnessController.GUI - DEBUG - _on_brightness_change:312 - Brightness slider changed to: 0
2025-07-23 01:41:30,308 - BrightnessController.GUI - INFO - _update_brightness_async:327 - Updating brightness to 0 for display Laptop Display 1
2025-07-23 01:41:30,316 - BrightnessController.GUI.Status - DEBUG - show_working:82 - Working: Updating brightness...
2025-07-23 01:41:30,318 - BrightnessController.GUI - INFO - _update_brightness_async:327 - Updating brightness to 0 for display Laptop Display 1
2025-07-23 01:41:33,058 - BrightnessController.GUI - DEBUG - _on_brightness_change:312 - Brightness slider changed to: 0
2025-07-23 01:41:33,059 - BrightnessController.GUI.Status - DEBUG - show_working:82 - Working: Updating brightness...
2025-07-23 01:41:33,163 - BrightnessController.GUI - DEBUG - _on_brightness_change:312 - Brightness slider changed to: 0
2025-07-23 01:41:33,165 - BrightnessController.GUI.Status - DEBUG - show_working:82 - Working: Updating brightness...
2025-07-23 01:41:33,157 - BrightnessController.GUI - INFO - _update_brightness_async:327 - Updating brightness to 0 for display Laptop Display 1
2025-07-23 01:41:33,309 - BrightnessController.GUI - DEBUG - _on_brightness_change:312 - Brightness slider changed to: 0
2025-07-23 01:41:33,309 - BrightnessController.GUI.Status - DEBUG - show_working:82 - Working: Updating brightness...
2025-07-23 01:41:33,300 - BrightnessController.GUI - INFO - _update_brightness_async:327 - Updating brightness to 0 for display Laptop Display 1
2025-07-23 01:41:33,319 - BrightnessController.GUI - INFO - _update_brightness_async:327 - Updating brightness to 0 for display Laptop Display 1
2025-07-23 01:41:33,433 - BrightnessController.GUI.Status - WARNING - show_error:72 - Error: Failed to update brightness
2025-07-23 01:41:33,651 - BrightnessController.GUI.Status - WARNING - show_error:72 - Error: Failed to update brightness
2025-07-23 01:41:33,715 - BrightnessController.GUI.Status - WARNING - show_error:72 - Error: Failed to update brightness
2025-07-23 01:41:33,731 - BrightnessController.GUI.Status - WARNING - show_error:72 - Error: Failed to update brightness
2025-07-23 01:41:33,740 - BrightnessController.GUI.Status - WARNING - show_error:72 - Error: Failed to update brightness
2025-07-23 01:41:33,746 - BrightnessController.GUI.Status - WARNING - show_error:72 - Error: Failed to update brightness
2025-07-23 01:41:33,754 - BrightnessController.GUI.Status - WARNING - show_error:72 - Error: Failed to update brightness
2025-07-23 01:41:33,761 - BrightnessController.GUI.Status - WARNING - show_error:72 - Error: Failed to update brightness
2025-07-23 01:41:33,771 - BrightnessController.GUI.Status - WARNING - show_error:72 - Error: Failed to update brightness
2025-07-23 01:41:33,772 - BrightnessController.GUI.Status - WARNING - show_error:72 - Error: Failed to update brightness
2025-07-23 01:41:33,774 - BrightnessController.GUI.Status - WARNING - show_error:72 - Error: Failed to update brightness
2025-07-23 01:41:33,776 - BrightnessController.GUI.Status - WARNING - show_error:72 - Error: Failed to update brightness
2025-07-23 01:41:33,778 - BrightnessController.GUI.Status - WARNING - show_error:72 - Error: Failed to update brightness
2025-07-23 01:41:33,778 - BrightnessController.GUI.Status - WARNING - show_error:72 - Error: Failed to update brightness
2025-07-23 01:41:33,780 - BrightnessController.GUI.Status - WARNING - show_error:72 - Error: Failed to update brightness
2025-07-23 01:41:33,918 - BrightnessController.GUI.Status - WARNING - show_error:72 - Error: Failed to update brightness
2025-07-23 01:41:33,925 - BrightnessController.GUI.Status - WARNING - show_error:72 - Error: Failed to update brightness
2025-07-23 01:41:33,930 - BrightnessController.GUI.Status - WARNING - show_error:72 - Error: Failed to update brightness
2025-07-23 01:41:33,933 - BrightnessController.GUI.Status - WARNING - show_error:72 - Error: Failed to update brightness
2025-07-23 01:41:33,946 - BrightnessController.GUI.Status - WARNING - show_error:72 - Error: Failed to update brightness
2025-07-23 01:41:33,953 - BrightnessController.GUI.Status - WARNING - show_error:72 - Error: Failed to update brightness
2025-07-23 01:41:33,957 - BrightnessController.GUI.Status - WARNING - show_error:72 - Error: Failed to update brightness
2025-07-23 01:41:33,964 - BrightnessController.GUI.Status - WARNING - show_error:72 - Error: Failed to update brightness
2025-07-23 01:41:33,966 - BrightnessController.GUI.Status - WARNING - show_error:72 - Error: Failed to update brightness
2025-07-23 01:41:33,968 - BrightnessController.GUI.Status - WARNING - show_error:72 - Error: Failed to update brightness
2025-07-23 01:41:33,972 - BrightnessController.GUI.Status - WARNING - show_error:72 - Error: Failed to update brightness
2025-07-23 01:41:33,974 - BrightnessController.GUI.Status - WARNING - show_error:72 - Error: Failed to update brightness
2025-07-23 01:41:33,976 - BrightnessController.GUI.Status - WARNING - show_error:72 - Error: Failed to update brightness
2025-07-23 01:41:33,978 - BrightnessController.GUI.Status - WARNING - show_error:72 - Error: Failed to update brightness
2025-07-23 01:41:33,979 - BrightnessController.GUI.Status - WARNING - show_error:72 - Error: Failed to update brightness
2025-07-23 01:41:33,997 - BrightnessController.GUI.Status - WARNING - show_error:72 - Error: Failed to update brightness
2025-07-23 01:41:34,134 - BrightnessController.GUI.Status - WARNING - show_error:72 - Error: Failed to update brightness
2025-07-23 01:41:34,141 - BrightnessController.GUI.Status - WARNING - show_error:72 - Error: Failed to update brightness
2025-07-23 01:41:34,148 - BrightnessController.GUI.Status - WARNING - show_error:72 - Error: Failed to update brightness
2025-07-23 01:41:34,151 - BrightnessController.GUI.Status - WARNING - show_error:72 - Error: Failed to update brightness
2025-07-23 01:41:34,153 - BrightnessController.GUI.Status - WARNING - show_error:72 - Error: Failed to update brightness
2025-07-23 01:41:34,157 - BrightnessController.GUI.Status - WARNING - show_error:72 - Error: Failed to update brightness
2025-07-23 01:41:34,162 - BrightnessController.GUI.Status - WARNING - show_error:72 - Error: Failed to update brightness
2025-07-23 01:41:34,202 - BrightnessController.GUI.Status - WARNING - show_error:72 - Error: Failed to update brightness
2025-07-23 01:41:34,229 - BrightnessController.GUI.Status - WARNING - show_error:72 - Error: Failed to update brightness
2025-07-23 01:41:34,345 - BrightnessController.GUI.Status - WARNING - show_error:72 - Error: Failed to update brightness
2025-07-23 01:41:34,445 - BrightnessController.GUI.Status - WARNING - show_error:72 - Error: Failed to update brightness
2025-07-23 01:41:34,556 - BrightnessController.GUI.Status - WARNING - show_error:72 - Error: Failed to update brightness
2025-07-23 01:41:34,560 - BrightnessController.GUI.Status - WARNING - show_error:72 - Error: Failed to update brightness
2025-07-23 01:41:34,623 - BrightnessController.GUI.Status - WARNING - show_error:72 - Error: Failed to update brightness
2025-07-23 01:41:34,693 - BrightnessController.GUI.Status - WARNING - show_error:72 - Error: Failed to update brightness
2025-07-23 01:41:34,890 - BrightnessController.GUI.Status - WARNING - show_error:72 - Error: Failed to update brightness
2025-07-23 01:41:35,014 - BrightnessController.GUI.Status - WARNING - show_error:72 - Error: Failed to update brightness
2025-07-23 01:41:35,044 - BrightnessController.GUI.Status - WARNING - show_error:72 - Error: Failed to update brightness
2025-07-23 01:41:35,076 - BrightnessController.GUI.Status - WARNING - show_error:72 - Error: Failed to update brightness
2025-07-23 01:41:35,081 - BrightnessController.GUI.Status - WARNING - show_error:72 - Error: Failed to update brightness
2025-07-23 01:41:35,082 - BrightnessController.GUI.Status - WARNING - show_error:72 - Error: Failed to update brightness
2025-07-23 01:41:35,124 - BrightnessController.GUI.Status - WARNING - show_error:72 - Error: Failed to update brightness
2025-07-23 01:41:35,132 - BrightnessController.GUI.Status - WARNING - show_error:72 - Error: Failed to update brightness
2025-07-23 01:41:35,173 - BrightnessController.GUI.Status - WARNING - show_error:72 - Error: Failed to update brightness
2025-07-23 01:41:35,196 - BrightnessController.GUI.Status - WARNING - show_error:72 - Error: Failed to update brightness
2025-07-23 01:41:35,266 - BrightnessController.GUI.Status - WARNING - show_error:72 - Error: Failed to update brightness
2025-07-23 01:41:35,274 - BrightnessController.GUI.Status - WARNING - show_error:72 - Error: Failed to update brightness
2025-07-23 01:41:35,294 - BrightnessController.GUI.Status - WARNING - show_error:72 - Error: Failed to update brightness
2025-07-23 01:41:35,320 - BrightnessController.GUI.Status - WARNING - show_error:72 - Error: Failed to update brightness
2025-07-23 01:41:35,337 - BrightnessController.GUI.Status - WARNING - show_error:72 - Error: Failed to update brightness
2025-07-23 01:41:35,408 - BrightnessController.GUI.Status - WARNING - show_error:72 - Error: Failed to update brightness
2025-07-23 01:41:35,435 - BrightnessController.GUI.Status - WARNING - show_error:72 - Error: Failed to update brightness
2025-07-23 01:41:35,452 - BrightnessController.GUI.Status - WARNING - show_error:72 - Error: Failed to update brightness
2025-07-23 01:41:35,465 - BrightnessController.GUI.Status - WARNING - show_error:72 - Error: Failed to update brightness
2025-07-23 01:41:35,507 - BrightnessController.GUI.Status - WARNING - show_error:72 - Error: Failed to update brightness
2025-07-23 01:41:35,946 - BrightnessController.GUI.Status - INFO - show_success:67 - Success: Brightness updated
2025-07-23 01:41:36,008 - BrightnessController.GUI.Status - INFO - show_success:67 - Success: Brightness updated
2025-07-23 01:41:36,054 - BrightnessController.GUI.Status - INFO - show_success:67 - Success: Brightness updated
2025-07-23 01:41:37,839 - BrightnessController.GUI - DEBUG - _on_brightness_change:312 - Brightness slider changed to: 0
2025-07-23 01:41:37,839 - BrightnessController.GUI.Status - DEBUG - show_working:82 - Working: Updating brightness...
2025-07-23 01:41:37,841 - BrightnessController.GUI - INFO - _update_brightness_async:327 - Updating brightness to 0 for display Laptop Display 1
2025-07-23 01:41:37,856 - BrightnessController.GUI - DEBUG - _on_brightness_change:312 - Brightness slider changed to: 0
2025-07-23 01:41:37,858 - BrightnessController.GUI.Status - DEBUG - show_working:82 - Working: Updating brightness...
2025-07-23 01:41:37,858 - BrightnessController.GUI - INFO - _update_brightness_async:327 - Updating brightness to 0 for display Laptop Display 1
2025-07-23 01:41:37,875 - BrightnessController.GUI - DEBUG - _on_brightness_change:312 - Brightness slider changed to: 0
2025-07-23 01:41:37,875 - BrightnessController.GUI.Status - DEBUG - show_working:82 - Working: Updating brightness...
2025-07-23 01:41:37,877 - BrightnessController.GUI - INFO - _update_brightness_async:327 - Updating brightness to 0 for display Laptop Display 1
2025-07-23 01:41:37,891 - BrightnessController.GUI - DEBUG - _on_brightness_change:312 - Brightness slider changed to: 0
2025-07-23 01:41:37,893 - BrightnessController.GUI.Status - DEBUG - show_working:82 - Working: Updating brightness...
2025-07-23 01:41:37,896 - BrightnessController.GUI - INFO - _update_brightness_async:327 - Updating brightness to 0 for display Laptop Display 1
2025-07-23 01:41:37,911 - BrightnessController.GUI - DEBUG - _on_brightness_change:312 - Brightness slider changed to: 0
2025-07-23 01:41:37,911 - BrightnessController.GUI.Status - DEBUG - show_working:82 - Working: Updating brightness...
2025-07-23 01:41:37,914 - BrightnessController.GUI - INFO - _update_brightness_async:327 - Updating brightness to 0 for display Laptop Display 1
2025-07-23 01:41:37,929 - BrightnessController.GUI - DEBUG - _on_brightness_change:312 - Brightness slider changed to: 0
2025-07-23 01:41:37,929 - BrightnessController.GUI.Status - DEBUG - show_working:82 - Working: Updating brightness...
2025-07-23 01:41:37,932 - BrightnessController.GUI - INFO - _update_brightness_async:327 - Updating brightness to 0 for display Laptop Display 1
2025-07-23 01:41:37,944 - BrightnessController.GUI - DEBUG - _on_brightness_change:312 - Brightness slider changed to: 0
2025-07-23 01:41:37,947 - BrightnessController.GUI.Status - DEBUG - show_working:82 - Working: Updating brightness...
2025-07-23 01:41:37,949 - BrightnessController.GUI - INFO - _update_brightness_async:327 - Updating brightness to 0 for display Laptop Display 1
2025-07-23 01:41:37,963 - BrightnessController.GUI - DEBUG - _on_brightness_change:312 - Brightness slider changed to: 0
2025-07-23 01:41:37,964 - BrightnessController.GUI.Status - DEBUG - show_working:82 - Working: Updating brightness...
2025-07-23 01:41:37,966 - BrightnessController.GUI - INFO - _update_brightness_async:327 - Updating brightness to 0 for display Laptop Display 1
2025-07-23 01:41:37,979 - BrightnessController.GUI - DEBUG - _on_brightness_change:312 - Brightness slider changed to: 0
2025-07-23 01:41:37,979 - BrightnessController.GUI.Status - DEBUG - show_working:82 - Working: Updating brightness...
2025-07-23 01:41:37,983 - BrightnessController.GUI - INFO - _update_brightness_async:327 - Updating brightness to 0 for display Laptop Display 1
2025-07-23 01:41:37,998 - BrightnessController.GUI - DEBUG - _on_brightness_change:312 - Brightness slider changed to: 0
2025-07-23 01:41:37,998 - BrightnessController.GUI.Status - DEBUG - show_working:82 - Working: Updating brightness...
2025-07-23 01:41:38,001 - BrightnessController.GUI - INFO - _update_brightness_async:327 - Updating brightness to 0 for display Laptop Display 1
2025-07-23 01:41:39,873 - BrightnessController.GUI.Status - INFO - show_success:67 - Success: Brightness updated
2025-07-23 01:41:39,897 - BrightnessController.GUI.Status - INFO - show_success:67 - Success: Brightness updated
2025-07-23 01:41:39,926 - BrightnessController.GUI.Status - INFO - show_success:67 - Success: Brightness updated
2025-07-23 01:41:39,932 - BrightnessController.GUI.Status - INFO - show_success:67 - Success: Brightness updated
2025-07-23 01:41:39,966 - BrightnessController.GUI.Status - INFO - show_success:67 - Success: Brightness updated
2025-07-23 01:41:40,051 - BrightnessController.GUI.Status - INFO - show_success:67 - Success: Brightness updated
2025-07-23 01:41:40,072 - BrightnessController.GUI.Status - INFO - show_success:67 - Success: Brightness updated
2025-07-23 01:41:40,075 - BrightnessController.GUI.Status - INFO - show_success:67 - Success: Brightness updated
2025-07-23 01:41:40,077 - BrightnessController.GUI.Status - INFO - show_success:67 - Success: Brightness updated
2025-07-23 01:41:40,096 - BrightnessController.GUI.Status - INFO - show_success:67 - Success: Brightness updated
2025-07-23 01:41:42,115 - BrightnessController.GUI - INFO - _on_closing:444 - Application closing
2025-07-23 01:41:42,115 - BrightnessController.GUI.Settings - INFO - save_settings:52 - Settings saved: {'last_brightness': 0, 'last_display_index': 0, 'window_geometry': '450x350+156+156'}
2025-07-23 01:41:42,219 - BrightnessController.GUI - INFO - run:461 - GUI main loop ended
