2025-07-23 01:39:55,898 - BrightnessController.BrightnessController.WMI - INFO - setup_component_logger:58 - Logger initialized for component: BrightnessController.BrightnessController.WMI
2025-07-23 01:39:55,898 - BrightnessController.BrightnessController.WMI - INFO - setup_component_logger:59 - Component log file: logs\BrightnessController.BrightnessController.WMI_20250723_013950.log
2025-07-23 01:39:55,904 - BrightnessController.BrightnessController.WMI - INFO - __init__:19 - WMI Brightness Controller initialized
2025-07-23 01:39:56,221 - BrightnessController.BrightnessController.WMI - DEBUG - get_brightness:23 - Getting WMI brightness for display: Laptop Display 1
2025-07-23 01:39:56,227 - BrightnessController.BrightnessController.WMI - DEBUG - get_brightness:39 - Executing PowerShell command: powershell -Command Get-WmiObject -Namespace root/WMI -Class WmiMonitorBrightness | Select-Object CurrentBrightness
2025-07-23 01:39:57,265 - BrightnessController.BrightnessController.WMI - DEBUG - get_brightness:42 - Get brightness return code: 0
2025-07-23 01:39:57,265 - BrightnessController.BrightnessController.WMI - DEBUG - get_brightness:43 - Get brightness stdout: 
CurrentBrightness
-----------------
                0



2025-07-23 01:39:57,265 - BrightnessController.BrightnessController.WMI - DEBUG - get_brightness:44 - Get brightness stderr: 
2025-07-23 01:39:57,265 - BrightnessController.BrightnessController.WMI - DEBUG - get_brightness:48 - Processing 3 output lines
2025-07-23 01:39:57,265 - BrightnessController.BrightnessController.WMI - DEBUG - get_brightness:51 - Line 0: 'CurrentBrightness'
2025-07-23 01:39:57,265 - BrightnessController.BrightnessController.WMI - DEBUG - get_brightness:51 - Line 1: '-----------------'
2025-07-23 01:39:57,268 - BrightnessController.BrightnessController.WMI - DEBUG - get_brightness:51 - Line 2: '0'
2025-07-23 01:39:57,268 - BrightnessController.BrightnessController.WMI - INFO - get_brightness:57 - Current WMI brightness: 0
2025-07-23 01:40:05,107 - BrightnessController.BrightnessController.WMI - INFO - set_brightness:84 - Setting WMI brightness to 25 for display: Laptop Display 1
2025-07-23 01:40:05,115 - BrightnessController.BrightnessController.WMI - DEBUG - set_brightness:104 - Executing PowerShell command: powershell -Command (Get-WmiObject -Namespace root/WMI -Class WmiMonitorBrightnessMethods).WmiSetBrightness(1,25)
2025-07-23 01:40:05,767 - BrightnessController.BrightnessController.WMI - DEBUG - set_brightness:107 - Set brightness return code: 0
2025-07-23 01:40:05,767 - BrightnessController.BrightnessController.WMI - DEBUG - set_brightness:108 - Set brightness stdout: 
2025-07-23 01:40:05,767 - BrightnessController.BrightnessController.WMI - DEBUG - set_brightness:109 - Set brightness stderr: 
2025-07-23 01:40:05,767 - BrightnessController.BrightnessController.WMI - INFO - set_brightness:112 - WMI set brightness to 25: SUCCESS
2025-07-23 01:40:07,697 - BrightnessController.BrightnessController.WMI - INFO - set_brightness:84 - Setting WMI brightness to 50 for display: Laptop Display 1
2025-07-23 01:40:07,714 - BrightnessController.BrightnessController.WMI - DEBUG - set_brightness:104 - Executing PowerShell command: powershell -Command (Get-WmiObject -Namespace root/WMI -Class WmiMonitorBrightnessMethods).WmiSetBrightness(1,50)
2025-07-23 01:40:08,487 - BrightnessController.BrightnessController.WMI - DEBUG - set_brightness:107 - Set brightness return code: 0
2025-07-23 01:40:08,490 - BrightnessController.BrightnessController.WMI - DEBUG - set_brightness:108 - Set brightness stdout: 
2025-07-23 01:40:08,490 - BrightnessController.BrightnessController.WMI - DEBUG - set_brightness:109 - Set brightness stderr: 
2025-07-23 01:40:08,490 - BrightnessController.BrightnessController.WMI - INFO - set_brightness:112 - WMI set brightness to 50: SUCCESS
2025-07-23 01:40:10,016 - BrightnessController.BrightnessController.WMI - INFO - set_brightness:84 - Setting WMI brightness to 75 for display: Laptop Display 1
2025-07-23 01:40:10,025 - BrightnessController.BrightnessController.WMI - DEBUG - set_brightness:104 - Executing PowerShell command: powershell -Command (Get-WmiObject -Namespace root/WMI -Class WmiMonitorBrightnessMethods).WmiSetBrightness(1,75)
2025-07-23 01:40:10,739 - BrightnessController.BrightnessController.WMI - DEBUG - set_brightness:107 - Set brightness return code: 0
2025-07-23 01:40:10,740 - BrightnessController.BrightnessController.WMI - DEBUG - set_brightness:108 - Set brightness stdout: 
2025-07-23 01:40:10,740 - BrightnessController.BrightnessController.WMI - DEBUG - set_brightness:109 - Set brightness stderr: 
2025-07-23 01:40:10,741 - BrightnessController.BrightnessController.WMI - INFO - set_brightness:112 - WMI set brightness to 75: SUCCESS
2025-07-23 01:40:11,777 - BrightnessController.BrightnessController.WMI - INFO - set_brightness:84 - Setting WMI brightness to 100 for display: Laptop Display 1
2025-07-23 01:40:11,786 - BrightnessController.BrightnessController.WMI - DEBUG - set_brightness:104 - Executing PowerShell command: powershell -Command (Get-WmiObject -Namespace root/WMI -Class WmiMonitorBrightnessMethods).WmiSetBrightness(1,100)
2025-07-23 01:40:12,490 - BrightnessController.BrightnessController.WMI - DEBUG - set_brightness:107 - Set brightness return code: 0
2025-07-23 01:40:12,490 - BrightnessController.BrightnessController.WMI - DEBUG - set_brightness:108 - Set brightness stdout: 
2025-07-23 01:40:12,490 - BrightnessController.BrightnessController.WMI - DEBUG - set_brightness:109 - Set brightness stderr: 
2025-07-23 01:40:12,490 - BrightnessController.BrightnessController.WMI - INFO - set_brightness:112 - WMI set brightness to 100: SUCCESS
2025-07-23 01:40:13,991 - BrightnessController.BrightnessController.WMI - INFO - set_brightness:84 - Setting WMI brightness to 25 for display: Laptop Display 1
2025-07-23 01:40:14,000 - BrightnessController.BrightnessController.WMI - DEBUG - set_brightness:104 - Executing PowerShell command: powershell -Command (Get-WmiObject -Namespace root/WMI -Class WmiMonitorBrightnessMethods).WmiSetBrightness(1,25)
2025-07-23 01:40:14,636 - BrightnessController.BrightnessController.WMI - DEBUG - set_brightness:107 - Set brightness return code: 0
2025-07-23 01:40:14,636 - BrightnessController.BrightnessController.WMI - DEBUG - set_brightness:108 - Set brightness stdout: 
2025-07-23 01:40:14,638 - BrightnessController.BrightnessController.WMI - DEBUG - set_brightness:109 - Set brightness stderr: 
2025-07-23 01:40:14,638 - BrightnessController.BrightnessController.WMI - INFO - set_brightness:112 - WMI set brightness to 25: SUCCESS
2025-07-23 01:40:20,270 - BrightnessController.BrightnessController.WMI - DEBUG - get_brightness:23 - Getting WMI brightness for display: Laptop Display 1
2025-07-23 01:40:20,274 - BrightnessController.BrightnessController.WMI - DEBUG - get_brightness:39 - Executing PowerShell command: powershell -Command Get-WmiObject -Namespace root/WMI -Class WmiMonitorBrightness | Select-Object CurrentBrightness
2025-07-23 01:40:20,889 - BrightnessController.BrightnessController.WMI - DEBUG - get_brightness:42 - Get brightness return code: 0
2025-07-23 01:40:20,889 - BrightnessController.BrightnessController.WMI - DEBUG - get_brightness:43 - Get brightness stdout: 
CurrentBrightness
-----------------
               25



2025-07-23 01:40:20,890 - BrightnessController.BrightnessController.WMI - DEBUG - get_brightness:44 - Get brightness stderr: 
2025-07-23 01:40:20,890 - BrightnessController.BrightnessController.WMI - DEBUG - get_brightness:48 - Processing 3 output lines
2025-07-23 01:40:20,890 - BrightnessController.BrightnessController.WMI - DEBUG - get_brightness:51 - Line 0: 'CurrentBrightness'
2025-07-23 01:40:20,890 - BrightnessController.BrightnessController.WMI - DEBUG - get_brightness:51 - Line 1: '-----------------'
2025-07-23 01:40:20,890 - BrightnessController.BrightnessController.WMI - DEBUG - get_brightness:51 - Line 2: '25'
2025-07-23 01:40:20,890 - BrightnessController.BrightnessController.WMI - INFO - get_brightness:57 - Current WMI brightness: 25
